

Microchip Technology PIC LITE Macro Assembler V1.41 build -162212810 
                                                                                               Fri Aug 09 15:36:16 2019

Microchip Technology Omniscient Code Generator v1.41 (Free mode) build 201701250102
     1                           	processor	16F690
     2                           	opt	pw 120
     3                           	opt	lm
     4                           	psect	cinit,global,class=CODE,merge=1,delta=2
     5                           	psect	cstackCOMMON,global,class=COMMON,space=1,delta=1
     6                           	psect	maintext,global,class=CODE,split=1,delta=2
     7                           	dabs	1,0x7E,2
     8  0000                     
     9                           ; Version 1.41
    10                           ; Generated 25/01/2017 GMT
    11                           ; 
    12                           ; Copyright © 2017, Microchip Technology Inc. and its subsidiaries ("Microchip")
    13                           ; All rights reserved.
    14                           ; 
    15                           ; This software is developed by Microchip Technology Inc. and its subsidiaries ("Microch
      +                          ip").
    16                           ; 
    17                           ; Redistribution and use in source and binary forms, with or without modification, are
    18                           ; permitted provided that the following conditions are met:
    19                           ; 
    20                           ;     1. Redistributions of source code must retain the above copyright notice, this lis
      +                          t of
    21                           ;        conditions and the following disclaimer.
    22                           ; 
    23                           ;     2. Redistributions in binary form must reproduce the above copyright notice, this 
      +                          list
    24                           ;        of conditions and the following disclaimer in the documentation and/or other
    25                           ;        materials provided with the distribution.
    26                           ; 
    27                           ;     3. Microchip's name may not be used to endorse or promote products derived from th
      +                          is
    28                           ;        software without specific prior written permission.
    29                           ; 
    30                           ; THIS SOFTWARE IS PROVIDED BY MICROCHIP "AS IS" AND ANY EXPRESS OR IMPLIED WARRANTIES,
    31                           ; INCLUDING, BUT NOT LIMITED TO, THE IMPLIED WARRANTIES OF MERCHANTABILITY AND FITNESS F
      +                          OR
    32                           ; PURPOSE ARE DISCLAIMED.  IN NO EVENT SHALL MICROCHIP BE LIABLE FOR ANY DIRECT, INDIREC
      +                          T,
    33                           ; INCIDENTAL, SPECIAL, EXEMPLARY, OR CONSEQUENTIAL DAMAGES (INCLUDING BUT NOT LIMITED TO
    34                           ; PROCUREMENT OF SUBSTITUTE GOODS OR SERVICES; LOSS OF USE, DATA OR PROFITS; OR BUSINESS
    35                           ; INTERRUPTION) HOWSOEVER CAUSED AND ON ANY THEORY OF LIABILITY, WHETHER IN CONTRACT, ST
      +                          RICT
    36                           ; LIABILITY, OR TORT (INCLUDING NEGLIGENCE OR OTHERWISE) ARISING IN ANY WAY OUT OF THE U
      +                          SE OF
    37                           ; THIS SOFTWARE, EVEN IF ADVISED OF THE POSSIBILITY OF SUCH DAMAGE.
    38                           ; 
    39                           ; 
    40                           ; Code-generator required, PIC16F690 Definitions
    41                           ; 
    42                           ; SFR Addresses
    43  0000                     	;# 
    44  0001                     	;# 
    45  0002                     	;# 
    46  0003                     	;# 
    47  0004                     	;# 
    48  0005                     	;# 
    49  0006                     	;# 
    50  0007                     	;# 
    51  000A                     	;# 
    52  000B                     	;# 
    53  000C                     	;# 
    54  000D                     	;# 
    55  000E                     	;# 
    56  000E                     	;# 
    57  000F                     	;# 
    58  0010                     	;# 
    59  0011                     	;# 
    60  0012                     	;# 
    61  0013                     	;# 
    62  0014                     	;# 
    63  0015                     	;# 
    64  0015                     	;# 
    65  0016                     	;# 
    66  0017                     	;# 
    67  0018                     	;# 
    68  0019                     	;# 
    69  001A                     	;# 
    70  001C                     	;# 
    71  001D                     	;# 
    72  001E                     	;# 
    73  001F                     	;# 
    74  0081                     	;# 
    75  0085                     	;# 
    76  0086                     	;# 
    77  0087                     	;# 
    78  008C                     	;# 
    79  008D                     	;# 
    80  008E                     	;# 
    81  008F                     	;# 
    82  0090                     	;# 
    83  0092                     	;# 
    84  0093                     	;# 
    85  0093                     	;# 
    86  0093                     	;# 
    87  0094                     	;# 
    88  0095                     	;# 
    89  0095                     	;# 
    90  0096                     	;# 
    91  0096                     	;# 
    92  0097                     	;# 
    93  0098                     	;# 
    94  0099                     	;# 
    95  009A                     	;# 
    96  009B                     	;# 
    97  009E                     	;# 
    98  009F                     	;# 
    99  010C                     	;# 
   100  010C                     	;# 
   101  010D                     	;# 
   102  010E                     	;# 
   103  010F                     	;# 
   104  0115                     	;# 
   105  0116                     	;# 
   106  0118                     	;# 
   107  0119                     	;# 
   108  011A                     	;# 
   109  011B                     	;# 
   110  011E                     	;# 
   111  011F                     	;# 
   112  018C                     	;# 
   113  018D                     	;# 
   114  019D                     	;# 
   115  019E                     	;# 
   116  0035                     _RB5	set	53
   117  0086                     _TRISB	set	134
   118                           
   119                           	psect	cinit
   120  07FD                     start_initialization:	
   121                           ; #config settings
   122                           
   123  07FD                     __initialization:	
   124  07FD                     end_of_initialization:	
   125                           ;End of C runtime variable initialization code
   126                           
   127  07FD                     __end_of__initialization:	
   128  07FD  0183               	clrf	3
   129  07FE  118A  2FBC         	ljmp	_main	;jump to C main() function
   130                           
   131                           	psect	cstackCOMMON
   132  0070                     __pcstackCOMMON:	
   133  0070                     ?_main:	
   134  0070                     ??_main:	
   135                           ; 1 bytes @ 0x0
   136                           
   137  0070                     main@i:	
   138                           ; 1 bytes @ 0x0
   139                           
   140                           
   141                           ; 2 bytes @ 0x0
   142  0070                     	ds	2
   143                           
   144                           	psect	maintext
   145  07BC                     __pmaintext:	
   146 ;;
   147 ;;Main: autosize = 0, tempsize = 0, incstack = 0, save=0
   148 ;;
   149 ;; *************** function _main *****************
   150 ;; Defined at:
   151 ;;		line 12 in file "newmain2.c"
   152 ;; Parameters:    Size  Location     Type
   153 ;;		None
   154 ;; Auto vars:     Size  Location     Type
   155 ;;  i               2    0[COMMON] int 
   156 ;; Return value:  Size  Location     Type
   157 ;;                  1    wreg      void 
   158 ;; Registers used:
   159 ;;		wreg, status,2, btemp+1
   160 ;; Tracked objects:
   161 ;;		On entry : B00/0
   162 ;;		On exit  : 0/0
   163 ;;		Unchanged: 0/0
   164 ;; Data sizes:     COMMON   BANK0   BANK1   BANK2
   165 ;;      Params:         0       0       0       0
   166 ;;      Locals:         2       0       0       0
   167 ;;      Temps:          0       0       0       0
   168 ;;      Totals:         2       0       0       0
   169 ;;Total ram usage:        2 bytes
   170 ;; This function calls:
   171 ;;		Nothing
   172 ;; This function is called by:
   173 ;;		Startup code after reset
   174 ;; This function uses a non-reentrant model
   175 ;;
   176                           
   177                           
   178                           ;psect for function _main
   179  07BC                     _main:	
   180                           
   181                           ;newmain2.c: 13: TRISB = 0;
   182                           
   183                           ;incstack = 0
   184                           ; Regs used in _main: [wreg+status,2+btemp+1]
   185  07BC  1683               	bsf	3,5	;RP0=1, select bank1
   186  07BD  1303               	bcf	3,6	;RP1=0, select bank1
   187  07BE  0186               	clrf	6	;volatile
   188                           
   189                           ;newmain2.c: 14: int i = 0;
   190  07BF  01F0               	clrf	main@i
   191  07C0  01F1               	clrf	main@i+1
   192  07C1                     l476:	
   193                           ;newmain2.c: 15: while(1)
   194                           
   195                           
   196                           ;newmain2.c: 16: {
   197                           ;newmain2.c: 17: RB5 = 1;
   198  07C1  1283               	bcf	3,5	;RP0=0, select bank0
   199  07C2  1303               	bcf	3,6	;RP1=0, select bank0
   200  07C3  1686               	bsf	6,5	;volatile
   201                           
   202                           ;newmain2.c: 18: for(i = 1; i< 6000; i++);
   203  07C4  3001               	movlw	1
   204  07C5  00F0               	movwf	main@i
   205  07C6  3000               	movlw	0
   206  07C7  00F1               	movwf	main@i+1
   207  07C8  0871               	movf	main@i+1,w
   208  07C9  3A80               	xorlw	128
   209  07CA  00FF               	movwf	127
   210  07CB  3097               	movlw	151
   211  07CC  027F               	subwf	127,w
   212  07CD  1D03               	skipz
   213  07CE  2FD1               	goto	u15
   214  07CF  3070               	movlw	112
   215  07D0  0270               	subwf	main@i,w
   216  07D1                     u15:	
   217  07D1  1803               	btfsc	3,0
   218  07D2  2FE4               	goto	l9
   219  07D3                     l484:	
   220  07D3  3001               	movlw	1
   221  07D4  07F0               	addwf	main@i,f
   222  07D5  1803               	skipnc
   223  07D6  0AF1               	incf	main@i+1,f
   224  07D7  3000               	movlw	0
   225  07D8  07F1               	addwf	main@i+1,f
   226  07D9  0871               	movf	main@i+1,w
   227  07DA  3A80               	xorlw	128
   228  07DB  00FF               	movwf	127
   229  07DC  3097               	movlw	151
   230  07DD  027F               	subwf	127,w
   231  07DE  1D03               	skipz
   232  07DF  2FE2               	goto	u25
   233  07E0  3070               	movlw	112
   234  07E1  0270               	subwf	main@i,w
   235  07E2                     u25:	
   236  07E2  1C03               	skipc
   237  07E3  2FD3               	goto	l484
   238  07E4                     l9:	
   239                           
   240                           ;newmain2.c: 19: RB5 = 0;
   241  07E4  1283               	bcf	3,5	;RP0=0, select bank0
   242  07E5  1303               	bcf	3,6	;RP1=0, select bank0
   243  07E6  1286               	bcf	6,5	;volatile
   244                           
   245                           ;newmain2.c: 20: for(i = 1; i< 6000; i++);
   246  07E7  3001               	movlw	1
   247  07E8  00F0               	movwf	main@i
   248  07E9  3000               	movlw	0
   249  07EA  00F1               	movwf	main@i+1
   250  07EB                     L1:	
   251  07EB  0871               	movf	main@i+1,w
   252  07EC  3A80               	xorlw	128
   253  07ED  00FF               	movwf	127
   254  07EE  3097               	movlw	151
   255  07EF  027F               	subwf	127,w
   256  07F0  1D03               	skipz
   257  07F1  2FF4               	goto	u35
   258  07F2  3070               	movlw	112
   259  07F3  0270               	subwf	main@i,w
   260  07F4                     u35:	
   261  07F4  1803               	btfsc	3,0
   262  07F5  2FC1               	goto	l476
   263  07F6  3001               	movlw	1
   264  07F7  07F0               	addwf	main@i,f
   265  07F8  1803               	skipnc
   266  07F9  0AF1               	incf	main@i+1,f
   267  07FA  3000               	movlw	0
   268  07FB  07F1               	addwf	main@i+1,f
   269  07FC  2FEB               	goto	L1
   270  07FD                     __end_of_main:	
   271                           ;newmain2.c: 21: }
   272                           ;newmain2.c: 22: return;
   273                           
   274  007E                     btemp	set	126	;btemp
   275  007E                     wtemp0	set	126


Data Sizes:
    Strings     0
    Constant    0
    Data        0
    BSS         0
    Persistent  0
    Stack       0

Auto Spaces:
    Space          Size  Autos    Used
    COMMON           14      2       2
    BANK0            80      0       0
    BANK1            80      0       0
    BANK2            80      0       0

Pointer List with Targets:

    None.

Critical Paths under _main in COMMON

    None.

Critical Paths under _main in BANK0

    None.

Critical Paths under _main in BANK1

    None.

Critical Paths under _main in BANK2

    None.

Call Graph Tables:

 ---------------------------------------------------------------------------------
 (Depth) Function   	        Calls       Base Space   Used Autos Params    Refs
 ---------------------------------------------------------------------------------
 (0) _main                                                 2     2      0      60
                                              0 COMMON     2     2      0
 ---------------------------------------------------------------------------------
 Estimated maximum stack depth 0
 ---------------------------------------------------------------------------------

 Call Graph Graphs:

 _main (ROOT)

 Address spaces:
Name               Size   Autos  Total    Cost      Usage
BITCOMMON            E      0       0       0        0.0%
EEDATA             100      0       0       0        0.0%
NULL                 0      0       0       0        0.0%
CODE                 0      0       0       0        0.0%
COMMON               E      2       2       1       14.3%
BITSFR0              0      0       0       1        0.0%
SFR0                 0      0       0       1        0.0%
BITSFR1              0      0       0       2        0.0%
SFR1                 0      0       0       2        0.0%
STACK                0      0       0       2        0.0%
BANK0               50      0       0       3        0.0%
BITBANK1            50      0       0       4        0.0%
BITSFR3              0      0       0       4        0.0%
SFR3                 0      0       0       4        0.0%
BANK1               50      0       0       5        0.0%
BITSFR2              0      0       0       5        0.0%
SFR2                 0      0       0       5        0.0%
BITBANK2            50      0       0       6        0.0%
BANK2               50      0       0       7        0.0%
ABS                  0      0       0       8        0.0%
BITBANK0            50      0       0       9        0.0%
DATA                 0      0       0      10        0.0%


Microchip Technology PIC Macro Assembler V1.41 build -162212810 
Symbol Table                                                                                   Fri Aug 09 15:36:16 2019

                      l9 07E4                       u15 07D1                       u25 07E2  
                     u35 07F4                      l484 07D3                      l476 07C1  
                    _RB5 0035                     _main 07BC                     btemp 007E  
                   start 0000                    ?_main 0070                    _TRISB 0086  
                  main@i 0070                    status 0003                    wtemp0 007E  
        __initialization 07FD             __end_of_main 07FD                   ??_main 0070  
__end_of__initialization 07FD           __pcstackCOMMON 0070               __pmaintext 07BC  
   end_of_initialization 07FD      start_initialization 07FD                ___latbits 0001  
          __size_of_main 0041  
