

Microchip MPLAB XC8 Assembler V2.10 build 88905656 
                                                                                               Tue Nov 05 18:13:44 2019

Microchip MPLAB XC8 C Compiler v2.10 (Free license) build 20190730164152 Og1 
     1                           	processor	18F46K22
     2                           	fnconf	rparam,??,?,0
     3                           	opt	pw 120
     4                           	opt	flic
     5                           	psect	cinit,global,reloc=2,class=CODE,delta=1
     6                           	psect	cstackCOMRAM,global,class=COMRAM,space=1,delta=1,noexec
     7                           	psect	text0,global,reloc=2,class=CODE,delta=1
     8                           	psect	intsave_regs,global,class=BIGRAM,space=1,delta=1,noexec
     9                           	psect	rparam,global,class=COMRAM,space=1,delta=1,noexec
    10  0000                     
    11                           ; Version 2.10
    12                           ; Generated 31/07/2019 GMT
    13                           ; 
    14                           ; Copyright © 2019, Microchip Technology Inc. and its subsidiaries ("Microchip")
    15                           ; All rights reserved.
    16                           ; 
    17                           ; This software is developed by Microchip Technology Inc. and its subsidiaries ("Microch
      +                          ip").
    18                           ; 
    19                           ; Redistribution and use in source and binary forms, with or without modification, are
    20                           ; permitted provided that the following conditions are met:
    21                           ; 
    22                           ;     1. Redistributions of source code must retain the above copyright notice, this lis
      +                          t of
    23                           ;        conditions and the following disclaimer.
    24                           ; 
    25                           ;     2. Redistributions in binary form must reproduce the above copyright notice, this 
      +                          list
    26                           ;        of conditions and the following disclaimer in the documentation and/or other
    27                           ;        materials provided with the distribution.
    28                           ; 
    29                           ;     3. Microchip's name may not be used to endorse or promote products derived from th
      +                          is
    30                           ;        software without specific prior written permission.
    31                           ; 
    32                           ; THIS SOFTWARE IS PROVIDED BY MICROCHIP "AS IS" AND ANY EXPRESS OR IMPLIED WARRANTIES,
    33                           ; INCLUDING, BUT NOT LIMITED TO, THE IMPLIED WARRANTIES OF MERCHANTABILITY AND FITNESS F
      +                          OR
    34                           ; PURPOSE ARE DISCLAIMED.  IN NO EVENT SHALL MICROCHIP BE LIABLE FOR ANY DIRECT, INDIREC
      +                          T,
    35                           ; INCIDENTAL, SPECIAL, EXEMPLARY, OR CONSEQUENTIAL DAMAGES (INCLUDING BUT NOT LIMITED TO
    36                           ; PROCUREMENT OF SUBSTITUTE GOODS OR SERVICES; LOSS OF USE, DATA OR PROFITS; OR BUSINESS
    37                           ; INTERRUPTION) HOWSOEVER CAUSED AND ON ANY THEORY OF LIABILITY, WHETHER IN CONTRACT, ST
      +                          RICT
    38                           ; LIABILITY, OR TORT (INCLUDING NEGLIGENCE OR OTHERWISE) ARISING IN ANY WAY OUT OF THE U
      +                          SE OF
    39                           ; THIS SOFTWARE, EVEN IF ADVISED OF THE POSSIBILITY OF SUCH DAMAGE.
    40                           ; 
    41                           ; 
    42                           ; Code-generator required, PIC18F46K22 Definitions
    43                           ; 
    44                           ; SFR Addresses
    45  0000                     _ANSELB	set	3897
    46  0000                     _LATBbits	set	3978
    47  0000                     _TRISB	set	3987
    48                           
    49                           ; #config settings
    50  0000                     
    51                           	psect	cinit
    52  00FF64                     __pcinit:
    53                           	opt callstack 0
    54  00FF64                     start_initialization:
    55                           	opt callstack 0
    56  00FF64                     __initialization:
    57                           	opt callstack 0
    58  00FF64                     end_of_initialization:
    59                           	opt callstack 0
    60  00FF64                     __end_of__initialization:
    61                           	opt callstack 0
    62  00FF64  0100               	movlb	0
    63  00FF66  EFB5  F07F         	goto	_main	;jump to C main() function
    64                           
    65                           	psect	cstackCOMRAM
    66  000001                     __pcstackCOMRAM:
    67                           	opt callstack 0
    68  000001                     ??_main:
    69                           
    70                           ; 1 bytes @ 0x0
    71  000001                     	ds	2
    72                           
    73 ;;
    74 ;;Main: autosize = 0, tempsize = 2, incstack = 0, save=0
    75 ;;
    76 ;; *************** function _main *****************
    77 ;; Defined at:
    78 ;;		line 20 in file "newmain.c"
    79 ;; Parameters:    Size  Location     Type
    80 ;;		None
    81 ;; Auto vars:     Size  Location     Type
    82 ;;		None
    83 ;; Return value:  Size  Location     Type
    84 ;;                  1    wreg      void 
    85 ;; Registers used:
    86 ;;		wreg, status,2, status,0
    87 ;; Tracked objects:
    88 ;;		On entry : 0/0
    89 ;;		On exit  : 0/0
    90 ;;		Unchanged: 0/0
    91 ;; Data sizes:     COMRAM   BANK0   BANK1   BANK2   BANK3   BANK4   BANK5   BANK6   BANK7   BANK8   BANK9  BANK10  BANK1
      +1  BANK12  BANK13  BANK14  BANK15
    92 ;;      Params:         0       0       0       0       0       0       0       0       0       0       0       0       
      +0       0       0       0       0
    93 ;;      Locals:         0       0       0       0       0       0       0       0       0       0       0       0       
      +0       0       0       0       0
    94 ;;      Temps:          2       0       0       0       0       0       0       0       0       0       0       0       
      +0       0       0       0       0
    95 ;;      Totals:         2       0       0       0       0       0       0       0       0       0       0       0       
      +0       0       0       0       0
    96 ;;Total ram usage:        2 bytes
    97 ;; This function calls:
    98 ;;		Nothing
    99 ;; This function is called by:
   100 ;;		Startup code after reset
   101 ;; This function uses a non-reentrant model
   102 ;;
   103                           
   104                           	psect	text0
   105  00FF6A                     __ptext0:
   106                           	opt callstack 0
   107  00FF6A                     _main:
   108                           	opt callstack 31
   109  00FF6A                     
   110                           ;newmain.c: 22:    ANSELB = 0x00;
   111  00FF6A  0E00               	movlw	0
   112  00FF6C  010F               	movlb	15	; () banked
   113  00FF6E  6F39               	movwf	57,b	;volatile
   114                           
   115                           ;newmain.c: 23:    TRISB=0;
   116  00FF70  0E00               	movlw	0
   117  00FF72  6E93               	movwf	147,c	;volatile
   118  00FF74                     
   119                           ; BSR set to: 15
   120                           ;newmain.c: 24:    LATBbits.LATB0=0;
   121  00FF74  908A               	bcf	138,0,c	;volatile
   122  00FF76                     
   123                           ; BSR set to: 15
   124                           ;newmain.c: 25:    LATBbits.LATB1=0;
   125  00FF76  928A               	bcf	138,1,c	;volatile
   126  00FF78                     
   127                           ; BSR set to: 15
   128                           ;newmain.c: 26:    LATBbits.LATB2=0;
   129  00FF78  948A               	bcf	138,2,c	;volatile
   130  00FF7A                     l700:
   131                           
   132                           ;newmain.c: 28:    {;newmain.c: 29:    LATBbits.LATB0=~LATBbits.LATB0;
   133  00FF7A  B08A               	btfsc	138,0,c	;volatile
   134  00FF7C  EFC2  F07F         	goto	u11
   135  00FF80  EFC5  F07F         	goto	u10
   136  00FF84                     u11:
   137  00FF84  0E01               	movlw	1
   138  00FF86  EFC6  F07F         	goto	u16
   139  00FF8A                     u10:
   140  00FF8A  0E00               	movlw	0
   141  00FF8C                     u16:
   142  00FF8C  0AFF               	xorlw	255
   143  00FF8E  6E01               	movwf	??_main^0,c
   144  00FF90  508A               	movf	138,w,c	;volatile
   145  00FF92  1801               	xorwf	??_main^0,w,c
   146  00FF94  0BFE               	andlw	-2
   147  00FF96  1801               	xorwf	??_main^0,w,c
   148  00FF98  6E8A               	movwf	138,c	;volatile
   149  00FF9A                     
   150                           ;newmain.c: 30:    LATBbits.LATB1=~LATBbits.LATB1;
   151  00FF9A  B28A               	btfsc	138,1,c	;volatile
   152  00FF9C  EFD2  F07F         	goto	u21
   153  00FFA0  EFD5  F07F         	goto	u20
   154  00FFA4                     u21:
   155  00FFA4  0E01               	movlw	1
   156  00FFA6  EFD6  F07F         	goto	u26
   157  00FFAA                     u20:
   158  00FFAA  0E00               	movlw	0
   159  00FFAC                     u26:
   160  00FFAC  0AFF               	xorlw	255
   161  00FFAE  6E01               	movwf	??_main^0,c
   162  00FFB0  4601               	rlncf	??_main^0,f,c
   163  00FFB2  508A               	movf	138,w,c	;volatile
   164  00FFB4  1801               	xorwf	??_main^0,w,c
   165  00FFB6  0BFD               	andlw	-3
   166  00FFB8  1801               	xorwf	??_main^0,w,c
   167  00FFBA  6E8A               	movwf	138,c	;volatile
   168  00FFBC                     
   169                           ;newmain.c: 31:    LATBbits.LATB2=~LATBbits.LATB2;
   170  00FFBC  B48A               	btfsc	138,2,c	;volatile
   171  00FFBE  EFE3  F07F         	goto	u31
   172  00FFC2  EFE6  F07F         	goto	u30
   173  00FFC6                     u31:
   174  00FFC6  0E01               	movlw	1
   175  00FFC8  EFE7  F07F         	goto	u36
   176  00FFCC                     u30:
   177  00FFCC  0E00               	movlw	0
   178  00FFCE                     u36:
   179  00FFCE  0AFF               	xorlw	255
   180  00FFD0  6E01               	movwf	??_main^0,c
   181  00FFD2  4601               	rlncf	??_main^0,f,c
   182  00FFD4  4601               	rlncf	??_main^0,f,c
   183  00FFD6  508A               	movf	138,w,c	;volatile
   184  00FFD8  1801               	xorwf	??_main^0,w,c
   185  00FFDA  0BFB               	andlw	-5
   186  00FFDC  1801               	xorwf	??_main^0,w,c
   187  00FFDE  6E8A               	movwf	138,c	;volatile
   188  00FFE0                     
   189                           ;newmain.c: 32:    _delay((unsigned long)((1000)*(16000000/4000.0)));
   190  00FFE0  0E15               	movlw	21
   191  00FFE2  6E02               	movwf	(??_main+1)^0,c
   192  00FFE4  0E4B               	movlw	75
   193  00FFE6  6E01               	movwf	??_main^0,c
   194  00FFE8  0EBE               	movlw	190
   195  00FFEA                     u47:
   196  00FFEA  2EE8               	decfsz	wreg,f,c
   197  00FFEC  D7FE               	bra	u47
   198  00FFEE  2E01               	decfsz	??_main^0,f,c
   199  00FFF0  D7FC               	bra	u47
   200  00FFF2  2E02               	decfsz	(??_main+1)^0,f,c
   201  00FFF4  D7FA               	bra	u47
   202  00FFF6  D000               	nop2	
   203  00FFF8  EFBD  F07F         	goto	l700
   204  00FFFC  EF00  F000         	goto	start
   205  010000                     __end_of_main:
   206                           	opt callstack 0
   207  0000                     
   208                           	psect	rparam
   209  0000                     tosu	equ	0xFFF
   210                           tosh	equ	0xFFE
   211                           tosl	equ	0xFFD
   212                           stkptr	equ	0xFFC
   213                           pclatu	equ	0xFFB
   214                           pclath	equ	0xFFA
   215                           pcl	equ	0xFF9
   216                           tblptru	equ	0xFF8
   217                           tblptrh	equ	0xFF7
   218                           tblptrl	equ	0xFF6
   219                           tablat	equ	0xFF5
   220                           prodh	equ	0xFF4
   221                           prodl	equ	0xFF3
   222                           indf0	equ	0xFEF
   223                           postinc0	equ	0xFEE
   224                           postdec0	equ	0xFED
   225                           preinc0	equ	0xFEC
   226                           plusw0	equ	0xFEB
   227                           fsr0h	equ	0xFEA
   228                           fsr0l	equ	0xFE9
   229                           wreg	equ	0xFE8
   230                           indf1	equ	0xFE7
   231                           postinc1	equ	0xFE6
   232                           postdec1	equ	0xFE5
   233                           preinc1	equ	0xFE4
   234                           plusw1	equ	0xFE3
   235                           fsr1h	equ	0xFE2
   236                           fsr1l	equ	0xFE1
   237                           bsr	equ	0xFE0
   238                           indf2	equ	0xFDF
   239                           postinc2	equ	0xFDE
   240                           postdec2	equ	0xFDD
   241                           preinc2	equ	0xFDC
   242                           plusw2	equ	0xFDB
   243                           fsr2h	equ	0xFDA
   244                           fsr2l	equ	0xFD9
   245                           status	equ	0xFD8


Data Sizes:
    Strings     0
    Constant    0
    Data        0
    BSS         0
    Persistent  0
    Stack       0

Auto Spaces:
    Space          Size  Autos    Used
    COMRAM           95      2       2
    BANK0           160      0       0
    BANK1           256      0       0
    BANK2           256      0       0
    BANK3           256      0       0
    BANK4           256      0       0
    BANK5           256      0       0
    BANK6           256      0       0
    BANK7           256      0       0
    BANK8           256      0       0
    BANK9           256      0       0
    BANK10          256      0       0
    BANK11          256      0       0
    BANK12          256      0       0
    BANK13          256      0       0
    BANK14          256      0       0
    BANK15           56      0       0

Pointer List with Targets:

    None.

Critical Paths under _main in COMRAM

    None.

Critical Paths under _main in BANK0

    None.

Critical Paths under _main in BANK1

    None.

Critical Paths under _main in BANK2

    None.

Critical Paths under _main in BANK3

    None.

Critical Paths under _main in BANK4

    None.

Critical Paths under _main in BANK5

    None.

Critical Paths under _main in BANK6

    None.

Critical Paths under _main in BANK7

    None.

Critical Paths under _main in BANK8

    None.

Critical Paths under _main in BANK9

    None.

Critical Paths under _main in BANK10

    None.

Critical Paths under _main in BANK11

    None.

Critical Paths under _main in BANK12

    None.

Critical Paths under _main in BANK13

    None.

Critical Paths under _main in BANK14

    None.

Critical Paths under _main in BANK15

    None.

Call Graph Tables:

 ---------------------------------------------------------------------------------
 (Depth) Function   	        Calls       Base Space   Used Autos Params    Refs
 ---------------------------------------------------------------------------------
 (0) _main                                                 2     2      0       0
                                              0 COMRAM     2     2      0
 ---------------------------------------------------------------------------------
 Estimated maximum stack depth 0
 ---------------------------------------------------------------------------------

 Call Graph Graphs:

 _main (ROOT)

 Address spaces:
Name               Size   Autos  Total    Cost      Usage
BITCOMRAM           5F      0       0       0        0.0%
EEDATA             400      0       0       0        0.0%
NULL                 0      0       0       0        0.0%
CODE                 0      0       0       0        0.0%
COMRAM              5F      2       2       1        2.1%
STACK                0      0       0       2        0.0%
DATA                 0      0       0       3        0.0%
BITBANK0            A0      0       0       4        0.0%
BANK0               A0      0       0       5        0.0%
BITBANK1           100      0       0       6        0.0%
BANK1              100      0       0       7        0.0%
BITBANK2           100      0       0       8        0.0%
BANK2              100      0       0       9        0.0%
BITBANK3           100      0       0      10        0.0%
BANK3              100      0       0      11        0.0%
ABS                  0      0       0      12        0.0%
BITBANK4           100      0       0      13        0.0%
BANK4              100      0       0      14        0.0%
BITBANK5           100      0       0      15        0.0%
BANK5              100      0       0      16        0.0%
BITBANK6           100      0       0      17        0.0%
BANK6              100      0       0      18        0.0%
BITBANK7           100      0       0      19        0.0%
BANK7              100      0       0      20        0.0%
BITBANK8           100      0       0      21        0.0%
BANK8              100      0       0      22        0.0%
BITBANK9           100      0       0      23        0.0%
BANK9              100      0       0      24        0.0%
BITBANK10          100      0       0      25        0.0%
BANK10             100      0       0      26        0.0%
BITBANK11          100      0       0      27        0.0%
BANK11             100      0       0      28        0.0%
BITBANK12          100      0       0      29        0.0%
BANK12             100      0       0      30        0.0%
BITBANK13          100      0       0      31        0.0%
BANK13             100      0       0      32        0.0%
BITBANK14          100      0       0      33        0.0%
BANK14             100      0       0      34        0.0%
BITBANK15           38      0       0      35        0.0%
BANK15              38      0       0      36        0.0%
BIGRAM             F37      0       0      37        0.0%
BITSFR_1             0      0       0     200        0.0%
SFR_1                0      0       0     200        0.0%
BITSFR               0      0       0     200        0.0%
SFR                  0      0       0     200        0.0%


Microchip Technology PIC18 Macro Assembler V2.10 build 88905656 
Symbol Table                                                                                   Tue Nov 05 18:13:44 2019

                     u10 FF8A                       u11 FF84                       u20 FFAA  
                     u21 FFA4                       u30 FFCC                       u31 FFC6  
                     u16 FF8C                       u26 FFAC                       u36 FFCE  
                     u47 FFEA             __CFG_CP0$OFF 000000             __CFG_CP1$OFF 000000  
           __CFG_CP2$OFF 000000             __CFG_CP3$OFF 000000              __CFG_LVP$ON 000000  
                    l700 FF7A                      l702 FF9A                      l704 FFBC  
                    l706 FFE0                      l692 FF6A                      l694 FF74  
                    l696 FF76                      l698 FF78             __CFG_CPB$OFF 000000  
           __CFG_CPD$OFF 000000                      wreg 000FE8                     _main FF6A  
          __CFG_BORV$190 000000                     start 0000            __CFG_IESO$OFF 000000  
           ___param_bank 000000                    ?_main 0001                    _TRISB 000F93  
          __CFG_WRT0$OFF 000000            __CFG_WRT1$OFF 000000            __CFG_WRT2$OFF 000000  
          __CFG_WRT3$OFF 000000           __CFG_EBTR0$OFF 000000           __CFG_FCMEN$OFF 000000  
         __CFG_EBTR1$OFF 000000           __CFG_EBTR2$OFF 000000           __CFG_EBTR3$OFF 000000  
          __CFG_WRTB$OFF 000000            __CFG_WRTC$OFF 000000            __CFG_WRTD$OFF 000000  
         __CFG_EBTRB$OFF 000000       __CFG_MCLRE$INTMCLR 000000           __CFG_BOREN$OFF 000000  
         __CFG_HFOFST$ON 000000           __CFG_FOSC$HSMP 000000           __CFG_PBADEN$ON 000000  
        __initialization FF64             __end_of_main 0000                   ??_main 0001  
          __activetblptr 000000                   _ANSELB 000F39           __CFG_WDTEN$OFF 000000  
         __CFG_XINST$OFF 000000           __CFG_STVREN$ON 000000               __accesstop 0060  
__end_of__initialization FF64            ___rparam_used 000001           __pcstackCOMRAM 0001  
        __CFG_PLLCFG$OFF 000000       __CFG_CCP2MX$PORTC1 000000       __CFG_CCP3MX$PORTB5 000000  
        __CFG_PWRTEN$OFF 000000                  __Hparam 0000                  __Lparam 0000  
                __pcinit FF64                  __ramtop 1000                  __ptext0 FF6A  
   end_of_initialization FF64      start_initialization FF64         __CFG_PRICLKEN$ON 000000  
               _LATBbits 000F8A         __CFG_WDTPS$32768 000000                 __Hrparam 0000  
               __Lrparam 0000        __CFG_P2BMX$PORTD2 000000            __size_of_main 0096  
      __CFG_T3CMX$PORTC0 000000  
