;  ASM code generated by mikroVirtualMachine for PIC - V. 8.2.0.0
;  Date/Time: 11/14/2016 11:56:03 PM
;  Info: http://www.mikroe.com


; ADDRESS	OPCODE	ASM
; ----------------------------------------------
$0000	$2804			GOTO	_main
$0004	$	_main:
;individual_led_command.c,1 :: 		void main()
;individual_led_command.c,3 :: 		TRISB=0;
$0004	$1303			BCF	STATUS, RP1
$0005	$1683			BSF	STATUS, RP0
$0006	$0186			CLRF	TRISB, 1
;individual_led_command.c,4 :: 		PORTB.F0=1;
$0007	$1283			BCF	STATUS, RP0
$0008	$1406			BSF	PORTB, 0
;individual_led_command.c,5 :: 		PORTB.F4=1;
$0009	$1606			BSF	PORTB, 4
;individual_led_command.c,6 :: 		DELAY_ms(1000);
$000A	$300B			MOVLW	11
$000B	$00FC			MOVWF	STACK_12
$000C	$30FF			MOVLW	255
$000D	$00FB			MOVWF	STACK_11
$000E	$30FF			MOVLW	255
$000F	$00FA			MOVWF	STACK_10
$0010	$0BFC			DECFSZ	STACK_12, F
$0011	$2813			GOTO	$+2
$0012	$281A			GOTO	$+8
$0013	$0BFB			DECFSZ	STACK_11, F
$0014	$2816			GOTO	$+2
$0015	$2819			GOTO	$+4
$0016	$0BFA			DECFSZ	STACK_10, F
$0017	$2816			GOTO	$-1
$0018	$2813			GOTO	$-5
$0019	$2810			GOTO	$-9
$001A	$3033			MOVLW	51
$001B	$00FB			MOVWF	STACK_11
$001C	$30FF			MOVLW	255
$001D	$00FA			MOVWF	STACK_10
$001E	$0BFB			DECFSZ	STACK_11, F
$001F	$2821			GOTO	$+2
$0020	$2824			GOTO	$+4
$0021	$0BFA			DECFSZ	STACK_10, F
$0022	$2821			GOTO	$-1
$0023	$281E			GOTO	$-5
$0024	$3088			MOVLW	136
$0025	$00FA			MOVWF	STACK_10
$0026	$0BFA			DECFSZ	STACK_10, F
$0027	$2826			GOTO	$-1
;individual_led_command.c,7 :: 		PORTB.F0=0;
$0028	$1006			BCF	PORTB, 0
;individual_led_command.c,8 :: 		PORTB.F4=0;
$0029	$1206			BCF	PORTB, 4
;individual_led_command.c,9 :: 		DELAY_ms(1000);
$002A	$300B			MOVLW	11
$002B	$00FC			MOVWF	STACK_12
$002C	$30FF			MOVLW	255
$002D	$00FB			MOVWF	STACK_11
$002E	$30FF			MOVLW	255
$002F	$00FA			MOVWF	STACK_10
$0030	$0BFC			DECFSZ	STACK_12, F
$0031	$2833			GOTO	$+2
$0032	$283A			GOTO	$+8
$0033	$0BFB			DECFSZ	STACK_11, F
$0034	$2836			GOTO	$+2
$0035	$2839			GOTO	$+4
$0036	$0BFA			DECFSZ	STACK_10, F
$0037	$2836			GOTO	$-1
$0038	$2833			GOTO	$-5
$0039	$2830			GOTO	$-9
$003A	$3033			MOVLW	51
$003B	$00FB			MOVWF	STACK_11
$003C	$30FF			MOVLW	255
$003D	$00FA			MOVWF	STACK_10
$003E	$0BFB			DECFSZ	STACK_11, F
$003F	$2841			GOTO	$+2
$0040	$2844			GOTO	$+4
$0041	$0BFA			DECFSZ	STACK_10, F
$0042	$2841			GOTO	$-1
$0043	$283E			GOTO	$-5
$0044	$3088			MOVLW	136
$0045	$00FA			MOVWF	STACK_10
$0046	$0BFA			DECFSZ	STACK_10, F
$0047	$2846			GOTO	$-1
;individual_led_command.c,11 :: 		}
$0048	$2848			GOTO	$


//** Procedures locations **
//ADDRESS		PROCEDURE
//----------------------------------------------
$0004		main


//** Labels locations **
//ADDRESS		LABEL
//----------------------------------------------
$0004		_main:


//** Variables locations **
//ADDRESS		VARIABLE
//----------------------------------------------
$0000		INDF
$0002		PCL
$0003		STATUS
$0004		FSR
$0006		PORTB
$000A		PCLATH
$0070		STACK_0
$0071		STACK_1
$0072		STACK_2
$0073		STACK_3
$0074		STACK_4
$0075		STACK_5
$0076		STACK_6
$0077		STACK_7
$0078		STACK_8
$0079		STACK_9
$007A		STACK_10
$007B		STACK_11
$007C		STACK_12
$007D		STACK_13
$007E		STACK_14
$007F		STACK_15
$0086		TRISB


