

Microchip MPLAB XC8 Assembler V2.10 build 88905656 
                                                                                               Tue Dec 17 13:53:43 2019

Microchip MPLAB XC8 C Compiler v2.10 (Free license) build 20190730164152 Og1 
     1                           	processor	18F46K22
     2                           	fnconf	rparam,??,?,0
     3                           	opt	pw 120
     4                           	opt	flic
     5                           	psect	nvCOMRAM,global,class=COMRAM,space=1,delta=1,noexec
     6                           	psect	smallconst,global,reloc=2,class=SMALLCONST,delta=1,noexec
     7                           	psect	cinit,global,reloc=2,class=CODE,delta=1
     8                           	psect	bssCOMRAM,global,class=COMRAM,space=1,delta=1,noexec
     9                           	psect	cstackCOMRAM,global,class=COMRAM,space=1,delta=1,noexec
    10                           	psect	text0,global,reloc=2,class=CODE,delta=1
    11                           	psect	text1,global,reloc=2,class=CODE,delta=1
    12                           	psect	text2,global,reloc=2,class=CODE,delta=1
    13                           	psect	text3,global,reloc=2,class=CODE,delta=1
    14                           	psect	text4,global,reloc=2,class=CODE,delta=1
    15                           	psect	text5,global,reloc=2,class=CODE,delta=1
    16                           	psect	text6,global,reloc=2,class=CODE,delta=1
    17                           	psect	text7,global,reloc=2,class=CODE,delta=1
    18                           	psect	text8,global,reloc=2,class=CODE,delta=1
    19                           	psect	text9,global,reloc=2,class=CODE,delta=1
    20                           	psect	intsave_regs,global,class=BIGRAM,space=1,delta=1,noexec
    21                           	psect	rparam,global,class=COMRAM,space=1,delta=1,noexec
    22  0000                     
    23                           ; Version 2.10
    24                           ; Generated 31/07/2019 GMT
    25                           ; 
    26                           ; Copyright © 2019, Microchip Technology Inc. and its subsidiaries ("Microchip")
    27                           ; All rights reserved.
    28                           ; 
    29                           ; This software is developed by Microchip Technology Inc. and its subsidiaries ("Microch
      +                          ip").
    30                           ; 
    31                           ; Redistribution and use in source and binary forms, with or without modification, are
    32                           ; permitted provided that the following conditions are met:
    33                           ; 
    34                           ;     1. Redistributions of source code must retain the above copyright notice, this lis
      +                          t of
    35                           ;        conditions and the following disclaimer.
    36                           ; 
    37                           ;     2. Redistributions in binary form must reproduce the above copyright notice, this 
      +                          list
    38                           ;        of conditions and the following disclaimer in the documentation and/or other
    39                           ;        materials provided with the distribution.
    40                           ; 
    41                           ;     3. Microchip's name may not be used to endorse or promote products derived from th
      +                          is
    42                           ;        software without specific prior written permission.
    43                           ; 
    44                           ; THIS SOFTWARE IS PROVIDED BY MICROCHIP "AS IS" AND ANY EXPRESS OR IMPLIED WARRANTIES,
    45                           ; INCLUDING, BUT NOT LIMITED TO, THE IMPLIED WARRANTIES OF MERCHANTABILITY AND FITNESS F
      +                          OR
    46                           ; PURPOSE ARE DISCLAIMED.  IN NO EVENT SHALL MICROCHIP BE LIABLE FOR ANY DIRECT, INDIREC
      +                          T,
    47                           ; INCIDENTAL, SPECIAL, EXEMPLARY, OR CONSEQUENTIAL DAMAGES (INCLUDING BUT NOT LIMITED TO
    48                           ; PROCUREMENT OF SUBSTITUTE GOODS OR SERVICES; LOSS OF USE, DATA OR PROFITS; OR BUSINESS
    49                           ; INTERRUPTION) HOWSOEVER CAUSED AND ON ANY THEORY OF LIABILITY, WHETHER IN CONTRACT, ST
      +                          RICT
    50                           ; LIABILITY, OR TORT (INCLUDING NEGLIGENCE OR OTHERWISE) ARISING IN ANY WAY OUT OF THE U
      +                          SE OF
    51                           ; THIS SOFTWARE, EVEN IF ADVISED OF THE POSSIBILITY OF SUCH DAMAGE.
    52                           ; 
    53                           ; 
    54                           ; Code-generator required, PIC18F46K22 Definitions
    55                           ; 
    56                           ; SFR Addresses
    57  0000                     
    58 ;; Function _EUSART1_DefaultFramingErrorHandler is unused but had its address taken
    59  0000                     
    60 ;; Function _EUSART1_DefaultOverrunErrorHandler is unused but had its address taken
    61  0000                     
    62 ;; Function _EUSART1_DefaultErrorHandler is unused but had its address taken
    63  0000                     
    64                           	psect	nvCOMRAM
    65  000001                     __pnvCOMRAM:
    66                           	opt callstack 0
    67  000001                     _EUSART1_ErrorHandler:
    68                           	opt callstack 0
    69  000001                     	ds	2
    70  000003                     _EUSART1_OverrunErrorHandler:
    71                           	opt callstack 0
    72  000003                     	ds	2
    73  000005                     _EUSART1_FramingErrorHandler:
    74                           	opt callstack 0
    75  000005                     	ds	2
    76  0000                     _ANSELA	set	3896
    77  0000                     _ANSELE	set	3900
    78  0000                     _ANSELB	set	3897
    79  0000                     _ANSELC	set	3898
    80  0000                     _ANSELD	set	3899
    81  0000                     _LATBbits	set	3978
    82  0000                     _LATAbits	set	3977
    83  0000                     _TXREG1	set	4013
    84  0000                     _RCREG1	set	4014
    85  0000                     _RCSTA1bits	set	4011
    86  0000                     _TXSTA1bits	set	4012
    87  0000                     _PIR1bits	set	3998
    88  0000                     _SPBRGH1	set	4016
    89  0000                     _SPBRG1	set	4015
    90  0000                     _TXSTA1	set	4012
    91  0000                     _RCSTA1	set	4011
    92  0000                     _BAUDCON1	set	4024
    93  0000                     _INTCONbits	set	4082
    94  0000                     _INTCON2bits	set	4081
    95  0000                     _WPUB	set	3937
    96  0000                     _TRISD	set	3989
    97  0000                     _TRISC	set	3988
    98  0000                     _TRISB	set	3987
    99  0000                     _TRISA	set	3986
   100  0000                     _TRISE	set	3990
   101  0000                     _LATC	set	3979
   102  0000                     _LATB	set	3978
   103  0000                     _LATA	set	3977
   104  0000                     _LATD	set	3980
   105  0000                     _LATE	set	3981
   106  0000                     _OSCTUNE	set	3995
   107  0000                     _OSCCON2	set	4050
   108  0000                     _OSCCON	set	4051
   109                           
   110                           	psect	smallconst
   111  001000                     __psmallconst:
   112                           	opt callstack 0
   113  001000  00                 	db	0
   114  001001                     STR_1:
   115  001001  57                 	db	87	;'W'
   116  001002  65                 	db	101	;'e'
   117  001003  6C                 	db	108	;'l'
   118  001004  63                 	db	99	;'c'
   119  001005  6F                 	db	111	;'o'
   120  001006  6D                 	db	109	;'m'
   121  001007  65                 	db	101	;'e'
   122  001008  0A                 	db	10
   123  001009  0D                 	db	13
   124  00100A  00                 	db	0
   125                           
   126                           ; #config settings
   127  00100B  00                 	db	0	; dummy byte at the end
   128  0000                     
   129                           	psect	cinit
   130  001152                     __pcinit:
   131                           	opt callstack 0
   132  001152                     start_initialization:
   133                           	opt callstack 0
   134  001152                     __initialization:
   135                           	opt callstack 0
   136                           
   137                           ; Clear objects allocated to COMRAM (2 bytes)
   138  001152  6A0D               	clrf	(__pbssCOMRAM+1)& (0+255),c
   139  001154  6A0C               	clrf	__pbssCOMRAM& (0+255),c
   140  001156                     end_of_initialization:
   141                           	opt callstack 0
   142  001156                     __end_of__initialization:
   143                           	opt callstack 0
   144  001156  0100               	movlb	0
   145  001158  EF06  F008         	goto	_main	;jump to C main() function
   146                           
   147                           	psect	bssCOMRAM
   148  00000C                     __pbssCOMRAM:
   149                           	opt callstack 0
   150  00000C                     _rxData:
   151                           	opt callstack 0
   152  00000C                     	ds	1
   153  00000D                     _eusart1RxLastError:
   154                           	opt callstack 0
   155  00000D                     	ds	1
   156                           
   157                           	psect	cstackCOMRAM
   158  000007                     __pcstackCOMRAM:
   159                           	opt callstack 0
   160  000007                     EUSART1_Write@txData:
   161                           	opt callstack 0
   162  000007                     EUSART1_SetFramingErrorHandler@interruptHandler:
   163                           	opt callstack 0
   164  000007                     EUSART1_SetOverrunErrorHandler@interruptHandler:
   165                           	opt callstack 0
   166  000007                     EUSART1_SetErrorHandler@interruptHandler:
   167                           	opt callstack 0
   168                           
   169                           ; 2 bytes @ 0x0
   170  000007                     	ds	1
   171  000008                     send_string@x:
   172                           	opt callstack 0
   173                           
   174                           ; 2 bytes @ 0x1
   175  000008                     	ds	1
   176  000009                     
   177                           ; 1 bytes @ 0x2
   178  000009                     	ds	1
   179  00000A                     ??_main:
   180                           
   181                           ; 1 bytes @ 0x3
   182  00000A                     	ds	2
   183                           
   184 ;;
   185 ;;Main: autosize = 0, tempsize = 2, incstack = 0, save=0
   186 ;;
   187 ;; *************** function _main *****************
   188 ;; Defined at:
   189 ;;		line 63 in file "main.c"
   190 ;; Parameters:    Size  Location     Type
   191 ;;		None
   192 ;; Auto vars:     Size  Location     Type
   193 ;;		None
   194 ;; Return value:  Size  Location     Type
   195 ;;                  1    wreg      void 
   196 ;; Registers used:
   197 ;;		wreg, status,2, status,0, tblptrl, tblptrh, tblptru, cstack
   198 ;; Tracked objects:
   199 ;;		On entry : 0/0
   200 ;;		On exit  : 0/0
   201 ;;		Unchanged: 0/0
   202 ;; Data sizes:     COMRAM   BANK0   BANK1   BANK2   BANK3   BANK4   BANK5   BANK6   BANK7   BANK8   BANK9  BANK10  BANK1
      +1  BANK12  BANK13  BANK14  BANK15
   203 ;;      Params:         0       0       0       0       0       0       0       0       0       0       0       0       
      +0       0       0       0       0
   204 ;;      Locals:         0       0       0       0       0       0       0       0       0       0       0       0       
      +0       0       0       0       0
   205 ;;      Temps:          2       0       0       0       0       0       0       0       0       0       0       0       
      +0       0       0       0       0
   206 ;;      Totals:         2       0       0       0       0       0       0       0       0       0       0       0       
      +0       0       0       0       0
   207 ;;Total ram usage:        2 bytes
   208 ;; Hardware stack levels required when called:    3
   209 ;; This function calls:
   210 ;;		_EUSART1_Write
   211 ;;		_SYSTEM_Initialize
   212 ;;		_send_string
   213 ;; This function is called by:
   214 ;;		Startup code after reset
   215 ;; This function uses a non-reentrant model
   216 ;;
   217                           
   218                           	psect	text0
   219  00100C                     __ptext0:
   220                           	opt callstack 0
   221  00100C                     _main:
   222                           	opt callstack 28
   223  00100C                     
   224                           ;main.c: 66:     SYSTEM_Initialize();
   225  00100C  EC9B  F008         	call	_SYSTEM_Initialize	;wreg free
   226  001010                     l976:
   227  001010  8089               	bsf	137,0,c	;volatile
   228  001012                     
   229                           ;main.c: 87:         EUSART1_Write('A');
   230  001012  0E41               	movlw	65
   231  001014  EC8D  F008         	call	_EUSART1_Write
   232  001018                     
   233                           ;main.c: 88:         send_string("Welcome\n\r");
   234  001018  0E01               	movlw	low STR_1
   235  00101A  6E08               	movwf	send_string@x^0,c
   236  00101C  0E10               	movlw	high STR_1
   237  00101E  6E09               	movwf	(send_string@x+1)^0,c
   238  001020  EC70  F008         	call	_send_string	;wreg free
   239  001024  808A               	bsf	138,0,c	;volatile
   240  001026                     
   241                           ;main.c: 90:         _delay((unsigned long)((1000)*(16000000/4000.0)));
   242  001026  0E15               	movlw	21
   243  001028  6E0B               	movwf	(??_main+1)^0,c
   244  00102A  0E4B               	movlw	75
   245  00102C  6E0A               	movwf	??_main^0,c
   246  00102E  0EBE               	movlw	190
   247  001030                     u87:
   248  001030  2EE8               	decfsz	wreg,f,c
   249  001032  D7FE               	bra	u87
   250  001034  2E0A               	decfsz	??_main^0,f,c
   251  001036  D7FC               	bra	u87
   252  001038  2E0B               	decfsz	(??_main+1)^0,f,c
   253  00103A  D7FA               	bra	u87
   254  00103C  D000               	nop2	
   255  00103E  908A               	bcf	138,0,c	;volatile
   256  001040                     
   257                           ;main.c: 92:         _delay((unsigned long)((1000)*(16000000/4000.0)));
   258  001040  0E15               	movlw	21
   259  001042  6E0B               	movwf	(??_main+1)^0,c
   260  001044  0E4B               	movlw	75
   261  001046  6E0A               	movwf	??_main^0,c
   262  001048  0EBE               	movlw	190
   263  00104A                     u97:
   264  00104A  2EE8               	decfsz	wreg,f,c
   265  00104C  D7FE               	bra	u97
   266  00104E  2E0A               	decfsz	??_main^0,f,c
   267  001050  D7FC               	bra	u97
   268  001052  2E0B               	decfsz	(??_main+1)^0,f,c
   269  001054  D7FA               	bra	u97
   270  001056  D000               	nop2	
   271  001058  EF08  F008         	goto	l976
   272  00105C  EF00  F000         	goto	start
   273  001060                     __end_of_main:
   274                           	opt callstack 0
   275                           
   276 ;; *************** function _send_string *****************
   277 ;; Defined at:
   278 ;;		line 54 in file "main.c"
   279 ;; Parameters:    Size  Location     Type
   280 ;;  x               2    1[COMRAM] PTR const unsigned char 
   281 ;;		 -> STR_1(10), 
   282 ;; Auto vars:     Size  Location     Type
   283 ;;		None
   284 ;; Return value:  Size  Location     Type
   285 ;;                  1    wreg      void 
   286 ;; Registers used:
   287 ;;		wreg, status,2, status,0, tblptrl, tblptrh, tblptru, cstack
   288 ;; Tracked objects:
   289 ;;		On entry : 0/0
   290 ;;		On exit  : 0/0
   291 ;;		Unchanged: 0/0
   292 ;; Data sizes:     COMRAM   BANK0   BANK1   BANK2   BANK3   BANK4   BANK5   BANK6   BANK7   BANK8   BANK9  BANK10  BANK1
      +1  BANK12  BANK13  BANK14  BANK15
   293 ;;      Params:         2       0       0       0       0       0       0       0       0       0       0       0       
      +0       0       0       0       0
   294 ;;      Locals:         0       0       0       0       0       0       0       0       0       0       0       0       
      +0       0       0       0       0
   295 ;;      Temps:          0       0       0       0       0       0       0       0       0       0       0       0       
      +0       0       0       0       0
   296 ;;      Totals:         2       0       0       0       0       0       0       0       0       0       0       0       
      +0       0       0       0       0
   297 ;;Total ram usage:        2 bytes
   298 ;; Hardware stack levels used:    1
   299 ;; Hardware stack levels required when called:    1
   300 ;; This function calls:
   301 ;;		_EUSART1_Write
   302 ;; This function is called by:
   303 ;;		_main
   304 ;; This function uses a non-reentrant model
   305 ;;
   306                           
   307                           	psect	text1
   308  0010E0                     __ptext1:
   309                           	opt callstack 0
   310  0010E0                     _send_string:
   311                           	opt callstack 29
   312  0010E0                     
   313                           ;main.c: 55:     while(*x){
   314  0010E0  EF7D  F008         	goto	l972
   315  0010E4                     l968:
   316                           
   317                           ;main.c: 57:     EUSART1_Write(*x++);
   318  0010E4  C008  FFF6         	movff	send_string@x,tblptrl
   319  0010E8  C009  FFF7         	movff	send_string@x+1,tblptrh
   320  0010EC                     	if	1	;Program memory is < 0x10000, tblptru is always zero
   321  0010EC  6AF8               	clrf	tblptru,c
   322  0010EE                     	endif
   323  0010EE                     	if	0	;tblptru may be non-zero
   324  0010EE                     	endif
   325  0010EE  0008               	tblrd		*
   326  0010F0  50F5               	movf	tablat,w,c
   327  0010F2  EC8D  F008         	call	_EUSART1_Write
   328  0010F6  4A08               	infsnz	send_string@x^0,f,c
   329  0010F8  2A09               	incf	(send_string@x+1)^0,f,c
   330  0010FA                     l972:
   331                           
   332                           ;main.c: 55:     while(*x){
   333  0010FA  C008  FFF6         	movff	send_string@x,tblptrl
   334  0010FE  C009  FFF7         	movff	send_string@x+1,tblptrh
   335  001102                     	if	1	;Program memory is < 0x10000, tblptru is always zero
   336  001102  6AF8               	clrf	tblptru,c
   337  001104                     	endif
   338  001104                     	if	0	;tblptru may be non-zero
   339  001104                     	endif
   340  001104  0008               	tblrd		*
   341  001106  50F5               	movf	tablat,w,c
   342  001108  0900               	iorlw	0
   343  00110A  A4D8               	btfss	status,2,c
   344  00110C  EF8A  F008         	goto	u71
   345  001110  EF8C  F008         	goto	u70
   346  001114                     u71:
   347  001114  EF72  F008         	goto	l968
   348  001118                     u70:
   349  001118  0012               	return		;funcret
   350  00111A                     __end_of_send_string:
   351                           	opt callstack 0
   352                           
   353 ;; *************** function _EUSART1_Write *****************
   354 ;; Defined at:
   355 ;;		line 133 in file "mcc_generated_files/eusart1.c"
   356 ;; Parameters:    Size  Location     Type
   357 ;;  txData          1    wreg     unsigned char 
   358 ;; Auto vars:     Size  Location     Type
   359 ;;  txData          1    0[COMRAM] unsigned char 
   360 ;; Return value:  Size  Location     Type
   361 ;;                  1    wreg      void 
   362 ;; Registers used:
   363 ;;		wreg
   364 ;; Tracked objects:
   365 ;;		On entry : 0/0
   366 ;;		On exit  : 0/0
   367 ;;		Unchanged: 0/0
   368 ;; Data sizes:     COMRAM   BANK0   BANK1   BANK2   BANK3   BANK4   BANK5   BANK6   BANK7   BANK8   BANK9  BANK10  BANK1
      +1  BANK12  BANK13  BANK14  BANK15
   369 ;;      Params:         0       0       0       0       0       0       0       0       0       0       0       0       
      +0       0       0       0       0
   370 ;;      Locals:         1       0       0       0       0       0       0       0       0       0       0       0       
      +0       0       0       0       0
   371 ;;      Temps:          0       0       0       0       0       0       0       0       0       0       0       0       
      +0       0       0       0       0
   372 ;;      Totals:         1       0       0       0       0       0       0       0       0       0       0       0       
      +0       0       0       0       0
   373 ;;Total ram usage:        1 bytes
   374 ;; Hardware stack levels used:    1
   375 ;; This function calls:
   376 ;;		Nothing
   377 ;; This function is called by:
   378 ;;		_send_string
   379 ;;		_main
   380 ;; This function uses a non-reentrant model
   381 ;;
   382                           
   383                           	psect	text2
   384  00111A                     __ptext2:
   385                           	opt callstack 0
   386  00111A                     _EUSART1_Write:
   387                           	opt callstack 29
   388                           
   389                           ;incstack = 0
   390                           ;EUSART1_Write@txData stored from wreg
   391  00111A  6E07               	movwf	EUSART1_Write@txData^0,c
   392  00111C                     
   393                           ;mcc_generated_files/eusart1.c: 133: void EUSART1_Write(uint8_t txData);mcc_generated_fi
      +                          les/eusart1.c: 134: {;mcc_generated_files/eusart1.c: 135:     while(0 == PIR1bits.TX1IF)
   394  00111C  EF91  F008         	goto	l127
   395  001120                     l128:
   396  001120  0004               	clrwdt		;# 
   397  001122                     l127:
   398                           
   399                           ;mcc_generated_files/eusart1.c: 135:     while(0 == PIR1bits.TX1IF)
   400  001122  A89E               	btfss	158,4,c	;volatile
   401  001124  EF96  F008         	goto	u11
   402  001128  EF98  F008         	goto	u10
   403  00112C                     u11:
   404  00112C  EF90  F008         	goto	l128
   405  001130                     u10:
   406  001130                     
   407                           ;mcc_generated_files/eusart1.c: 140:     TXREG1 = txData;
   408  001130  C007  FFAD         	movff	EUSART1_Write@txData,4013	;volatile
   409  001134  0012               	return		;funcret
   410  001136                     __end_of_EUSART1_Write:
   411                           	opt callstack 0
   412                           
   413 ;; *************** function _SYSTEM_Initialize *****************
   414 ;; Defined at:
   415 ;;		line 50 in file "mcc_generated_files/mcc.c"
   416 ;; Parameters:    Size  Location     Type
   417 ;;		None
   418 ;; Auto vars:     Size  Location     Type
   419 ;;		None
   420 ;; Return value:  Size  Location     Type
   421 ;;                  1    wreg      void 
   422 ;; Registers used:
   423 ;;		wreg, status,2, status,0, cstack
   424 ;; Tracked objects:
   425 ;;		On entry : 0/0
   426 ;;		On exit  : 0/0
   427 ;;		Unchanged: 0/0
   428 ;; Data sizes:     COMRAM   BANK0   BANK1   BANK2   BANK3   BANK4   BANK5   BANK6   BANK7   BANK8   BANK9  BANK10  BANK1
      +1  BANK12  BANK13  BANK14  BANK15
   429 ;;      Params:         0       0       0       0       0       0       0       0       0       0       0       0       
      +0       0       0       0       0
   430 ;;      Locals:         0       0       0       0       0       0       0       0       0       0       0       0       
      +0       0       0       0       0
   431 ;;      Temps:          0       0       0       0       0       0       0       0       0       0       0       0       
      +0       0       0       0       0
   432 ;;      Totals:         0       0       0       0       0       0       0       0       0       0       0       0       
      +0       0       0       0       0
   433 ;;Total ram usage:        0 bytes
   434 ;; Hardware stack levels used:    1
   435 ;; Hardware stack levels required when called:    2
   436 ;; This function calls:
   437 ;;		_EUSART1_Initialize
   438 ;;		_OSCILLATOR_Initialize
   439 ;;		_PIN_MANAGER_Initialize
   440 ;; This function is called by:
   441 ;;		_main
   442 ;; This function uses a non-reentrant model
   443 ;;
   444                           
   445                           	psect	text3
   446  001136                     __ptext3:
   447                           	opt callstack 0
   448  001136                     _SYSTEM_Initialize:
   449                           	opt callstack 28
   450  001136                     
   451                           ;mcc_generated_files/mcc.c: 53:     PIN_MANAGER_Initialize();
   452  001136  EC30  F008         	call	_PIN_MANAGER_Initialize	;wreg free
   453                           
   454                           ;mcc_generated_files/mcc.c: 54:     OSCILLATOR_Initialize();
   455  00113A  ECA2  F008         	call	_OSCILLATOR_Initialize	;wreg free
   456  00113E                     
   457                           ;mcc_generated_files/mcc.c: 55:     EUSART1_Initialize();
   458  00113E  EC51  F008         	call	_EUSART1_Initialize	;wreg free
   459  001142  0012               	return		;funcret
   460  001144                     __end_of_SYSTEM_Initialize:
   461                           	opt callstack 0
   462                           
   463 ;; *************** function _PIN_MANAGER_Initialize *****************
   464 ;; Defined at:
   465 ;;		line 55 in file "mcc_generated_files/pin_manager.c"
   466 ;; Parameters:    Size  Location     Type
   467 ;;		None
   468 ;; Auto vars:     Size  Location     Type
   469 ;;		None
   470 ;; Return value:  Size  Location     Type
   471 ;;                  1    wreg      void 
   472 ;; Registers used:
   473 ;;		wreg, status,2
   474 ;; Tracked objects:
   475 ;;		On entry : 0/0
   476 ;;		On exit  : 0/0
   477 ;;		Unchanged: 0/0
   478 ;; Data sizes:     COMRAM   BANK0   BANK1   BANK2   BANK3   BANK4   BANK5   BANK6   BANK7   BANK8   BANK9  BANK10  BANK1
      +1  BANK12  BANK13  BANK14  BANK15
   479 ;;      Params:         0       0       0       0       0       0       0       0       0       0       0       0       
      +0       0       0       0       0
   480 ;;      Locals:         0       0       0       0       0       0       0       0       0       0       0       0       
      +0       0       0       0       0
   481 ;;      Temps:          0       0       0       0       0       0       0       0       0       0       0       0       
      +0       0       0       0       0
   482 ;;      Totals:         0       0       0       0       0       0       0       0       0       0       0       0       
      +0       0       0       0       0
   483 ;;Total ram usage:        0 bytes
   484 ;; Hardware stack levels used:    1
   485 ;; This function calls:
   486 ;;		Nothing
   487 ;; This function is called by:
   488 ;;		_SYSTEM_Initialize
   489 ;; This function uses a non-reentrant model
   490 ;;
   491                           
   492                           	psect	text4
   493  001060                     __ptext4:
   494                           	opt callstack 0
   495  001060                     _PIN_MANAGER_Initialize:
   496                           	opt callstack 29
   497  001060                     
   498                           ;mcc_generated_files/pin_manager.c: 60:     LATE = 0x00;
   499  001060  0E00               	movlw	0
   500  001062  6E8D               	movwf	141,c	;volatile
   501                           
   502                           ;mcc_generated_files/pin_manager.c: 61:     LATD = 0x00;
   503  001064  0E00               	movlw	0
   504  001066  6E8C               	movwf	140,c	;volatile
   505                           
   506                           ;mcc_generated_files/pin_manager.c: 62:     LATA = 0x00;
   507  001068  0E00               	movlw	0
   508  00106A  6E89               	movwf	137,c	;volatile
   509                           
   510                           ;mcc_generated_files/pin_manager.c: 63:     LATB = 0x00;
   511  00106C  0E00               	movlw	0
   512  00106E  6E8A               	movwf	138,c	;volatile
   513                           
   514                           ;mcc_generated_files/pin_manager.c: 64:     LATC = 0x00;
   515  001070  0E00               	movlw	0
   516  001072  6E8B               	movwf	139,c	;volatile
   517                           
   518                           ;mcc_generated_files/pin_manager.c: 69:     TRISE = 0x07;
   519  001074  0E07               	movlw	7
   520  001076  6E96               	movwf	150,c	;volatile
   521                           
   522                           ;mcc_generated_files/pin_manager.c: 70:     TRISA = 0xFE;
   523  001078  0EFE               	movlw	254
   524  00107A  6E92               	movwf	146,c	;volatile
   525                           
   526                           ;mcc_generated_files/pin_manager.c: 71:     TRISB = 0xF0;
   527  00107C  0EF0               	movlw	240
   528  00107E  6E93               	movwf	147,c	;volatile
   529                           
   530                           ;mcc_generated_files/pin_manager.c: 72:     TRISC = 0xBF;
   531  001080  0EBF               	movlw	191
   532  001082  6E94               	movwf	148,c	;volatile
   533  001084                     
   534                           ;mcc_generated_files/pin_manager.c: 73:     TRISD = 0xFF;
   535  001084  6895               	setf	149,c	;volatile
   536  001086                     
   537                           ;mcc_generated_files/pin_manager.c: 78:     ANSELD = 0xFF;
   538  001086  010F               	movlb	15	; () banked
   539  001088  693B               	setf	59,b	;volatile
   540                           
   541                           ;mcc_generated_files/pin_manager.c: 79:     ANSELC = 0x3C;
   542  00108A  0E3C               	movlw	60
   543  00108C  6F3A               	movwf	58,b	;volatile
   544                           
   545                           ;mcc_generated_files/pin_manager.c: 80:     ANSELB = 0x30;
   546  00108E  0E30               	movlw	48
   547  001090  6F39               	movwf	57,b	;volatile
   548                           
   549                           ;mcc_generated_files/pin_manager.c: 81:     ANSELE = 0x07;
   550  001092  0E07               	movlw	7
   551  001094  6F3C               	movwf	60,b	;volatile
   552                           
   553                           ;mcc_generated_files/pin_manager.c: 82:     ANSELA = 0x2E;
   554  001096  0E2E               	movlw	46
   555  001098  6F38               	movwf	56,b	;volatile
   556                           
   557                           ;mcc_generated_files/pin_manager.c: 87:     WPUB = 0x00;
   558  00109A  0E00               	movlw	0
   559  00109C  6E61               	movwf	97,c	;volatile
   560  00109E                     
   561                           ; BSR set to: 15
   562                           ;mcc_generated_files/pin_manager.c: 88:     INTCON2bits.nRBPU = 1;
   563  00109E  8EF1               	bsf	241,7,c	;volatile
   564  0010A0                     
   565                           ; BSR set to: 15
   566  0010A0  0012               	return		;funcret
   567  0010A2                     __end_of_PIN_MANAGER_Initialize:
   568                           	opt callstack 0
   569                           
   570 ;; *************** function _OSCILLATOR_Initialize *****************
   571 ;; Defined at:
   572 ;;		line 58 in file "mcc_generated_files/mcc.c"
   573 ;; Parameters:    Size  Location     Type
   574 ;;		None
   575 ;; Auto vars:     Size  Location     Type
   576 ;;		None
   577 ;; Return value:  Size  Location     Type
   578 ;;                  1    wreg      void 
   579 ;; Registers used:
   580 ;;		wreg, status,2
   581 ;; Tracked objects:
   582 ;;		On entry : 0/0
   583 ;;		On exit  : 0/0
   584 ;;		Unchanged: 0/0
   585 ;; Data sizes:     COMRAM   BANK0   BANK1   BANK2   BANK3   BANK4   BANK5   BANK6   BANK7   BANK8   BANK9  BANK10  BANK1
      +1  BANK12  BANK13  BANK14  BANK15
   586 ;;      Params:         0       0       0       0       0       0       0       0       0       0       0       0       
      +0       0       0       0       0
   587 ;;      Locals:         0       0       0       0       0       0       0       0       0       0       0       0       
      +0       0       0       0       0
   588 ;;      Temps:          0       0       0       0       0       0       0       0       0       0       0       0       
      +0       0       0       0       0
   589 ;;      Totals:         0       0       0       0       0       0       0       0       0       0       0       0       
      +0       0       0       0       0
   590 ;;Total ram usage:        0 bytes
   591 ;; Hardware stack levels used:    1
   592 ;; This function calls:
   593 ;;		Nothing
   594 ;; This function is called by:
   595 ;;		_SYSTEM_Initialize
   596 ;; This function uses a non-reentrant model
   597 ;;
   598                           
   599                           	psect	text5
   600  001144                     __ptext5:
   601                           	opt callstack 0
   602  001144                     _OSCILLATOR_Initialize:
   603                           	opt callstack 29
   604  001144                     
   605                           ;mcc_generated_files/mcc.c: 61:     OSCCON = 0x60;
   606  001144  0E60               	movlw	96
   607  001146  6ED3               	movwf	211,c	;volatile
   608                           
   609                           ;mcc_generated_files/mcc.c: 63:     OSCCON2 = 0x04;
   610  001148  0E04               	movlw	4
   611  00114A  6ED2               	movwf	210,c	;volatile
   612                           
   613                           ;mcc_generated_files/mcc.c: 65:     OSCTUNE = 0x00;
   614  00114C  0E00               	movlw	0
   615  00114E  6E9B               	movwf	155,c	;volatile
   616  001150  0012               	return		;funcret
   617  001152                     __end_of_OSCILLATOR_Initialize:
   618                           	opt callstack 0
   619                           
   620 ;; *************** function _EUSART1_Initialize *****************
   621 ;; Defined at:
   622 ;;		line 66 in file "mcc_generated_files/eusart1.c"
   623 ;; Parameters:    Size  Location     Type
   624 ;;		None
   625 ;; Auto vars:     Size  Location     Type
   626 ;;		None
   627 ;; Return value:  Size  Location     Type
   628 ;;                  1    wreg      void 
   629 ;; Registers used:
   630 ;;		wreg, status,2, status,0, cstack
   631 ;; Tracked objects:
   632 ;;		On entry : 0/0
   633 ;;		On exit  : 0/0
   634 ;;		Unchanged: 0/0
   635 ;; Data sizes:     COMRAM   BANK0   BANK1   BANK2   BANK3   BANK4   BANK5   BANK6   BANK7   BANK8   BANK9  BANK10  BANK1
      +1  BANK12  BANK13  BANK14  BANK15
   636 ;;      Params:         0       0       0       0       0       0       0       0       0       0       0       0       
      +0       0       0       0       0
   637 ;;      Locals:         0       0       0       0       0       0       0       0       0       0       0       0       
      +0       0       0       0       0
   638 ;;      Temps:          0       0       0       0       0       0       0       0       0       0       0       0       
      +0       0       0       0       0
   639 ;;      Totals:         0       0       0       0       0       0       0       0       0       0       0       0       
      +0       0       0       0       0
   640 ;;Total ram usage:        0 bytes
   641 ;; Hardware stack levels used:    1
   642 ;; Hardware stack levels required when called:    1
   643 ;; This function calls:
   644 ;;		_EUSART1_SetErrorHandler
   645 ;;		_EUSART1_SetFramingErrorHandler
   646 ;;		_EUSART1_SetOverrunErrorHandler
   647 ;; This function is called by:
   648 ;;		_SYSTEM_Initialize
   649 ;; This function uses a non-reentrant model
   650 ;;
   651                           
   652                           	psect	text6
   653  0010A2                     __ptext6:
   654                           	opt callstack 0
   655  0010A2                     _EUSART1_Initialize:
   656                           	opt callstack 28
   657  0010A2                     
   658                           ;mcc_generated_files/eusart1.c: 71:     BAUDCON1 = 0x08;
   659  0010A2  0E08               	movlw	8
   660  0010A4  6EB8               	movwf	184,c	;volatile
   661                           
   662                           ;mcc_generated_files/eusart1.c: 74:     RCSTA1 = 0x90;
   663  0010A6  0E90               	movlw	144
   664  0010A8  6EAB               	movwf	171,c	;volatile
   665                           
   666                           ;mcc_generated_files/eusart1.c: 77:     TXSTA1 = 0x24;
   667  0010AA  0E24               	movlw	36
   668  0010AC  6EAC               	movwf	172,c	;volatile
   669                           
   670                           ;mcc_generated_files/eusart1.c: 80:     SPBRG1 = 0x44;
   671  0010AE  0E44               	movlw	68
   672  0010B0  6EAF               	movwf	175,c	;volatile
   673                           
   674                           ;mcc_generated_files/eusart1.c: 83:     SPBRGH1 = 0x00;
   675  0010B2  0E00               	movlw	0
   676  0010B4  6EB0               	movwf	176,c	;volatile
   677  0010B6                     
   678                           ;mcc_generated_files/eusart1.c: 86:     EUSART1_SetFramingErrorHandler(EUSART1_DefaultFr
      +                          amingErrorHandler);
   679  0010B6  0E00               	movlw	0
   680  0010B8  6E07               	movwf	EUSART1_SetFramingErrorHandler@interruptHandler^0,c
   681  0010BA  0E00               	movlw	0
   682  0010BC  6E08               	movwf	(EUSART1_SetFramingErrorHandler@interruptHandler+1)^0,c
   683  0010BE  ECB3  F008         	call	_EUSART1_SetFramingErrorHandler	;wreg free
   684  0010C2                     
   685                           ;mcc_generated_files/eusart1.c: 87:     EUSART1_SetOverrunErrorHandler(EUSART1_DefaultOv
      +                          errunErrorHandler);
   686  0010C2  0E00               	movlw	0
   687  0010C4  6E07               	movwf	EUSART1_SetOverrunErrorHandler@interruptHandler^0,c
   688  0010C6  0E00               	movlw	0
   689  0010C8  6E08               	movwf	(EUSART1_SetOverrunErrorHandler@interruptHandler+1)^0,c
   690  0010CA  ECAE  F008         	call	_EUSART1_SetOverrunErrorHandler	;wreg free
   691  0010CE                     
   692                           ;mcc_generated_files/eusart1.c: 88:     EUSART1_SetErrorHandler(EUSART1_DefaultErrorHand
      +                          ler);
   693  0010CE  0E00               	movlw	0
   694  0010D0  6E07               	movwf	EUSART1_SetErrorHandler@interruptHandler^0,c
   695  0010D2  0E00               	movlw	0
   696  0010D4  6E08               	movwf	(EUSART1_SetErrorHandler@interruptHandler+1)^0,c
   697  0010D6  ECB8  F008         	call	_EUSART1_SetErrorHandler	;wreg free
   698  0010DA                     
   699                           ;mcc_generated_files/eusart1.c: 90:     eusart1RxLastError.status = 0;
   700  0010DA  0E00               	movlw	0
   701  0010DC  6E0D               	movwf	_eusart1RxLastError^0,c	;volatile
   702  0010DE  0012               	return		;funcret
   703  0010E0                     __end_of_EUSART1_Initialize:
   704                           	opt callstack 0
   705                           
   706 ;; *************** function _EUSART1_SetOverrunErrorHandler *****************
   707 ;; Defined at:
   708 ;;		line 163 in file "mcc_generated_files/eusart1.c"
   709 ;; Parameters:    Size  Location     Type
   710 ;;  interruptHan    2    0[COMRAM] PTR FTN()void 
   711 ;;		 -> EUSART1_DefaultOverrunErrorHandler(1), 
   712 ;; Auto vars:     Size  Location     Type
   713 ;;		None
   714 ;; Return value:  Size  Location     Type
   715 ;;                  1    wreg      void 
   716 ;; Registers used:
   717 ;;		wreg, status,2, status,0
   718 ;; Tracked objects:
   719 ;;		On entry : 0/0
   720 ;;		On exit  : 0/0
   721 ;;		Unchanged: 0/0
   722 ;; Data sizes:     COMRAM   BANK0   BANK1   BANK2   BANK3   BANK4   BANK5   BANK6   BANK7   BANK8   BANK9  BANK10  BANK1
      +1  BANK12  BANK13  BANK14  BANK15
   723 ;;      Params:         2       0       0       0       0       0       0       0       0       0       0       0       
      +0       0       0       0       0
   724 ;;      Locals:         0       0       0       0       0       0       0       0       0       0       0       0       
      +0       0       0       0       0
   725 ;;      Temps:          0       0       0       0       0       0       0       0       0       0       0       0       
      +0       0       0       0       0
   726 ;;      Totals:         2       0       0       0       0       0       0       0       0       0       0       0       
      +0       0       0       0       0
   727 ;;Total ram usage:        2 bytes
   728 ;; Hardware stack levels used:    1
   729 ;; This function calls:
   730 ;;		Nothing
   731 ;; This function is called by:
   732 ;;		_EUSART1_Initialize
   733 ;; This function uses a non-reentrant model
   734 ;;
   735                           
   736                           	psect	text7
   737  00115C                     __ptext7:
   738                           	opt callstack 0
   739  00115C                     _EUSART1_SetOverrunErrorHandler:
   740                           	opt callstack 28
   741  00115C                     
   742                           ;mcc_generated_files/eusart1.c: 164:     EUSART1_OverrunErrorHandler = interruptHandler;
   743  00115C  C007  F003         	movff	EUSART1_SetOverrunErrorHandler@interruptHandler,_EUSART1_OverrunErrorHandler
   744  001160  C008  F004         	movff	EUSART1_SetOverrunErrorHandler@interruptHandler+1,_EUSART1_OverrunErrorHandler+1
   745  001164  0012               	return		;funcret
   746  001166                     __end_of_EUSART1_SetOverrunErrorHandler:
   747                           	opt callstack 0
   748                           
   749 ;; *************** function _EUSART1_SetFramingErrorHandler *****************
   750 ;; Defined at:
   751 ;;		line 159 in file "mcc_generated_files/eusart1.c"
   752 ;; Parameters:    Size  Location     Type
   753 ;;  interruptHan    2    0[COMRAM] PTR FTN()void 
   754 ;;		 -> EUSART1_DefaultFramingErrorHandler(1), 
   755 ;; Auto vars:     Size  Location     Type
   756 ;;		None
   757 ;; Return value:  Size  Location     Type
   758 ;;                  1    wreg      void 
   759 ;; Registers used:
   760 ;;		wreg, status,2, status,0
   761 ;; Tracked objects:
   762 ;;		On entry : 0/0
   763 ;;		On exit  : 0/0
   764 ;;		Unchanged: 0/0
   765 ;; Data sizes:     COMRAM   BANK0   BANK1   BANK2   BANK3   BANK4   BANK5   BANK6   BANK7   BANK8   BANK9  BANK10  BANK1
      +1  BANK12  BANK13  BANK14  BANK15
   766 ;;      Params:         2       0       0       0       0       0       0       0       0       0       0       0       
      +0       0       0       0       0
   767 ;;      Locals:         0       0       0       0       0       0       0       0       0       0       0       0       
      +0       0       0       0       0
   768 ;;      Temps:          0       0       0       0       0       0       0       0       0       0       0       0       
      +0       0       0       0       0
   769 ;;      Totals:         2       0       0       0       0       0       0       0       0       0       0       0       
      +0       0       0       0       0
   770 ;;Total ram usage:        2 bytes
   771 ;; Hardware stack levels used:    1
   772 ;; This function calls:
   773 ;;		Nothing
   774 ;; This function is called by:
   775 ;;		_EUSART1_Initialize
   776 ;; This function uses a non-reentrant model
   777 ;;
   778                           
   779                           	psect	text8
   780  001166                     __ptext8:
   781                           	opt callstack 0
   782  001166                     _EUSART1_SetFramingErrorHandler:
   783                           	opt callstack 28
   784  001166                     
   785                           ;mcc_generated_files/eusart1.c: 160:     EUSART1_FramingErrorHandler = interruptHandler;
   786  001166  C007  F005         	movff	EUSART1_SetFramingErrorHandler@interruptHandler,_EUSART1_FramingErrorHandler
   787  00116A  C008  F006         	movff	EUSART1_SetFramingErrorHandler@interruptHandler+1,_EUSART1_FramingErrorHandler+1
   788  00116E  0012               	return		;funcret
   789  001170                     __end_of_EUSART1_SetFramingErrorHandler:
   790                           	opt callstack 0
   791                           
   792 ;; *************** function _EUSART1_SetErrorHandler *****************
   793 ;; Defined at:
   794 ;;		line 167 in file "mcc_generated_files/eusart1.c"
   795 ;; Parameters:    Size  Location     Type
   796 ;;  interruptHan    2    0[COMRAM] PTR FTN()void 
   797 ;;		 -> EUSART1_DefaultErrorHandler(1), 
   798 ;; Auto vars:     Size  Location     Type
   799 ;;		None
   800 ;; Return value:  Size  Location     Type
   801 ;;                  1    wreg      void 
   802 ;; Registers used:
   803 ;;		wreg, status,2, status,0
   804 ;; Tracked objects:
   805 ;;		On entry : 0/0
   806 ;;		On exit  : 0/0
   807 ;;		Unchanged: 0/0
   808 ;; Data sizes:     COMRAM   BANK0   BANK1   BANK2   BANK3   BANK4   BANK5   BANK6   BANK7   BANK8   BANK9  BANK10  BANK1
      +1  BANK12  BANK13  BANK14  BANK15
   809 ;;      Params:         2       0       0       0       0       0       0       0       0       0       0       0       
      +0       0       0       0       0
   810 ;;      Locals:         0       0       0       0       0       0       0       0       0       0       0       0       
      +0       0       0       0       0
   811 ;;      Temps:          0       0       0       0       0       0       0       0       0       0       0       0       
      +0       0       0       0       0
   812 ;;      Totals:         2       0       0       0       0       0       0       0       0       0       0       0       
      +0       0       0       0       0
   813 ;;Total ram usage:        2 bytes
   814 ;; Hardware stack levels used:    1
   815 ;; This function calls:
   816 ;;		Nothing
   817 ;; This function is called by:
   818 ;;		_EUSART1_Initialize
   819 ;; This function uses a non-reentrant model
   820 ;;
   821                           
   822                           	psect	text9
   823  001170                     __ptext9:
   824                           	opt callstack 0
   825  001170                     _EUSART1_SetErrorHandler:
   826                           	opt callstack 28
   827  001170                     
   828                           ;mcc_generated_files/eusart1.c: 168:     EUSART1_ErrorHandler = interruptHandler;
   829  001170  C007  F001         	movff	EUSART1_SetErrorHandler@interruptHandler,_EUSART1_ErrorHandler
   830  001174  C008  F002         	movff	EUSART1_SetErrorHandler@interruptHandler+1,_EUSART1_ErrorHandler+1
   831  001178  0012               	return		;funcret
   832  00117A                     __end_of_EUSART1_SetErrorHandler:
   833                           	opt callstack 0
   834                           
   835                           	psect	rparam
   836  0000                     tosu	equ	0xFFF
   837                           tosh	equ	0xFFE
   838                           tosl	equ	0xFFD
   839                           stkptr	equ	0xFFC
   840                           pclatu	equ	0xFFB
   841                           pclath	equ	0xFFA
   842                           pcl	equ	0xFF9
   843                           tblptru	equ	0xFF8
   844                           tblptrh	equ	0xFF7
   845                           tblptrl	equ	0xFF6
   846                           tablat	equ	0xFF5
   847                           prodh	equ	0xFF4
   848                           prodl	equ	0xFF3
   849                           indf0	equ	0xFEF
   850                           postinc0	equ	0xFEE
   851                           postdec0	equ	0xFED
   852                           preinc0	equ	0xFEC
   853                           plusw0	equ	0xFEB
   854                           fsr0h	equ	0xFEA
   855                           fsr0l	equ	0xFE9
   856                           wreg	equ	0xFE8
   857                           indf1	equ	0xFE7
   858                           postinc1	equ	0xFE6
   859                           postdec1	equ	0xFE5
   860                           preinc1	equ	0xFE4
   861                           plusw1	equ	0xFE3
   862                           fsr1h	equ	0xFE2
   863                           fsr1l	equ	0xFE1
   864                           bsr	equ	0xFE0
   865                           indf2	equ	0xFDF
   866                           postinc2	equ	0xFDE
   867                           postdec2	equ	0xFDD
   868                           preinc2	equ	0xFDC
   869                           plusw2	equ	0xFDB
   870                           fsr2h	equ	0xFDA
   871                           fsr2l	equ	0xFD9
   872                           status	equ	0xFD8


Data Sizes:
    Strings     10
    Constant    0
    Data        0
    BSS         2
    Persistent  6
    Stack       0

Auto Spaces:
    Space          Size  Autos    Used
    COMRAM           95      5      13
    BANK0           160      0       0
    BANK1           256      0       0
    BANK2           256      0       0
    BANK3           256      0       0
    BANK4           256      0       0
    BANK5           256      0       0
    BANK6           256      0       0
    BANK7           256      0       0
    BANK8           256      0       0
    BANK9           256      0       0
    BANK10          256      0       0
    BANK11          256      0       0
    BANK12          256      0       0
    BANK13          256      0       0
    BANK14          256      0       0
    BANK15           56      0       0

Pointer List with Targets:

    send_string@x	PTR const unsigned char  size(2) Largest target is 10
		 -> STR_1(CODE[10]), 

    EUSART1_SetErrorHandler@interruptHandler	PTR FTN()void  size(2) Largest target is 1
		 -> EUSART1_DefaultErrorHandler(), 

    EUSART1_ErrorHandler	PTR FTN()void  size(2) Largest target is 1
		 -> Absolute function(), EUSART1_DefaultErrorHandler(), 

    EUSART1_SetOverrunErrorHandler@interruptHandler	PTR FTN()void  size(2) Largest target is 1
		 -> EUSART1_DefaultOverrunErrorHandler(), 

    EUSART1_OverrunErrorHandler	PTR FTN()void  size(2) Largest target is 1
		 -> Absolute function(), EUSART1_DefaultOverrunErrorHandler(), 

    EUSART1_SetFramingErrorHandler@interruptHandler	PTR FTN()void  size(2) Largest target is 1
		 -> EUSART1_DefaultFramingErrorHandler(), 

    EUSART1_FramingErrorHandler	PTR FTN()void  size(2) Largest target is 1
		 -> Absolute function(), EUSART1_DefaultFramingErrorHandler(), 


Critical Paths under _main in COMRAM

    _main->_send_string
    _send_string->_EUSART1_Write
    _EUSART1_Initialize->_EUSART1_SetErrorHandler
    _EUSART1_Initialize->_EUSART1_SetFramingErrorHandler
    _EUSART1_Initialize->_EUSART1_SetOverrunErrorHandler

Critical Paths under _main in BANK0

    None.

Critical Paths under _main in BANK1

    None.

Critical Paths under _main in BANK2

    None.

Critical Paths under _main in BANK3

    None.

Critical Paths under _main in BANK4

    None.

Critical Paths under _main in BANK5

    None.

Critical Paths under _main in BANK6

    None.

Critical Paths under _main in BANK7

    None.

Critical Paths under _main in BANK8

    None.

Critical Paths under _main in BANK9

    None.

Critical Paths under _main in BANK10

    None.

Critical Paths under _main in BANK11

    None.

Critical Paths under _main in BANK12

    None.

Critical Paths under _main in BANK13

    None.

Critical Paths under _main in BANK14

    None.

Critical Paths under _main in BANK15

    None.

Call Graph Tables:

 ---------------------------------------------------------------------------------
 (Depth) Function   	        Calls       Base Space   Used Autos Params    Refs
 ---------------------------------------------------------------------------------
 (0) _main                                                 2     2      0     445
                                              3 COMRAM     2     2      0
                      _EUSART1_Write
                  _SYSTEM_Initialize
                        _send_string
 ---------------------------------------------------------------------------------
 (1) _send_string                                          2     0      2     136
                                              1 COMRAM     2     0      2
                      _EUSART1_Write
 ---------------------------------------------------------------------------------
 (2) _EUSART1_Write                                        1     1      0      15
                                              0 COMRAM     1     1      0
 ---------------------------------------------------------------------------------
 (1) _SYSTEM_Initialize                                    0     0      0     294
                 _EUSART1_Initialize
              _OSCILLATOR_Initialize
             _PIN_MANAGER_Initialize
 ---------------------------------------------------------------------------------
 (2) _PIN_MANAGER_Initialize                               0     0      0       0
 ---------------------------------------------------------------------------------
 (2) _OSCILLATOR_Initialize                                0     0      0       0
 ---------------------------------------------------------------------------------
 (2) _EUSART1_Initialize                                   0     0      0     294
            _EUSART1_SetErrorHandler
     _EUSART1_SetFramingErrorHandler
     _EUSART1_SetOverrunErrorHandler
 ---------------------------------------------------------------------------------
 (3) _EUSART1_SetOverrunErrorHandler                       2     0      2      98
                                              0 COMRAM     2     0      2
 ---------------------------------------------------------------------------------
 (3) _EUSART1_SetFramingErrorHandler                       2     0      2      98
                                              0 COMRAM     2     0      2
 ---------------------------------------------------------------------------------
 (3) _EUSART1_SetErrorHandler                              2     0      2      98
                                              0 COMRAM     2     0      2
 ---------------------------------------------------------------------------------
 Estimated maximum stack depth 3
 ---------------------------------------------------------------------------------

 Call Graph Graphs:

 _main (ROOT)
   _EUSART1_Write
   _SYSTEM_Initialize
     _EUSART1_Initialize
       _EUSART1_SetErrorHandler
       _EUSART1_SetFramingErrorHandler
       _EUSART1_SetOverrunErrorHandler
     _OSCILLATOR_Initialize
     _PIN_MANAGER_Initialize
   _send_string
     _EUSART1_Write

 Address spaces:
Name               Size   Autos  Total    Cost      Usage
BIGRAM             F37      0       0      37        0.0%
EEDATA             400      0       0       0        0.0%
BITBANK14          100      0       0      33        0.0%
BANK14             100      0       0      34        0.0%
BITBANK13          100      0       0      31        0.0%
BANK13             100      0       0      32        0.0%
BITBANK12          100      0       0      29        0.0%
BANK12             100      0       0      30        0.0%
BITBANK11          100      0       0      27        0.0%
BANK11             100      0       0      28        0.0%
BITBANK10          100      0       0      25        0.0%
BANK10             100      0       0      26        0.0%
BITBANK9           100      0       0      23        0.0%
BANK9              100      0       0      24        0.0%
BITBANK8           100      0       0      21        0.0%
BANK8              100      0       0      22        0.0%
BITBANK7           100      0       0      19        0.0%
BANK7              100      0       0      20        0.0%
BITBANK6           100      0       0      17        0.0%
BANK6              100      0       0      18        0.0%
BITBANK5           100      0       0      15        0.0%
BANK5              100      0       0      16        0.0%
BITBANK4           100      0       0      13        0.0%
BANK4              100      0       0      14        0.0%
BITBANK3           100      0       0      10        0.0%
BANK3              100      0       0      11        0.0%
BITBANK2           100      0       0       8        0.0%
BANK2              100      0       0       9        0.0%
BITBANK1           100      0       0       6        0.0%
BANK1              100      0       0       7        0.0%
BITBANK0            A0      0       0       4        0.0%
BANK0               A0      0       0       5        0.0%
BITCOMRAM           5F      0       0       0        0.0%
COMRAM              5F      5       D       1       13.7%
BITBANK15           38      0       0      35        0.0%
BANK15              38      0       0      36        0.0%
BITSFR_1             0      0       0     200        0.0%
SFR_1                0      0       0     200        0.0%
BITSFR               0      0       0     200        0.0%
SFR                  0      0       0     200        0.0%
STACK                0      0       0       2        0.0%
NULL                 0      0       0       0        0.0%
ABS                  0      0       D      12        0.0%
DATA                 0      0       D       3        0.0%
CODE                 0      0       0       0        0.0%


Microchip Technology PIC18 Macro Assembler V2.10 build 88905656 
Symbol Table                                                                                   Tue Dec 17 13:53:43 2019

                                            l15 1142                                              l18 1150  
                                            l57 10A0                                              u10 1130  
                                            u11 112C                                              u70 1118  
                                            u71 1114                                              u87 1030  
                                            u97 104A                                    __CFG_CP0$OFF 000000  
                                  __CFG_CP1$OFF 000000                                    __CFG_CP2$OFF 000000  
                                  __CFG_CP3$OFF 000000                                             l103 10DE  
                                           l130 1134                                             l142 116E  
                                           l127 1122                                             l128 1120  
                                           l145 1164                                             l148 1178  
                                           l166 1118                                             l950 1170  
                                           l870 1144                                             l862 1060  
                                           l960 10DA                                             l952 10A2  
                                           l864 1084                                             l946 1166  
                                           l954 10B6                                             l866 1086  
                                           l962 1136                                             l882 111C  
                                           l970 10F6                                             l948 115C  
                                           l956 10C2                                             l868 109E  
                                           l964 113E                                             l884 1130  
                                           l972 10FA                                             l980 1018  
                                           l958 10CE                                             l966 10E0  
                                           l982 1024                                             l974 100C  
                                           l968 10E4                                             l984 1026  
                                           l976 1010                                             l986 103E  
                                           l978 1012                                             l988 1040  
                                  __CFG_CPB$OFF 000000                                    __CFG_CPD$OFF 000000  
                                           wreg 000FE8                                      _TXSTA1bits 000FAC  
                                  __CFG_LVP$OFF 000000                                            STR_1 1001  
                                          _LATA 000F89                                            _LATB 000F8A  
                                          _LATC 000F8B                                            _LATD 000F8C  
                                          _LATE 000F8D                                            _WPUB 000F61  
                                 _EUSART1_Write 111A                                            _main 100C  
                                 __CFG_BORV$190 000000                                            start 0000  
                                 __CFG_IESO$OFF 000000                                    ___param_bank 000000  
                __size_of_OSCILLATOR_Initialize 000E                   __end_of_OSCILLATOR_Initialize 1152  
                                         ?_main 0007                                  __CFG_DEBUG$OFF 000000  
                                 __CFG_WDTEN$ON 000000                                           _TRISA 000F92  
                                         _TRISB 000F93                                           _TRISC 000F94  
                                         _TRISD 000F95                                           _TRISE 000F96  
                                 __CFG_WRT0$OFF 000000                                   __CFG_WRT1$OFF 000000  
                                 __CFG_WRT2$OFF 000000                                   __CFG_WRT3$OFF 000000  
                                __CFG_EBTR0$OFF 000000                                  __CFG_FCMEN$OFF 000000  
                                __CFG_EBTR1$OFF 000000                                  __CFG_EBTR2$OFF 000000  
                                __CFG_EBTR3$OFF 000000                                   __CFG_WRTB$OFF 000000  
                                 __CFG_WRTC$OFF 000000                                   __CFG_WRTD$OFF 000000  
                                __CFG_EBTRB$OFF 000000                              __CFG_MCLRE$EXTMCLR 000000  
                                ?_EUSART1_Write 0007                                           tablat 000FF5  
                                         status 000FD8                                  __CFG_HFOFST$ON 000000  
                                __CFG_FOSC$HSMP 000000              _EUSART1_DefaultFramingErrorHandler 000000  
                               __initialization 1152                      __end_of_EUSART1_Initialize 10E0  
                                  __end_of_main 1060                                          ??_main 000A  
                                 __activetblptr 000003                                          _ANSELA 000F38  
                                        _ANSELB 000F39                                          _ANSELC 000F3A  
                                        _ANSELD 000F3B                                          _ANSELE 000F3C  
                                  ?_send_string 0008                                          _RCREG1 000FAE  
                                        _RCSTA1 000FAB                                          _OSCCON 000FD3  
                                        _SPBRG1 000FAF                                          _TXREG1 000FAD  
                                        _TXSTA1 000FAC                                  __CFG_PWRTEN$ON 000000  
                                __CFG_XINST$OFF 000000                                  __CFG_STVREN$ON 000000  
                      ?_EUSART1_SetErrorHandler 0007                                          _rxData 000C  
              ??_EUSART1_SetOverrunErrorHandler 0009                 ?_EUSART1_SetOverrunErrorHandler 0007  
                                  __mediumconst 0000                                          tblptrh 000FF7  
                                        tblptrl 000FF6                                          tblptru 000FF8  
                               ??_EUSART1_Write 0007                               _SYSTEM_Initialize 1136  
                                    __accesstop 0060                         __end_of__initialization 1156  
                               __CFG_PBADEN$OFF 000000                              ?_SYSTEM_Initialize 0007  
                                 ___rparam_used 000001                                  __pcstackCOMRAM 0007  
                           ??_SYSTEM_Initialize 0009                       __end_of_SYSTEM_Initialize 1144  
                               __CFG_PLLCFG$OFF 000000                                      __pnvCOMRAM 0001  
               __end_of_EUSART1_SetErrorHandler 117A                              __CFG_CCP2MX$PORTC1 000000  
                            __CFG_CCP3MX$PORTB5 000000          __end_of_EUSART1_SetFramingErrorHandler 1170  
       __size_of_EUSART1_SetFramingErrorHandler 000A                  _EUSART1_SetFramingErrorHandler 1166  
                                       _OSCCON2 000FD2                                         _OSCTUNE 000F9B  
                                       _SPBRGH1 000FB0                            __size_of_send_string 003A  
                                       __Hparam 0000                                         __Lparam 0000  
                                  __psmallconst 1000                                         __pcinit 1152  
                                       __ramtop 1000                                         __ptext0 100C  
                                       __ptext1 10E0                                         __ptext2 111A  
                                       __ptext3 1136                                         __ptext4 1060  
                                       __ptext5 1144                                         __ptext6 10A2  
                                       __ptext7 115C                                         __ptext8 1166  
                                       __ptext9 1170                           _OSCILLATOR_Initialize 1144  
                            _EUSART1_Initialize 10A2                        ??_PIN_MANAGER_Initialize 0007  
                    __size_of_SYSTEM_Initialize 000E                            end_of_initialization 1156  
                           ?_EUSART1_Initialize 0007                     _EUSART1_OverrunErrorHandler 0003  
                          ??_EUSART1_Initialize 0009                __size_of_EUSART1_SetErrorHandler 000A  
                           EUSART1_Write@txData 0007                          ?_OSCILLATOR_Initialize 0007  
                           start_initialization 1152                 __size_of_PIN_MANAGER_Initialize 0042  
                         __end_of_EUSART1_Write 1136                                     __pbssCOMRAM 000C  
              ??_EUSART1_SetFramingErrorHandler 0009                 ?_EUSART1_SetFramingErrorHandler 0007  
                        _PIN_MANAGER_Initialize 1060                                __CFG_PRICLKEN$ON 000000  
                                   __smallconst 1000                                        _BAUDCON1 000FB8  
            _EUSART1_DefaultOverrunErrorHandler 000000                            _EUSART1_ErrorHandler 0001  
                       _EUSART1_SetErrorHandler 1170                                   ??_send_string 000A  
                                      _LATAbits 000F89         EUSART1_SetErrorHandler@interruptHandler 0007  
                                      _LATBbits 000F8A                                        _PIR1bits 000F9E  
                              __CFG_WDTPS$32768 000000                                     _INTCON2bits 000FF1  
                                      __Hrparam 0000                                    send_string@x 0008  
                           __end_of_send_string 111A                                        __Lrparam 0000  
                            __CFG_BOREN$SBORDIS 000000                               __CFG_P2BMX$PORTD2 000000  
                       ??_OSCILLATOR_Initialize 0007                     __size_of_EUSART1_Initialize 003E  
                     ??_EUSART1_SetErrorHandler 0009                     _EUSART1_DefaultErrorHandler 000000  
                                 __size_of_main 0054  EUSART1_SetOverrunErrorHandler@interruptHandler 0007  
                   _EUSART1_FramingErrorHandler 0005                                      _INTCONbits 000FF2  
                                   _send_string 10E0                         ?_PIN_MANAGER_Initialize 0007  
        __end_of_EUSART1_SetOverrunErrorHandler 1166         __size_of_EUSART1_SetOverrunErrorHandler 000A  
                _EUSART1_SetOverrunErrorHandler 115C                                      _RCSTA1bits 000FAB  
EUSART1_SetFramingErrorHandler@interruptHandler 0007                          __size_of_EUSART1_Write 001C  
                            _eusart1RxLastError 000D                               __CFG_T3CMX$PORTC0 000000  
                __end_of_PIN_MANAGER_Initialize 10A2  
