;  ASM code generated by mikroVirtualMachine for PIC - V. 8.2.0.0
;  Date/Time: 9/4/2016 10:09:36 PM
;  Info: http://www.mikroe.com


; ADDRESS	OPCODE	ASM
; ----------------------------------------------
$0000	$2804			GOTO	_main
$0004	$	_main:
;complete_port.c,1 :: 		void main ()
;complete_port.c,3 :: 		TRISB=0;
$0004	$1303			BCF	STATUS, RP1
$0005	$1683			BSF	STATUS, RP0
$0006	$0186			CLRF	TRISB, 1
;complete_port.c,4 :: 		PORTB=0XFF;
$0007	$30FF			MOVLW	255
$0008	$1283			BCF	STATUS, RP0
$0009	$0086			MOVWF	PORTB
;complete_port.c,5 :: 		DELAY_ms(1000);
$000A	$300B			MOVLW	11
$000B	$00FC			MOVWF	STACK_12
$000C	$30FF			MOVLW	255
$000D	$00FB			MOVWF	STACK_11
$000E	$30FF			MOVLW	255
$000F	$00FA			MOVWF	STACK_10
$0010	$0BFC			DECFSZ	STACK_12, F
$0011	$2813			GOTO	$+2
$0012	$281A			GOTO	$+8
$0013	$0BFB			DECFSZ	STACK_11, F
$0014	$2816			GOTO	$+2
$0015	$2819			GOTO	$+4
$0016	$0BFA			DECFSZ	STACK_10, F
$0017	$2816			GOTO	$-1
$0018	$2813			GOTO	$-5
$0019	$2810			GOTO	$-9
$001A	$3033			MOVLW	51
$001B	$00FB			MOVWF	STACK_11
$001C	$30FF			MOVLW	255
$001D	$00FA			MOVWF	STACK_10
$001E	$0BFB			DECFSZ	STACK_11, F
$001F	$2821			GOTO	$+2
$0020	$2824			GOTO	$+4
$0021	$0BFA			DECFSZ	STACK_10, F
$0022	$2821			GOTO	$-1
$0023	$281E			GOTO	$-5
$0024	$3088			MOVLW	136
$0025	$00FA			MOVWF	STACK_10
$0026	$0BFA			DECFSZ	STACK_10, F
$0027	$2826			GOTO	$-1
;complete_port.c,6 :: 		PORTB=0X00;
$0028	$0186			CLRF	PORTB, 1
;complete_port.c,7 :: 		DELAY_ms(1000);
$0029	$300B			MOVLW	11
$002A	$00FC			MOVWF	STACK_12
$002B	$30FF			MOVLW	255
$002C	$00FB			MOVWF	STACK_11
$002D	$30FF			MOVLW	255
$002E	$00FA			MOVWF	STACK_10
$002F	$0BFC			DECFSZ	STACK_12, F
$0030	$2832			GOTO	$+2
$0031	$2839			GOTO	$+8
$0032	$0BFB			DECFSZ	STACK_11, F
$0033	$2835			GOTO	$+2
$0034	$2838			GOTO	$+4
$0035	$0BFA			DECFSZ	STACK_10, F
$0036	$2835			GOTO	$-1
$0037	$2832			GOTO	$-5
$0038	$282F			GOTO	$-9
$0039	$3033			MOVLW	51
$003A	$00FB			MOVWF	STACK_11
$003B	$30FF			MOVLW	255
$003C	$00FA			MOVWF	STACK_10
$003D	$0BFB			DECFSZ	STACK_11, F
$003E	$2840			GOTO	$+2
$003F	$2843			GOTO	$+4
$0040	$0BFA			DECFSZ	STACK_10, F
$0041	$2840			GOTO	$-1
$0042	$283D			GOTO	$-5
$0043	$3088			MOVLW	136
$0044	$00FA			MOVWF	STACK_10
$0045	$0BFA			DECFSZ	STACK_10, F
$0046	$2845			GOTO	$-1
;complete_port.c,8 :: 		}
$0047	$2847			GOTO	$


//** Procedures locations **
//ADDRESS		PROCEDURE
//----------------------------------------------
$0004		main


//** Labels locations **
//ADDRESS		LABEL
//----------------------------------------------
$0004		_main:


//** Variables locations **
//ADDRESS		VARIABLE
//----------------------------------------------
$0000		INDF
$0002		PCL
$0003		STATUS
$0004		FSR
$0006		PORTB
$000A		PCLATH
$0070		STACK_0
$0071		STACK_1
$0072		STACK_2
$0073		STACK_3
$0074		STACK_4
$0075		STACK_5
$0076		STACK_6
$0077		STACK_7
$0078		STACK_8
$0079		STACK_9
$007A		STACK_10
$007B		STACK_11
$007C		STACK_12
$007D		STACK_13
$007E		STACK_14
$007F		STACK_15
$0086		TRISB


