

Microchip Technology PIC LITE Macro Assembler V1.41 build -162212810 
                                                                                               Tue Aug 27 15:25:34 2019

Microchip Technology Omniscient Code Generator v1.41 (Free mode) build 201701250102
     1                           	processor	16F690
     2                           	opt	pw 120
     3                           	opt	lm
     4                           	psect	cinit,global,class=CODE,merge=1,delta=2
     5                           	psect	cstackCOMMON,global,class=COMMON,space=1,delta=1
     6                           	psect	maintext,global,class=CODE,split=1,delta=2
     7                           	psect	text1,local,class=CODE,merge=1,delta=2
     8                           	psect	intentry,global,class=CODE,delta=2
     9                           	dabs	1,0x7E,2
    10  0000                     
    11                           ; Version 1.41
    12                           ; Generated 25/01/2017 GMT
    13                           ; 
    14                           ; Copyright © 2017, Microchip Technology Inc. and its subsidiaries ("Microchip")
    15                           ; All rights reserved.
    16                           ; 
    17                           ; This software is developed by Microchip Technology Inc. and its subsidiaries ("Microch
      +                          ip").
    18                           ; 
    19                           ; Redistribution and use in source and binary forms, with or without modification, are
    20                           ; permitted provided that the following conditions are met:
    21                           ; 
    22                           ;     1. Redistributions of source code must retain the above copyright notice, this lis
      +                          t of
    23                           ;        conditions and the following disclaimer.
    24                           ; 
    25                           ;     2. Redistributions in binary form must reproduce the above copyright notice, this 
      +                          list
    26                           ;        of conditions and the following disclaimer in the documentation and/or other
    27                           ;        materials provided with the distribution.
    28                           ; 
    29                           ;     3. Microchip's name may not be used to endorse or promote products derived from th
      +                          is
    30                           ;        software without specific prior written permission.
    31                           ; 
    32                           ; THIS SOFTWARE IS PROVIDED BY MICROCHIP "AS IS" AND ANY EXPRESS OR IMPLIED WARRANTIES,
    33                           ; INCLUDING, BUT NOT LIMITED TO, THE IMPLIED WARRANTIES OF MERCHANTABILITY AND FITNESS F
      +                          OR
    34                           ; PURPOSE ARE DISCLAIMED.  IN NO EVENT SHALL MICROCHIP BE LIABLE FOR ANY DIRECT, INDIREC
      +                          T,
    35                           ; INCIDENTAL, SPECIAL, EXEMPLARY, OR CONSEQUENTIAL DAMAGES (INCLUDING BUT NOT LIMITED TO
    36                           ; PROCUREMENT OF SUBSTITUTE GOODS OR SERVICES; LOSS OF USE, DATA OR PROFITS; OR BUSINESS
    37                           ; INTERRUPTION) HOWSOEVER CAUSED AND ON ANY THEORY OF LIABILITY, WHETHER IN CONTRACT, ST
      +                          RICT
    38                           ; LIABILITY, OR TORT (INCLUDING NEGLIGENCE OR OTHERWISE) ARISING IN ANY WAY OUT OF THE U
      +                          SE OF
    39                           ; THIS SOFTWARE, EVEN IF ADVISED OF THE POSSIBILITY OF SUCH DAMAGE.
    40                           ; 
    41                           ; 
    42                           ; Code-generator required, PIC16F690 Definitions
    43                           ; 
    44                           ; SFR Addresses
    45  0000                     	;# 
    46  0001                     	;# 
    47  0002                     	;# 
    48  0003                     	;# 
    49  0004                     	;# 
    50  0005                     	;# 
    51  0006                     	;# 
    52  0007                     	;# 
    53  000A                     	;# 
    54  000B                     	;# 
    55  000C                     	;# 
    56  000D                     	;# 
    57  000E                     	;# 
    58  000E                     	;# 
    59  000F                     	;# 
    60  0010                     	;# 
    61  0011                     	;# 
    62  0012                     	;# 
    63  0013                     	;# 
    64  0014                     	;# 
    65  0015                     	;# 
    66  0015                     	;# 
    67  0016                     	;# 
    68  0017                     	;# 
    69  0018                     	;# 
    70  0019                     	;# 
    71  001A                     	;# 
    72  001C                     	;# 
    73  001D                     	;# 
    74  001E                     	;# 
    75  001F                     	;# 
    76  0081                     	;# 
    77  0085                     	;# 
    78  0086                     	;# 
    79  0087                     	;# 
    80  008C                     	;# 
    81  008D                     	;# 
    82  008E                     	;# 
    83  008F                     	;# 
    84  0090                     	;# 
    85  0092                     	;# 
    86  0093                     	;# 
    87  0093                     	;# 
    88  0093                     	;# 
    89  0094                     	;# 
    90  0095                     	;# 
    91  0095                     	;# 
    92  0096                     	;# 
    93  0096                     	;# 
    94  0097                     	;# 
    95  0098                     	;# 
    96  0099                     	;# 
    97  009A                     	;# 
    98  009B                     	;# 
    99  009E                     	;# 
   100  009F                     	;# 
   101  010C                     	;# 
   102  010C                     	;# 
   103  010D                     	;# 
   104  010E                     	;# 
   105  010F                     	;# 
   106  0115                     	;# 
   107  0116                     	;# 
   108  0118                     	;# 
   109  0119                     	;# 
   110  011A                     	;# 
   111  011B                     	;# 
   112  011E                     	;# 
   113  011F                     	;# 
   114  018C                     	;# 
   115  018D                     	;# 
   116  019D                     	;# 
   117  019E                     	;# 
   118  0001                     _TMR0	set	1
   119  000B                     _INTCONbits	set	11
   120  0081                     _OPTION_REGbits	set	129
   121  0086                     _TRISBbits	set	134
   122  0087                     _TRISC	set	135
   123  0086                     _TRISB	set	134
   124  0085                     _TRISA	set	133
   125  011F                     _ANSELH	set	287
   126  011E                     _ANSEL	set	286
   127                           
   128                           ; #config settings
   129  0000                     
   130                           	psect	cinit
   131  0013                     start_initialization:	
   132  0013                     __initialization:	
   133  0013                     end_of_initialization:	
   134                           ;End of C runtime variable initialization code
   135                           
   136  0013                     __end_of__initialization:	
   137  0013  0183               	clrf	3
   138  0014  118A  2816         	ljmp	_main	;jump to C main() function
   139                           
   140                           	psect	cstackCOMMON
   141  0070                     __pcstackCOMMON:	
   142  0070                     ?_isr:	
   143  0070                     ??_isr:	
   144                           ; 1 bytes @ 0x0
   145                           
   146  0070                     ?_main:	
   147                           ; 1 bytes @ 0x0
   148                           
   149                           
   150                           ; 2 bytes @ 0x0
   151  0070                     	ds	4
   152  0074                     ??_main:	
   153                           
   154                           	psect	maintext
   155  0016                     __pmaintext:	
   156                           ; 1 bytes @ 0x4
   157 ;;
   158 ;;Main: autosize = 0, tempsize = 0, incstack = 0, save=0
   159 ;;
   160 ;; *************** function _main *****************
   161 ;; Defined at:
   162 ;;		line 33 in file "main_timer.c"
   163 ;; Parameters:    Size  Location     Type
   164 ;;		None
   165 ;; Auto vars:     Size  Location     Type
   166 ;;		None
   167 ;; Return value:  Size  Location     Type
   168 ;;                  2   23[None  ] int 
   169 ;; Registers used:
   170 ;;		wreg, status,2, status,0
   171 ;; Tracked objects:
   172 ;;		On entry : B00/0
   173 ;;		On exit  : 0/0
   174 ;;		Unchanged: 0/0
   175 ;; Data sizes:     COMMON   BANK0   BANK1   BANK2
   176 ;;      Params:         0       0       0       0
   177 ;;      Locals:         0       0       0       0
   178 ;;      Temps:          0       0       0       0
   179 ;;      Totals:         0       0       0       0
   180 ;;Total ram usage:        0 bytes
   181 ;; Hardware stack levels required when called:    1
   182 ;; This function calls:
   183 ;;		Nothing
   184 ;; This function is called by:
   185 ;;		Startup code after reset
   186 ;; This function uses a non-reentrant model
   187 ;;
   188                           
   189                           
   190                           ;psect for function _main
   191  0016                     _main:	
   192                           
   193                           ;main_timer.c: 35: TRISA = 0xFF;
   194                           
   195                           ;incstack = 0
   196                           ; Regs used in _main: [wreg+status,2+status,0]
   197  0016  30FF               	movlw	255
   198  0017  1683               	bsf	3,5	;RP0=1, select bank1
   199  0018  1303               	bcf	3,6	;RP1=0, select bank1
   200  0019  0085               	movwf	5	;volatile
   201                           
   202                           ;main_timer.c: 36: TRISB = 0xFF;
   203  001A  30FF               	movlw	255
   204  001B  0086               	movwf	6	;volatile
   205                           
   206                           ;main_timer.c: 37: TRISC = 0xFF;
   207  001C  30FF               	movlw	255
   208  001D  0087               	movwf	7	;volatile
   209                           
   210                           ;main_timer.c: 39: ANSEL = 0x00;
   211  001E  1283               	bcf	3,5	;RP0=0, select bank2
   212  001F  1703               	bsf	3,6	;RP1=1, select bank2
   213  0020  019E               	clrf	30	;volatile
   214                           
   215                           ;main_timer.c: 40: ANSELH = 0x00;
   216  0021  019F               	clrf	31	;volatile
   217                           
   218                           ;main_timer.c: 42: TRISBbits.TRISB7 = 0;
   219  0022  1683               	bsf	3,5	;RP0=1, select bank1
   220  0023  1303               	bcf	3,6	;RP1=0, select bank1
   221  0024  1386               	bcf	6,7	;volatile
   222                           
   223                           ;main_timer.c: 46: OPTION_REGbits.PSA = 0;
   224  0025  1181               	bcf	1,3	;volatile
   225                           
   226                           ;main_timer.c: 48: OPTION_REGbits.PS = 0b111;
   227  0026  3007               	movlw	7
   228  0027  0481               	iorwf	1,f	;volatile
   229                           
   230                           ;main_timer.c: 49: OPTION_REGbits.T0CS = 0;
   231  0028  1281               	bcf	1,5	;volatile
   232                           
   233                           ;main_timer.c: 53: INTCONbits.T0IF = 0;
   234  0029  110B               	bcf	11,2	;volatile
   235                           
   236                           ;main_timer.c: 54: TMR0 = 0;
   237  002A  1283               	bcf	3,5	;RP0=0, select bank0
   238  002B  1303               	bcf	3,6	;RP1=0, select bank0
   239  002C  0181               	clrf	1	;volatile
   240                           
   241                           ;main_timer.c: 55: INTCONbits.T0IE = 1;
   242  002D  168B               	bsf	11,5	;volatile
   243                           
   244                           ;main_timer.c: 56: INTCONbits.GIE = 1;
   245  002E  178B               	bsf	11,7	;volatile
   246  002F                     l24:	
   247                           ;main_timer.c: 58: while(1)
   248                           
   249                           
   250                           ;main_timer.c: 59: {
   251  002F  282F               	goto	l24
   252  0030                     __end_of_main:	
   253                           ;main_timer.c: 66: }
   254                           ;main_timer.c: 68: return 0;
   255                           ;	Return value of _main is never used
   256                           
   257                           
   258                           	psect	text1
   259  0030                     __ptext1:	
   260 ;; *************** function _isr *****************
   261 ;; Defined at:
   262 ;;		line 21 in file "main_timer.c"
   263 ;; Parameters:    Size  Location     Type
   264 ;;		None
   265 ;; Auto vars:     Size  Location     Type
   266 ;;		None
   267 ;; Return value:  Size  Location     Type
   268 ;;                  1    wreg      void 
   269 ;; Registers used:
   270 ;;		status,2
   271 ;; Tracked objects:
   272 ;;		On entry : 0/0
   273 ;;		On exit  : 0/0
   274 ;;		Unchanged: 0/0
   275 ;; Data sizes:     COMMON   BANK0   BANK1   BANK2
   276 ;;      Params:         0       0       0       0
   277 ;;      Locals:         0       0       0       0
   278 ;;      Temps:          4       0       0       0
   279 ;;      Totals:         4       0       0       0
   280 ;;Total ram usage:        4 bytes
   281 ;; Hardware stack levels used:    1
   282 ;; This function calls:
   283 ;;		Nothing
   284 ;; This function is called by:
   285 ;;		Interrupt level 1
   286 ;; This function uses a non-reentrant model
   287 ;;
   288                           
   289                           
   290                           ;psect for function _isr
   291  0030                     _isr:	
   292                           
   293                           ;main_timer.c: 23: INTCONbits.T0IF = 0;
   294  0030  110B               	bcf	11,2	;volatile
   295                           
   296                           ;main_timer.c: 24: TMR0 = 0;
   297  0031  0181               	clrf	1	;volatile
   298  0032  0873               	movf	??_isr+3,w
   299  0033  00FF               	movwf	127
   300  0034  0872               	movf	??_isr+2,w
   301  0035  008A               	movwf	10
   302  0036  0871               	movf	??_isr+1,w
   303  0037  0084               	movwf	4
   304  0038  0E70               	swapf	??_isr^(0+-128),w
   305  0039  0083               	movwf	3
   306  003A  0EFE               	swapf	126,f
   307  003B  0E7E               	swapf	126,w
   308  003C  0009               	retfie
   309  003D                     __end_of_isr:	
   310  007E                     btemp	set	126	;btemp
   311  007E                     wtemp0	set	126
   312                           
   313                           	psect	intentry
   314  0004                     __pintentry:	
   315                           ;incstack = 0
   316                           ; Regs used in _isr: [status,2]
   317                           
   318  0004                     interrupt_function:	
   319  007E                     saved_w	set	btemp
   320  0004  00FE               	movwf	btemp
   321  0005  0E03               	swapf	3,w
   322  0006  00F0               	movwf	??_isr
   323  0007  0804               	movf	4,w
   324  0008  00F1               	movwf	??_isr+1
   325  0009  080A               	movf	10,w
   326  000A  00F2               	movwf	??_isr+2
   327  000B  1283               	bcf	3,5	;RP0=0, select bank0
   328  000C  1303               	bcf	3,6	;RP1=0, select bank0
   329  000D  087F               	movf	btemp+1,w
   330  000E  00F3               	movwf	??_isr+3
   331  000F  118A  2830         	ljmp	_isr


Data Sizes:
    Strings     0
    Constant    0
    Data        0
    BSS         0
    Persistent  0
    Stack       0

Auto Spaces:
    Space          Size  Autos    Used
    COMMON           14      4       4
    BANK0            80      0       0
    BANK1            80      0       0
    BANK2            80      0       0

Pointer List with Targets:

    None.

Critical Paths under _main in COMMON

    None.

Critical Paths under _isr in COMMON

    None.

Critical Paths under _main in BANK0

    None.

Critical Paths under _isr in BANK0

    None.

Critical Paths under _main in BANK1

    None.

Critical Paths under _isr in BANK1

    None.

Critical Paths under _main in BANK2

    None.

Critical Paths under _isr in BANK2

    None.

Call Graph Tables:

 ---------------------------------------------------------------------------------
 (Depth) Function   	        Calls       Base Space   Used Autos Params    Refs
 ---------------------------------------------------------------------------------
 (0) _main                                                 0     0      0       0
 ---------------------------------------------------------------------------------
 Estimated maximum stack depth 0
 ---------------------------------------------------------------------------------
 (Depth) Function   	        Calls       Base Space   Used Autos Params    Refs
 ---------------------------------------------------------------------------------
 (1) _isr                                                  4     4      0       0
                                              0 COMMON     4     4      0
 ---------------------------------------------------------------------------------
 Estimated maximum stack depth 1
 ---------------------------------------------------------------------------------

 Call Graph Graphs:

 _main (ROOT)

 _isr (ROOT)

 Address spaces:
Name               Size   Autos  Total    Cost      Usage
BITCOMMON            E      0       0       0        0.0%
EEDATA             100      0       0       0        0.0%
NULL                 0      0       0       0        0.0%
CODE                 0      0       0       0        0.0%
COMMON               E      4       4       1       28.6%
BITSFR0              0      0       0       1        0.0%
SFR0                 0      0       0       1        0.0%
BITSFR1              0      0       0       2        0.0%
SFR1                 0      0       0       2        0.0%
STACK                0      0       0       2        0.0%
BANK0               50      0       0       3        0.0%
BITBANK1            50      0       0       4        0.0%
BITSFR3              0      0       0       4        0.0%
SFR3                 0      0       0       4        0.0%
BANK1               50      0       0       5        0.0%
BITSFR2              0      0       0       5        0.0%
SFR2                 0      0       0       5        0.0%
BITBANK2            50      0       0       6        0.0%
BANK2               50      0       0       7        0.0%
ABS                  0      0       0       8        0.0%
BITBANK0            50      0       0       9        0.0%
DATA                 0      0       0      10        0.0%


Microchip Technology PIC Macro Assembler V1.41 build -162212810 
Symbol Table                                                                                   Tue Aug 27 15:25:34 2019

            __CFG_CP$OFF 0000                       l24 002F             __CFG_CPD$OFF 0000  
                    _isr 0030                      fsr0 0004                     ?_isr 0070  
                   _TMR0 0001                     _main 0016                     btemp 007E  
                   start 0011            __CFG_IESO$OFF 0000            __CFG_MCLRE$ON 0000  
                  ??_isr 0070                    ?_main 0070            __CFG_WDTE$OFF 0000  
                  _ANSEL 011E                    _TRISA 0085                    _TRISB 0086  
                  _TRISC 0087           __CFG_FCMEN$OFF 0000           __CFG_BOREN$OFF 0000  
                  pclath 000A                    status 0003                    wtemp0 007E  
        __initialization 0013             __end_of_main 0030                   ??_main 0074  
                 _ANSELH 011F           __CFG_PWRTE$OFF 0000                   saved_w 007E  
__end_of__initialization 0013           __pcstackCOMMON 0070           _OPTION_REGbits 0081  
             __pmaintext 0016               __pintentry 0004                  __ptext1 0030  
           __size_of_isr 000D     end_of_initialization 0013                _TRISBbits 0086  
    start_initialization 0013              __end_of_isr 003D                ___latbits 0001  
      interrupt_function 0004            __size_of_main 001A               _INTCONbits 000B  
               intlevel1 0000        __CFG_FOSC$INTRCIO 0000  
