

Microchip MPLAB XC8 Assembler V2.10 build 88905656 
                                                                                               Tue Dec 17 17:31:13 2019

Microchip MPLAB XC8 C Compiler v2.10 (Free license) build 20190730164152 Og1 
     1                           	processor	18F46K22
     2                           	fnconf	rparam,??,?,0
     3                           	opt	pw 120
     4                           	opt	flic
     5                           	psect	smallconst,global,reloc=2,class=SMALLCONST,delta=1,noexec
     6                           	psect	cinit,global,reloc=2,class=CODE,delta=1
     7                           	psect	cstackCOMRAM,global,class=COMRAM,space=1,delta=1,noexec
     8                           	psect	text0,global,reloc=2,class=CODE,delta=1
     9                           	psect	text1,global,reloc=2,class=CODE,delta=1
    10                           	psect	text2,global,reloc=2,class=CODE,delta=1
    11                           	psect	text3,global,reloc=2,class=CODE,delta=1
    12                           	psect	text4,global,reloc=2,class=CODE,delta=1
    13                           	psect	intsave_regs,global,class=BIGRAM,space=1,delta=1,noexec
    14                           	psect	rparam,global,class=COMRAM,space=1,delta=1,noexec
    15  0000                     
    16                           ; Version 2.10
    17                           ; Generated 31/07/2019 GMT
    18                           ; 
    19                           ; Copyright © 2019, Microchip Technology Inc. and its subsidiaries ("Microchip")
    20                           ; All rights reserved.
    21                           ; 
    22                           ; This software is developed by Microchip Technology Inc. and its subsidiaries ("Microch
      +                          ip").
    23                           ; 
    24                           ; Redistribution and use in source and binary forms, with or without modification, are
    25                           ; permitted provided that the following conditions are met:
    26                           ; 
    27                           ;     1. Redistributions of source code must retain the above copyright notice, this lis
      +                          t of
    28                           ;        conditions and the following disclaimer.
    29                           ; 
    30                           ;     2. Redistributions in binary form must reproduce the above copyright notice, this 
      +                          list
    31                           ;        of conditions and the following disclaimer in the documentation and/or other
    32                           ;        materials provided with the distribution.
    33                           ; 
    34                           ;     3. Microchip's name may not be used to endorse or promote products derived from th
      +                          is
    35                           ;        software without specific prior written permission.
    36                           ; 
    37                           ; THIS SOFTWARE IS PROVIDED BY MICROCHIP "AS IS" AND ANY EXPRESS OR IMPLIED WARRANTIES,
    38                           ; INCLUDING, BUT NOT LIMITED TO, THE IMPLIED WARRANTIES OF MERCHANTABILITY AND FITNESS F
      +                          OR
    39                           ; PURPOSE ARE DISCLAIMED.  IN NO EVENT SHALL MICROCHIP BE LIABLE FOR ANY DIRECT, INDIREC
      +                          T,
    40                           ; INCIDENTAL, SPECIAL, EXEMPLARY, OR CONSEQUENTIAL DAMAGES (INCLUDING BUT NOT LIMITED TO
    41                           ; PROCUREMENT OF SUBSTITUTE GOODS OR SERVICES; LOSS OF USE, DATA OR PROFITS; OR BUSINESS
    42                           ; INTERRUPTION) HOWSOEVER CAUSED AND ON ANY THEORY OF LIABILITY, WHETHER IN CONTRACT, ST
      +                          RICT
    43                           ; LIABILITY, OR TORT (INCLUDING NEGLIGENCE OR OTHERWISE) ARISING IN ANY WAY OUT OF THE U
      +                          SE OF
    44                           ; THIS SOFTWARE, EVEN IF ADVISED OF THE POSSIBILITY OF SUCH DAMAGE.
    45                           ; 
    46                           ; 
    47                           ; Code-generator required, PIC18F46K22 Definitions
    48                           ; 
    49                           ; SFR Addresses
    50  0000                     _ANSELCbits	set	3898
    51  0000                     _RCREG1	set	4014
    52  0000                     _TXREG1	set	4013
    53  0000                     _LATAbits	set	3977
    54  0000                     _INTCONbits	set	4082
    55  0000                     _RCONbits	set	4048
    56  0000                     _IPR1bits	set	3999
    57  0000                     _PIE1bits	set	3997
    58  0000                     _PIR1bits	set	3998
    59  0000                     _TRISAbits	set	3986
    60  0000                     _TRISCbits	set	3988
    61  0000                     _RCSTA1bits	set	4011
    62  0000                     _TXSTA1bits	set	4012
    63  0000                     _SPBRGH1	set	4016
    64  0000                     _SPBRG1	set	4015
    65  0000                     _BAUDCON1	set	4024
    66  0000                     _LATBbits	set	3978
    67  0000                     _TRISBbits	set	3987
    68                           
    69                           	psect	smallconst
    70  001000                     __psmallconst:
    71                           	opt callstack 0
    72  001000  00                 	db	0
    73  001001                     STR_1:
    74                           
    75                           ; BSR set to: 15
    76  001001  68                 	db	104	;'h'
    77  001002  65                 	db	101	;'e'
    78  001003  6C                 	db	108	;'l'
    79  001004  6C                 	db	108	;'l'
    80  001005  6F                 	db	111	;'o'
    81  001006  2F                 	db	47
    82  001007  6E                 	db	110	;'n'
    83  001008  2F                 	db	47
    84  001009  72                 	db	114	;'r'
    85  00100A  00                 	db	0
    86                           
    87                           ; #config settings
    88  00100B  00                 	db	0	; dummy byte at the end
    89  0000                     
    90                           	psect	cinit
    91  00118E                     __pcinit:
    92                           	opt callstack 0
    93  00118E                     start_initialization:
    94                           	opt callstack 0
    95  00118E                     __initialization:
    96                           	opt callstack 0
    97  00118E                     end_of_initialization:
    98                           	opt callstack 0
    99  00118E                     __end_of__initialization:
   100                           	opt callstack 0
   101  00118E  0E00               	movlw	low (__Lmediumconst shr (0+16))
   102  001190  6EF8               	movwf	tblptru,c
   103  001192  0100               	movlb	0
   104  001194  EF06  F008         	goto	_main	;jump to C main() function
   105                           
   106                           	psect	cstackCOMRAM
   107  000001                     __pcstackCOMRAM:
   108                           	opt callstack 0
   109  000001                     UART1_Write@tx_data:
   110                           	opt callstack 0
   111                           
   112                           ; 1 bytes @ 0x0
   113  000001                     	ds	1
   114  000002                     UART1_tx_string@ptr:
   115                           	opt callstack 0
   116                           
   117                           ; 2 bytes @ 0x1
   118  000002                     	ds	2
   119  000004                     ??_main:
   120                           
   121                           ; 1 bytes @ 0x3
   122  000004                     	ds	2
   123  000006                     main@data:
   124                           	opt callstack 0
   125                           
   126                           ; 1 bytes @ 0x5
   127  000006                     	ds	1
   128                           
   129 ;;
   130 ;;Main: autosize = 0, tempsize = 2, incstack = 0, save=0
   131 ;;
   132 ;; *************** function _main *****************
   133 ;; Defined at:
   134 ;;		line 32 in file "main.c"
   135 ;; Parameters:    Size  Location     Type
   136 ;;		None
   137 ;; Auto vars:     Size  Location     Type
   138 ;;  data            1    5[COMRAM] unsigned char 
   139 ;; Return value:  Size  Location     Type
   140 ;;                  1    wreg      void 
   141 ;; Registers used:
   142 ;;		wreg, status,2, status,0, tblptrl, tblptrh, tblptru, cstack
   143 ;; Tracked objects:
   144 ;;		On entry : 0/0
   145 ;;		On exit  : 0/0
   146 ;;		Unchanged: 0/0
   147 ;; Data sizes:     COMRAM   BANK0   BANK1   BANK2   BANK3   BANK4   BANK5   BANK6   BANK7   BANK8   BANK9  BANK10  BANK1
      +1  BANK12  BANK13  BANK14  BANK15
   148 ;;      Params:         0       0       0       0       0       0       0       0       0       0       0       0       
      +0       0       0       0       0
   149 ;;      Locals:         1       0       0       0       0       0       0       0       0       0       0       0       
      +0       0       0       0       0
   150 ;;      Temps:          2       0       0       0       0       0       0       0       0       0       0       0       
      +0       0       0       0       0
   151 ;;      Totals:         3       0       0       0       0       0       0       0       0       0       0       0       
      +0       0       0       0       0
   152 ;;Total ram usage:        3 bytes
   153 ;; Hardware stack levels required when called:    2
   154 ;; This function calls:
   155 ;;		_UART1_Init
   156 ;;		_UART1_Read
   157 ;;		_UART1_Write
   158 ;;		_UART1_tx_string
   159 ;; This function is called by:
   160 ;;		Startup code after reset
   161 ;; This function uses a non-reentrant model
   162 ;;
   163                           
   164                           	psect	text0
   165  00100C                     __ptext0:
   166                           	opt callstack 0
   167  00100C                     _main:
   168                           	opt callstack 29
   169  00100C                     
   170                           ;main.c: 34:                     LATBbits.LATB3 = 1;;main.c: 35:                     LAT
      +                          Bbits.LATB0 = 0;
   171  00100C  9093               	bcf	147,0,c	;volatile
   172                           
   173                           ;main.c: 36:                     _delay((unsigned long)((500)*(16000000/4000.0)));
   174  00100E  9693               	bcf	147,3,c	;volatile
   175  001010                     
   176                           ;main.c: 37:                     LATBbits.LATB3 = 0;
   177  001010  EC91  F008         	call	_UART1_Init	;wreg free
   178  001014                     l873:
   179                           
   180                           ;main.c: 39:                     break;;main.c: 40:                 default:
   181  001014  0E41               	movlw	65
   182  001016  ECAA  F008         	call	_UART1_Write
   183  00101A                     
   184                           ;main.c: 41:                     UART1_tx_string("hello/n/r");
   185  00101A  0E15               	movlw	21
   186  00101C  6E05               	movwf	(??_main+1)^0,c
   187  00101E  0E4B               	movlw	75
   188  001020  6E04               	movwf	??_main^0,c
   189  001022  0EBE               	movlw	190
   190  001024                     u67:
   191  001024  2EE8               	decfsz	wreg,f,c
   192  001026  D7FE               	bra	u67
   193  001028  2E04               	decfsz	??_main^0,f,c
   194  00102A  D7FC               	bra	u67
   195  00102C  2E05               	decfsz	(??_main+1)^0,f,c
   196  00102E  D7FA               	bra	u67
   197  001030  D000               	nop2	
   198  001032                     
   199                           ;main.c: 42:        }
   200  001032  ECBD  F008         	call	_UART1_Read	;wreg free
   201  001036  6E06               	movwf	main@data^0,c
   202  001038                     
   203                           ;main.c: 43:     }
   204  001038  5006               	movf	main@data^0,w,c
   205  00103A  ECAA  F008         	call	_UART1_Write
   206                           
   207                           ;main.c: 44: 
   208  00103E  EF5F  F008         	goto	l891
   209  001042                     l53:
   210                           
   211                           ;main.c: 47: 
   212  001042  808A               	bsf	138,0,c	;volatile
   213                           
   214                           ;main.c: 48: void UART1_Init(void)
   215  001044  968A               	bcf	138,3,c	;volatile
   216  001046                     
   217                           ;main.c: 49: {
   218  001046  0E0B               	movlw	11
   219  001048  6E05               	movwf	(??_main+1)^0,c
   220  00104A  0E26               	movlw	38
   221  00104C  6E04               	movwf	??_main^0,c
   222  00104E  0E5E               	movlw	94
   223  001050                     u77:
   224  001050  2EE8               	decfsz	wreg,f,c
   225  001052  D7FE               	bra	u77
   226  001054  2E04               	decfsz	??_main^0,f,c
   227  001056  D7FC               	bra	u77
   228  001058  2E05               	decfsz	(??_main+1)^0,f,c
   229  00105A  D7FA               	bra	u77
   230  00105C                     
   231                           ;main.c: 50: 
   232  00105C  908A               	bcf	138,0,c	;volatile
   233                           
   234                           ;main.c: 51:     BAUDCON1 = 0x08;
   235  00105E  0E0B               	movlw	11
   236  001060  6E05               	movwf	(??_main+1)^0,c
   237  001062  0E26               	movlw	38
   238  001064  6E04               	movwf	??_main^0,c
   239  001066  0E5E               	movlw	94
   240  001068                     u87:
   241  001068  2EE8               	decfsz	wreg,f,c
   242  00106A  D7FE               	bra	u87
   243  00106C  2E04               	decfsz	??_main^0,f,c
   244  00106E  D7FC               	bra	u87
   245  001070  2E05               	decfsz	(??_main+1)^0,f,c
   246  001072  D7FA               	bra	u87
   247                           
   248                           ;main.c: 52:     SPBRG1 = 68;
   249  001074  EF0A  F008         	goto	l873
   250  001078                     l55:
   251                           
   252                           ;main.c: 54:     TXSTA1bits.SYNC = 0;
   253  001078  868A               	bsf	138,3,c	;volatile
   254                           
   255                           ;main.c: 55:     TXSTA1bits.TX9 = 0;
   256  00107A  908A               	bcf	138,0,c	;volatile
   257  00107C                     
   258                           ;main.c: 56:     TXSTA1bits.TXEN = 1;
   259  00107C  0E0B               	movlw	11
   260  00107E  6E05               	movwf	(??_main+1)^0,c
   261  001080  0E26               	movlw	38
   262  001082  6E04               	movwf	??_main^0,c
   263  001084  0E5E               	movlw	94
   264  001086                     u97:
   265  001086  2EE8               	decfsz	wreg,f,c
   266  001088  D7FE               	bra	u97
   267  00108A  2E04               	decfsz	??_main^0,f,c
   268  00108C  D7FC               	bra	u97
   269  00108E  2E05               	decfsz	(??_main+1)^0,f,c
   270  001090  D7FA               	bra	u97
   271  001092                     
   272                           ;main.c: 57:     TXSTA1bits.BRGH = 1;
   273  001092  968A               	bcf	138,3,c	;volatile
   274                           
   275                           ;main.c: 58:     RCSTA1bits.SPEN = 1;
   276  001094  0E0B               	movlw	11
   277  001096  6E05               	movwf	(??_main+1)^0,c
   278  001098  0E26               	movlw	38
   279  00109A  6E04               	movwf	??_main^0,c
   280  00109C  0E5E               	movlw	94
   281  00109E                     u107:
   282  00109E  2EE8               	decfsz	wreg,f,c
   283  0010A0  D7FE               	bra	u107
   284  0010A2  2E04               	decfsz	??_main^0,f,c
   285  0010A4  D7FC               	bra	u107
   286  0010A6  2E05               	decfsz	(??_main+1)^0,f,c
   287  0010A8  D7FA               	bra	u107
   288                           
   289                           ;main.c: 59:     RCSTA1bits.RX9 = 0;
   290  0010AA  EF0A  F008         	goto	l873
   291  0010AE                     l889:
   292                           
   293                           ;main.c: 61:     ANSELCbits.ANSC6 = 0;
   294  0010AE  0E01               	movlw	low STR_1
   295  0010B0  6E02               	movwf	UART1_tx_string@ptr^0,c
   296  0010B2  0E10               	movlw	high STR_1
   297  0010B4  6E03               	movwf	(UART1_tx_string@ptr+1)^0,c
   298  0010B6  EC76  F008         	call	_UART1_tx_string	;wreg free
   299                           
   300                           ;main.c: 62:     ANSELCbits.ANSC7 = 0;
   301  0010BA  EF0A  F008         	goto	l873
   302  0010BE                     l891:
   303  0010BE  5006               	movf	main@data^0,w,c
   304  0010C0  6E04               	movwf	??_main^0,c
   305  0010C2  6A05               	clrf	(??_main+1)^0,c
   306                           
   307                           ; Switch on 2 bytes has been partitioned into a top level switch of size 1, and 1 sub-sw
      +                          itches
   308                           ; Switch size 1, requested type "simple"
   309                           ; Number of cases is 1, Range of values is 0 to 0
   310                           ; switch strategies available:
   311                           ; Name         Instructions Cycles
   312                           ; simple_byte            4     3 (average)
   313                           ;	Chosen strategy is simple_byte
   314  0010C4  5005               	movf	(??_main+1)^0,w,c
   315  0010C6  0A00               	xorlw	0	; case 0
   316  0010C8  B4D8               	btfsc	status,2,c
   317  0010CA  EF69  F008         	goto	l917
   318  0010CE  EF57  F008         	goto	l889
   319  0010D2                     l917:
   320                           
   321                           ; Switch size 1, requested type "simple"
   322                           ; Number of cases is 2, Range of values is 49 to 50
   323                           ; switch strategies available:
   324                           ; Name         Instructions Cycles
   325                           ; simple_byte            7     4 (average)
   326                           ;	Chosen strategy is simple_byte
   327  0010D2  5004               	movf	??_main^0,w,c
   328  0010D4  0A31               	xorlw	49	; case 49
   329  0010D6  B4D8               	btfsc	status,2,c
   330  0010D8  EF21  F008         	goto	l53
   331  0010DC  0A03               	xorlw	3	; case 50
   332  0010DE  B4D8               	btfsc	status,2,c
   333  0010E0  EF3C  F008         	goto	l55
   334  0010E4  EF57  F008         	goto	l889
   335  0010E8  EF00  F000         	goto	start
   336  0010EC                     __end_of_main:
   337                           	opt callstack 0
   338                           
   339 ;; *************** function _UART1_tx_string *****************
   340 ;; Defined at:
   341 ;;		line 110 in file "main.c"
   342 ;; Parameters:    Size  Location     Type
   343 ;;  ptr             2    1[COMRAM] PTR const unsigned char 
   344 ;;		 -> STR_1(10), 
   345 ;; Auto vars:     Size  Location     Type
   346 ;;		None
   347 ;; Return value:  Size  Location     Type
   348 ;;                  1    wreg      void 
   349 ;; Registers used:
   350 ;;		wreg, status,2, status,0, tblptrl, tblptrh, tblptru, cstack
   351 ;; Tracked objects:
   352 ;;		On entry : 0/0
   353 ;;		On exit  : 0/0
   354 ;;		Unchanged: 0/0
   355 ;; Data sizes:     COMRAM   BANK0   BANK1   BANK2   BANK3   BANK4   BANK5   BANK6   BANK7   BANK8   BANK9  BANK10  BANK1
      +1  BANK12  BANK13  BANK14  BANK15
   356 ;;      Params:         2       0       0       0       0       0       0       0       0       0       0       0       
      +0       0       0       0       0
   357 ;;      Locals:         0       0       0       0       0       0       0       0       0       0       0       0       
      +0       0       0       0       0
   358 ;;      Temps:          0       0       0       0       0       0       0       0       0       0       0       0       
      +0       0       0       0       0
   359 ;;      Totals:         2       0       0       0       0       0       0       0       0       0       0       0       
      +0       0       0       0       0
   360 ;;Total ram usage:        2 bytes
   361 ;; Hardware stack levels used:    1
   362 ;; Hardware stack levels required when called:    1
   363 ;; This function calls:
   364 ;;		_UART1_Write
   365 ;; This function is called by:
   366 ;;		_main
   367 ;; This function uses a non-reentrant model
   368 ;;
   369                           
   370                           	psect	text1
   371  0010EC                     __ptext1:
   372                           	opt callstack 0
   373  0010EC                     _UART1_tx_string:
   374                           	opt callstack 29
   375  0010EC  EF82  F008         	goto	l867
   376  0010F0                     l863:
   377  0010F0  C002  FFF6         	movff	UART1_tx_string@ptr,tblptrl
   378  0010F4  C003  FFF7         	movff	UART1_tx_string@ptr+1,tblptrh
   379  0010F8                     	if	0	;tblptru may be non-zero
   380  0010F8                     	endif
   381  0010F8                     	if	0	;tblptru may be non-zero
   382  0010F8                     	endif
   383  0010F8  0008               	tblrd		*
   384  0010FA  50F5               	movf	tablat,w,c
   385  0010FC  ECAA  F008         	call	_UART1_Write
   386  001100  4A02               	infsnz	UART1_tx_string@ptr^0,f,c
   387  001102  2A03               	incf	(UART1_tx_string@ptr+1)^0,f,c
   388  001104                     l867:
   389  001104  C002  FFF6         	movff	UART1_tx_string@ptr,tblptrl
   390  001108  C003  FFF7         	movff	UART1_tx_string@ptr+1,tblptrh
   391  00110C                     	if	0	;tblptru may be non-zero
   392  00110C                     	endif
   393  00110C                     	if	0	;tblptru may be non-zero
   394  00110C                     	endif
   395  00110C  0008               	tblrd		*
   396  00110E  50F5               	movf	tablat,w,c
   397  001110  0900               	iorlw	0
   398  001112  A4D8               	btfss	status,2,c
   399  001114  EF8E  F008         	goto	u51
   400  001118  EF90  F008         	goto	u50
   401  00111C                     u51:
   402  00111C  EF78  F008         	goto	l863
   403  001120                     u50:
   404  001120  0012               	return		;funcret
   405  001122                     __end_of_UART1_tx_string:
   406                           	opt callstack 0
   407                           
   408 ;; *************** function _UART1_Write *****************
   409 ;; Defined at:
   410 ;;		line 95 in file "main.c"
   411 ;; Parameters:    Size  Location     Type
   412 ;;  tx_data         1    wreg     unsigned char 
   413 ;; Auto vars:     Size  Location     Type
   414 ;;  tx_data         1    0[COMRAM] unsigned char 
   415 ;; Return value:  Size  Location     Type
   416 ;;                  1    wreg      void 
   417 ;; Registers used:
   418 ;;		wreg
   419 ;; Tracked objects:
   420 ;;		On entry : 0/0
   421 ;;		On exit  : 0/0
   422 ;;		Unchanged: 0/0
   423 ;; Data sizes:     COMRAM   BANK0   BANK1   BANK2   BANK3   BANK4   BANK5   BANK6   BANK7   BANK8   BANK9  BANK10  BANK1
      +1  BANK12  BANK13  BANK14  BANK15
   424 ;;      Params:         0       0       0       0       0       0       0       0       0       0       0       0       
      +0       0       0       0       0
   425 ;;      Locals:         1       0       0       0       0       0       0       0       0       0       0       0       
      +0       0       0       0       0
   426 ;;      Temps:          0       0       0       0       0       0       0       0       0       0       0       0       
      +0       0       0       0       0
   427 ;;      Totals:         1       0       0       0       0       0       0       0       0       0       0       0       
      +0       0       0       0       0
   428 ;;Total ram usage:        1 bytes
   429 ;; Hardware stack levels used:    1
   430 ;; This function calls:
   431 ;;		Nothing
   432 ;; This function is called by:
   433 ;;		_main
   434 ;;		_UART1_tx_string
   435 ;; This function uses a non-reentrant model
   436 ;;
   437                           
   438                           	psect	text2
   439  001154                     __ptext2:
   440                           	opt callstack 0
   441  001154                     _UART1_Write:
   442                           	opt callstack 29
   443                           
   444                           ;incstack = 0
   445                           ;UART1_Write@tx_data stored from wreg
   446  001154  6E01               	movwf	UART1_Write@tx_data^0,c
   447  001156                     
   448                           ;main.c: 95:     };main.c: 96: }
   449  001156  8089               	bsf	137,0,c	;volatile
   450  001158                     l65:
   451  001158  A89E               	btfss	158,4,c	;volatile
   452  00115A  EFB1  F008         	goto	u11
   453  00115E  EFB3  F008         	goto	u10
   454  001162                     u11:
   455  001162  EFAC  F008         	goto	l65
   456  001166                     u10:
   457  001166                     l68:
   458  001166  A2AC               	btfss	172,1,c	;volatile
   459  001168  EFB8  F008         	goto	u21
   460  00116C  EFBA  F008         	goto	u20
   461  001170                     u21:
   462  001170  EFB3  F008         	goto	l68
   463  001174                     u20:
   464  001174  C001  FFAD         	movff	UART1_Write@tx_data,4013	;volatile
   465  001178  0012               	return		;funcret
   466  00117A                     __end_of_UART1_Write:
   467                           	opt callstack 0
   468                           
   469 ;; *************** function _UART1_Read *****************
   470 ;; Defined at:
   471 ;;		line 103 in file "main.c"
   472 ;; Parameters:    Size  Location     Type
   473 ;;		None
   474 ;; Auto vars:     Size  Location     Type
   475 ;;		None
   476 ;; Return value:  Size  Location     Type
   477 ;;                  1    wreg      unsigned char 
   478 ;; Registers used:
   479 ;;		wreg, status,2
   480 ;; Tracked objects:
   481 ;;		On entry : 0/0
   482 ;;		On exit  : 0/0
   483 ;;		Unchanged: 0/0
   484 ;; Data sizes:     COMRAM   BANK0   BANK1   BANK2   BANK3   BANK4   BANK5   BANK6   BANK7   BANK8   BANK9  BANK10  BANK1
      +1  BANK12  BANK13  BANK14  BANK15
   485 ;;      Params:         0       0       0       0       0       0       0       0       0       0       0       0       
      +0       0       0       0       0
   486 ;;      Locals:         0       0       0       0       0       0       0       0       0       0       0       0       
      +0       0       0       0       0
   487 ;;      Temps:          0       0       0       0       0       0       0       0       0       0       0       0       
      +0       0       0       0       0
   488 ;;      Totals:         0       0       0       0       0       0       0       0       0       0       0       0       
      +0       0       0       0       0
   489 ;;Total ram usage:        0 bytes
   490 ;; Hardware stack levels used:    1
   491 ;; This function calls:
   492 ;;		Nothing
   493 ;; This function is called by:
   494 ;;		_main
   495 ;; This function uses a non-reentrant model
   496 ;;
   497                           
   498                           	psect	text3
   499  00117A                     __ptext3:
   500                           	opt callstack 0
   501  00117A                     _UART1_Read:
   502                           	opt callstack 30
   503  00117A  9089               	bcf	137,0,c	;volatile
   504  00117C                     l74:
   505  00117C  AA9E               	btfss	158,5,c	;volatile
   506  00117E  EFC3  F008         	goto	u31
   507  001182  EFC5  F008         	goto	u30
   508  001186                     u31:
   509  001186  EFBE  F008         	goto	l74
   510  00118A                     u30:
   511  00118A  50AE               	movf	174,w,c	;volatile
   512  00118C  0012               	return		;funcret
   513  00118E                     __end_of_UART1_Read:
   514                           	opt callstack 0
   515                           
   516 ;; *************** function _UART1_Init *****************
   517 ;; Defined at:
   518 ;;		line 68 in file "main.c"
   519 ;; Parameters:    Size  Location     Type
   520 ;;		None
   521 ;; Auto vars:     Size  Location     Type
   522 ;;		None
   523 ;; Return value:  Size  Location     Type
   524 ;;                  1    wreg      void 
   525 ;; Registers used:
   526 ;;		wreg, status,2
   527 ;; Tracked objects:
   528 ;;		On entry : 0/0
   529 ;;		On exit  : 0/0
   530 ;;		Unchanged: 0/0
   531 ;; Data sizes:     COMRAM   BANK0   BANK1   BANK2   BANK3   BANK4   BANK5   BANK6   BANK7   BANK8   BANK9  BANK10  BANK1
      +1  BANK12  BANK13  BANK14  BANK15
   532 ;;      Params:         0       0       0       0       0       0       0       0       0       0       0       0       
      +0       0       0       0       0
   533 ;;      Locals:         0       0       0       0       0       0       0       0       0       0       0       0       
      +0       0       0       0       0
   534 ;;      Temps:          0       0       0       0       0       0       0       0       0       0       0       0       
      +0       0       0       0       0
   535 ;;      Totals:         0       0       0       0       0       0       0       0       0       0       0       0       
      +0       0       0       0       0
   536 ;;Total ram usage:        0 bytes
   537 ;; Hardware stack levels used:    1
   538 ;; This function calls:
   539 ;;		Nothing
   540 ;; This function is called by:
   541 ;;		_main
   542 ;; This function uses a non-reentrant model
   543 ;;
   544                           
   545                           	psect	text4
   546  001122                     __ptext4:
   547                           	opt callstack 0
   548  001122                     _UART1_Init:
   549                           	opt callstack 30
   550  001122                     
   551                           ;main.c: 71:     RCONbits.IPEN = 1;
   552  001122  0E08               	movlw	8
   553  001124  6EB8               	movwf	184,c	;volatile
   554                           
   555                           ;main.c: 72:     INTCONbits.PEIE =1;
   556  001126  0E44               	movlw	68
   557  001128  6EAF               	movwf	175,c	;volatile
   558                           
   559                           ;main.c: 73: }
   560  00112A  0E01               	movlw	1
   561  00112C  6EB0               	movwf	176,c	;volatile
   562  00112E                     
   563                           ;main.c: 74: 
   564  00112E  98AC               	bcf	172,4,c	;volatile
   565  001130                     
   566                           ;main.c: 75: void UART1_Write(uint8_t tx_data)
   567  001130  9CAC               	bcf	172,6,c	;volatile
   568  001132                     
   569                           ;main.c: 76: {
   570  001132  8AAC               	bsf	172,5,c	;volatile
   571  001134                     
   572                           ;main.c: 77:     LATAbits.LATA0 = 1;
   573  001134  84AC               	bsf	172,2,c	;volatile
   574  001136                     
   575                           ;main.c: 78:     while(PIR1bits.TX1IF == 0);
   576  001136  8EAB               	bsf	171,7,c	;volatile
   577  001138                     
   578                           ;main.c: 79:     while(TXSTA1bits.TRMT == 0);
   579  001138  9CAB               	bcf	171,6,c	;volatile
   580  00113A                     
   581                           ;main.c: 80:     TXREG1 = tx_data;
   582  00113A  88AB               	bsf	171,4,c	;volatile
   583  00113C                     
   584                           ;main.c: 81: }
   585  00113C  010F               	movlb	15	; () banked
   586  00113E  9D3A               	bcf	58,6,b	;volatile
   587  001140                     
   588                           ; BSR set to: 15
   589                           ;main.c: 82: 
   590  001140  9F3A               	bcf	58,7,b	;volatile
   591  001142                     
   592                           ; BSR set to: 15
   593                           ;main.c: 83: unsigned char UART1_Read(void)
   594  001142  8C94               	bsf	148,6,c	;volatile
   595  001144                     
   596                           ; BSR set to: 15
   597                           ;main.c: 84: {
   598  001144  8E94               	bsf	148,7,c	;volatile
   599  001146                     
   600                           ; BSR set to: 15
   601                           ;main.c: 85:     LATAbits.LATA0 = 0;
   602  001146  9092               	bcf	146,0,c	;volatile
   603  001148                     
   604                           ; BSR set to: 15
   605                           ;main.c: 88: }
   606  001148  9A9E               	bcf	158,5,c	;volatile
   607  00114A                     
   608                           ; BSR set to: 15
   609                           ;main.c: 89: 
   610  00114A  8A9D               	bsf	157,5,c	;volatile
   611  00114C                     
   612                           ; BSR set to: 15
   613                           ;main.c: 90: void UART1_tx_string(const char *ptr)
   614  00114C  8A9F               	bsf	159,5,c	;volatile
   615  00114E                     
   616                           ; BSR set to: 15
   617                           ;main.c: 91: {
   618  00114E  8ED0               	bsf	208,7,c	;volatile
   619  001150                     
   620                           ; BSR set to: 15
   621                           ;main.c: 92:     while(*ptr != 0)
   622  001150  8CF2               	bsf	242,6,c	;volatile
   623  001152                     
   624                           ; BSR set to: 15
   625  001152  0012               	return		;funcret
   626  001154                     __end_of_UART1_Init:
   627                           	opt callstack 0
   628                           
   629                           	psect	rparam
   630  0000                     tosu	equ	0xFFF
   631                           tosh	equ	0xFFE
   632                           tosl	equ	0xFFD
   633                           stkptr	equ	0xFFC
   634                           pclatu	equ	0xFFB
   635                           pclath	equ	0xFFA
   636                           pcl	equ	0xFF9
   637                           tblptru	equ	0xFF8
   638                           tblptrh	equ	0xFF7
   639                           tblptrl	equ	0xFF6
   640                           tablat	equ	0xFF5
   641                           prodh	equ	0xFF4
   642                           prodl	equ	0xFF3
   643                           indf0	equ	0xFEF
   644                           postinc0	equ	0xFEE
   645                           postdec0	equ	0xFED
   646                           preinc0	equ	0xFEC
   647                           plusw0	equ	0xFEB
   648                           fsr0h	equ	0xFEA
   649                           fsr0l	equ	0xFE9
   650                           wreg	equ	0xFE8
   651                           indf1	equ	0xFE7
   652                           postinc1	equ	0xFE6
   653                           postdec1	equ	0xFE5
   654                           preinc1	equ	0xFE4
   655                           plusw1	equ	0xFE3
   656                           fsr1h	equ	0xFE2
   657                           fsr1l	equ	0xFE1
   658                           bsr	equ	0xFE0
   659                           indf2	equ	0xFDF
   660                           postinc2	equ	0xFDE
   661                           postdec2	equ	0xFDD
   662                           preinc2	equ	0xFDC
   663                           plusw2	equ	0xFDB
   664                           fsr2h	equ	0xFDA
   665                           fsr2l	equ	0xFD9
   666                           status	equ	0xFD8


Data Sizes:
    Strings     10
    Constant    0
    Data        0
    BSS         0
    Persistent  0
    Stack       0

Auto Spaces:
    Space          Size  Autos    Used
    COMRAM           95      6       6
    BANK0           160      0       0
    BANK1           256      0       0
    BANK2           256      0       0
    BANK3           256      0       0
    BANK4           256      0       0
    BANK5           256      0       0
    BANK6           256      0       0
    BANK7           256      0       0
    BANK8           256      0       0
    BANK9           256      0       0
    BANK10          256      0       0
    BANK11          256      0       0
    BANK12          256      0       0
    BANK13          256      0       0
    BANK14          256      0       0
    BANK15           56      0       0

Pointer List with Targets:

    UART1_tx_string@ptr	PTR const unsigned char  size(2) Largest target is 10
		 -> STR_1(CODE[10]), 


Critical Paths under _main in COMRAM

    _main->_UART1_tx_string
    _UART1_tx_string->_UART1_Write

Critical Paths under _main in BANK0

    None.

Critical Paths under _main in BANK1

    None.

Critical Paths under _main in BANK2

    None.

Critical Paths under _main in BANK3

    None.

Critical Paths under _main in BANK4

    None.

Critical Paths under _main in BANK5

    None.

Critical Paths under _main in BANK6

    None.

Critical Paths under _main in BANK7

    None.

Critical Paths under _main in BANK8

    None.

Critical Paths under _main in BANK9

    None.

Critical Paths under _main in BANK10

    None.

Critical Paths under _main in BANK11

    None.

Critical Paths under _main in BANK12

    None.

Critical Paths under _main in BANK13

    None.

Critical Paths under _main in BANK14

    None.

Critical Paths under _main in BANK15

    None.

Call Graph Tables:

 ---------------------------------------------------------------------------------
 (Depth) Function   	        Calls       Base Space   Used Autos Params    Refs
 ---------------------------------------------------------------------------------
 (0) _main                                                 3     3      0     196
                                              3 COMRAM     3     3      0
                         _UART1_Init
                         _UART1_Read
                        _UART1_Write
                    _UART1_tx_string
 ---------------------------------------------------------------------------------
 (1) _UART1_tx_string                                      2     0      2     136
                                              1 COMRAM     2     0      2
                        _UART1_Write
 ---------------------------------------------------------------------------------
 (2) _UART1_Write                                          1     1      0      15
                                              0 COMRAM     1     1      0
 ---------------------------------------------------------------------------------
 (1) _UART1_Read                                           0     0      0       0
 ---------------------------------------------------------------------------------
 (1) _UART1_Init                                           0     0      0       0
 ---------------------------------------------------------------------------------
 Estimated maximum stack depth 2
 ---------------------------------------------------------------------------------

 Call Graph Graphs:

 _main (ROOT)
   _UART1_Init
   _UART1_Read
   _UART1_Write
   _UART1_tx_string
     _UART1_Write

 Address spaces:
Name               Size   Autos  Total    Cost      Usage
BITCOMRAM           5F      0       0       0        0.0%
EEDATA             400      0       0       0        0.0%
NULL                 0      0       0       0        0.0%
CODE                 0      0       0       0        0.0%
COMRAM              5F      6       6       1        6.3%
STACK                0      0       0       2        0.0%
DATA                 0      0       0       3        0.0%
BITBANK0            A0      0       0       4        0.0%
BANK0               A0      0       0       5        0.0%
BITBANK1           100      0       0       6        0.0%
BANK1              100      0       0       7        0.0%
BITBANK2           100      0       0       8        0.0%
BANK2              100      0       0       9        0.0%
BITBANK3           100      0       0      10        0.0%
BANK3              100      0       0      11        0.0%
ABS                  0      0       0      12        0.0%
BITBANK4           100      0       0      13        0.0%
BANK4              100      0       0      14        0.0%
BITBANK5           100      0       0      15        0.0%
BANK5              100      0       0      16        0.0%
BITBANK6           100      0       0      17        0.0%
BANK6              100      0       0      18        0.0%
BITBANK7           100      0       0      19        0.0%
BANK7              100      0       0      20        0.0%
BITBANK8           100      0       0      21        0.0%
BANK8              100      0       0      22        0.0%
BITBANK9           100      0       0      23        0.0%
BANK9              100      0       0      24        0.0%
BITBANK10          100      0       0      25        0.0%
BANK10             100      0       0      26        0.0%
BITBANK11          100      0       0      27        0.0%
BANK11             100      0       0      28        0.0%
BITBANK12          100      0       0      29        0.0%
BANK12             100      0       0      30        0.0%
BITBANK13          100      0       0      31        0.0%
BANK13             100      0       0      32        0.0%
BITBANK14          100      0       0      33        0.0%
BANK14             100      0       0      34        0.0%
BITBANK15           38      0       0      35        0.0%
BANK15              38      0       0      36        0.0%
BIGRAM             F37      0       0      37        0.0%
BITSFR_1             0      0       0     200        0.0%
SFR_1                0      0       0     200        0.0%
BITSFR               0      0       0     200        0.0%
SFR                  0      0       0     200        0.0%


Microchip Technology PIC18 Macro Assembler V2.10 build 88905656 
Symbol Table                                                                                   Tue Dec 17 17:31:13 2019

                      l53 1042                        l62 1152                        l71 1178  
                      l55 1078                        l65 1158                        l74 117C  
                      l83 1120                        l68 1166                        l77 118C  
                      u10 1166                        u11 1162                        u20 1174  
                      u21 1170                        u30 118A                        u31 1186  
                      u50 1120                        u51 111C                        u67 1024  
                      u77 1050                        u87 1068                        u97 1086  
                     l801 118A                       l761 1174                       l771 1134  
                     l763 1122                       l781 1140                       l773 1136  
                     l765 112E                       l861 10EC                       l917 10D2  
                     l791 114A                       l783 1142                       l775 1138  
                     l767 1130                       l759 1156                       l863 10F0  
                     l871 1010                       l793 114C                       l785 1144  
                     l777 113A                       l769 1132                       l865 1100  
                     l881 1046                       l873 1014                       l795 114E  
                     l787 1146                       l779 113C                       l867 1104  
                     l883 105C                       l891 10BE                       l875 101A  
                     l797 1150                       l789 1148                       l885 107C  
                     l877 1032                       l869 100C                       l799 117A  
                     l887 1092                       l879 1038                       l889 10AE  
                     u107 109E                       wreg 000FE8                _TXSTA1bits 000FAC  
       ??_UART1_tx_string 0004              __CFG_LVP$OFF 000000                      STR_1 1001  
                    _main 100C             __CFG_BOREN$ON 000000                      start 0000  
            ___param_bank 000000               ?_UART1_Init 0001               ?_UART1_Read 0001  
                   ?_main 0001             __CFG_WDTEN$ON 000000        UART1_tx_string@ptr 0002  
      __CFG_MCLRE$EXTMCLR 000000                     tablat 000FF5                     status 000FD8  
          __CFG_FOSC$HSMP 000000           __initialization 118E              __end_of_main 10EC  
            ?_UART1_Write 0001                    ??_main 0004             __activetblptr 000002  
     __size_of_UART1_Init 0032       __size_of_UART1_Read 0014                    _RCREG1 000FAE  
                  _SPBRG1 000FAF                    _TXREG1 000FAD              __mediumconst 0000  
                  tblptrh 000FF7                    tblptrl 000FF6                    tblptru 000FF8  
              __accesstop 0060   __end_of__initialization 118E             ___rparam_used 000001  
          __pcstackCOMRAM 0001           _UART1_tx_string 10EC              ??_UART1_Init 0001  
            ??_UART1_Read 0001      __size_of_UART1_Write 0026                   _SPBRGH1 000FB0  
      __end_of_UART1_Init 1154        __end_of_UART1_Read 118E           __CFG_PWRTEN$OFF 000000  
 __end_of_UART1_tx_string 1122                   __Hparam 0000                   __Lparam 0000  
            __psmallconst 1000                   __pcinit 118E                   __ramtop 1000  
                 __ptext0 100C                   __ptext1 10EC                   __ptext2 1154  
                 __ptext3 117A                   __ptext4 1122      end_of_initialization 118E  
           __Lmediumconst 0000                 _TRISAbits 000F92                 _TRISBbits 000F93  
               _TRISCbits 000F94          ?_UART1_tx_string 0002       start_initialization 118E  
           ??_UART1_Write 0001               __smallconst 1000                  _BAUDCON1 000FB8  
                _LATAbits 000F89                  _LATBbits 000F8A                  _IPR1bits 000F9F  
                _PIE1bits 000F9D                  _PIR1bits 000F9E                  _RCONbits 000FD0  
     __end_of_UART1_Write 117A                  __Hrparam 0000                  __Lrparam 0000  
              _ANSELCbits 000F3A             __size_of_main 00E0                  main@data 0006  
             _UART1_Write 1154  __size_of_UART1_tx_string 0036                _INTCONbits 000FF2  
              _RCSTA1bits 000FAB                _UART1_Init 1122                _UART1_Read 117A  
      UART1_Write@tx_data 0001  
