

Microchip Technology PIC LITE Macro Assembler V1.41 build -162212810 
                                                                                               Tue Aug 20 17:16:55 2019

Microchip Technology Omniscient Code Generator v1.41 (Free mode) build 201701250102
     1                           	processor	16F690
     2                           	opt	pw 120
     3                           	opt	lm
     4                           	psect	cinit,global,class=CODE,merge=1,delta=2
     5                           	psect	cstackCOMMON,global,class=COMMON,space=1,delta=1
     6                           	psect	maintext,global,class=CODE,split=1,delta=2
     7                           	dabs	1,0x7E,2
     8  0000                     
     9                           ; Version 1.41
    10                           ; Generated 25/01/2017 GMT
    11                           ; 
    12                           ; Copyright © 2017, Microchip Technology Inc. and its subsidiaries ("Microchip")
    13                           ; All rights reserved.
    14                           ; 
    15                           ; This software is developed by Microchip Technology Inc. and its subsidiaries ("Microch
      +                          ip").
    16                           ; 
    17                           ; Redistribution and use in source and binary forms, with or without modification, are
    18                           ; permitted provided that the following conditions are met:
    19                           ; 
    20                           ;     1. Redistributions of source code must retain the above copyright notice, this lis
      +                          t of
    21                           ;        conditions and the following disclaimer.
    22                           ; 
    23                           ;     2. Redistributions in binary form must reproduce the above copyright notice, this 
      +                          list
    24                           ;        of conditions and the following disclaimer in the documentation and/or other
    25                           ;        materials provided with the distribution.
    26                           ; 
    27                           ;     3. Microchip's name may not be used to endorse or promote products derived from th
      +                          is
    28                           ;        software without specific prior written permission.
    29                           ; 
    30                           ; THIS SOFTWARE IS PROVIDED BY MICROCHIP "AS IS" AND ANY EXPRESS OR IMPLIED WARRANTIES,
    31                           ; INCLUDING, BUT NOT LIMITED TO, THE IMPLIED WARRANTIES OF MERCHANTABILITY AND FITNESS F
      +                          OR
    32                           ; PURPOSE ARE DISCLAIMED.  IN NO EVENT SHALL MICROCHIP BE LIABLE FOR ANY DIRECT, INDIREC
      +                          T,
    33                           ; INCIDENTAL, SPECIAL, EXEMPLARY, OR CONSEQUENTIAL DAMAGES (INCLUDING BUT NOT LIMITED TO
    34                           ; PROCUREMENT OF SUBSTITUTE GOODS OR SERVICES; LOSS OF USE, DATA OR PROFITS; OR BUSINESS
    35                           ; INTERRUPTION) HOWSOEVER CAUSED AND ON ANY THEORY OF LIABILITY, WHETHER IN CONTRACT, ST
      +                          RICT
    36                           ; LIABILITY, OR TORT (INCLUDING NEGLIGENCE OR OTHERWISE) ARISING IN ANY WAY OUT OF THE U
      +                          SE OF
    37                           ; THIS SOFTWARE, EVEN IF ADVISED OF THE POSSIBILITY OF SUCH DAMAGE.
    38                           ; 
    39                           ; 
    40                           ; Code-generator required, PIC16F690 Definitions
    41                           ; 
    42                           ; SFR Addresses
    43  0000                     	;# 
    44  0001                     	;# 
    45  0002                     	;# 
    46  0003                     	;# 
    47  0004                     	;# 
    48  0005                     	;# 
    49  0006                     	;# 
    50  0007                     	;# 
    51  000A                     	;# 
    52  000B                     	;# 
    53  000C                     	;# 
    54  000D                     	;# 
    55  000E                     	;# 
    56  000E                     	;# 
    57  000F                     	;# 
    58  0010                     	;# 
    59  0011                     	;# 
    60  0012                     	;# 
    61  0013                     	;# 
    62  0014                     	;# 
    63  0015                     	;# 
    64  0015                     	;# 
    65  0016                     	;# 
    66  0017                     	;# 
    67  0018                     	;# 
    68  0019                     	;# 
    69  001A                     	;# 
    70  001C                     	;# 
    71  001D                     	;# 
    72  001E                     	;# 
    73  001F                     	;# 
    74  0081                     	;# 
    75  0085                     	;# 
    76  0086                     	;# 
    77  0087                     	;# 
    78  008C                     	;# 
    79  008D                     	;# 
    80  008E                     	;# 
    81  008F                     	;# 
    82  0090                     	;# 
    83  0092                     	;# 
    84  0093                     	;# 
    85  0093                     	;# 
    86  0093                     	;# 
    87  0094                     	;# 
    88  0095                     	;# 
    89  0095                     	;# 
    90  0096                     	;# 
    91  0096                     	;# 
    92  0097                     	;# 
    93  0098                     	;# 
    94  0099                     	;# 
    95  009A                     	;# 
    96  009B                     	;# 
    97  009E                     	;# 
    98  009F                     	;# 
    99  010C                     	;# 
   100  010C                     	;# 
   101  010D                     	;# 
   102  010E                     	;# 
   103  010F                     	;# 
   104  0115                     	;# 
   105  0116                     	;# 
   106  0118                     	;# 
   107  0119                     	;# 
   108  011A                     	;# 
   109  011B                     	;# 
   110  011E                     	;# 
   111  011F                     	;# 
   112  018C                     	;# 
   113  018D                     	;# 
   114  019D                     	;# 
   115  019E                     	;# 
   116  003D                     _RC5	set	61
   117  0034                     _RB4	set	52
   118  043D                     _TRISC5	set	1085
   119  0434                     _TRISB4	set	1076
   120                           
   121                           	psect	cinit
   122  07FD                     start_initialization:	
   123                           ; #config settings
   124                           
   125  07FD                     __initialization:	
   126  07FD                     end_of_initialization:	
   127                           ;End of C runtime variable initialization code
   128                           
   129  07FD                     __end_of__initialization:	
   130  07FD  0183               	clrf	3
   131  07FE  118A  2FF1         	ljmp	_main	;jump to C main() function
   132                           
   133                           	psect	cstackCOMMON
   134  0000                     __pcstackCOMMON:	
   135  0000                     ?_main:	
   136  0000                     ??_main:	
   137                           ; 1 bytes @ 0x0
   138                           
   139                           
   140                           	psect	maintext
   141  07F1                     __pmaintext:	
   142                           ; 1 bytes @ 0x0
   143 ;;
   144 ;;Main: autosize = 0, tempsize = 0, incstack = 0, save=0
   145 ;;
   146 ;; *************** function _main *****************
   147 ;; Defined at:
   148 ;;		line 17 in file "main4.c"
   149 ;; Parameters:    Size  Location     Type
   150 ;;		None
   151 ;; Auto vars:     Size  Location     Type
   152 ;;		None
   153 ;; Return value:  Size  Location     Type
   154 ;;                  1    wreg      void 
   155 ;; Registers used:
   156 ;;		None
   157 ;; Tracked objects:
   158 ;;		On entry : B00/0
   159 ;;		On exit  : 0/0
   160 ;;		Unchanged: 0/0
   161 ;; Data sizes:     COMMON   BANK0   BANK1   BANK2
   162 ;;      Params:         0       0       0       0
   163 ;;      Locals:         0       0       0       0
   164 ;;      Temps:          0       0       0       0
   165 ;;      Totals:         0       0       0       0
   166 ;;Total ram usage:        0 bytes
   167 ;; This function calls:
   168 ;;		Nothing
   169 ;; This function is called by:
   170 ;;		Startup code after reset
   171 ;; This function uses a non-reentrant model
   172 ;;
   173                           
   174                           
   175                           ;psect for function _main
   176  07F1                     _main:	
   177                           
   178                           ;main4.c: 19: TRISB4 = 0;
   179                           
   180                           ;incstack = 0
   181                           ; Regs used in _main: []
   182  07F1  1683               	bsf	3,5	;RP0=1, select bank1
   183  07F2  1303               	bcf	3,6	;RP1=0, select bank1
   184  07F3  1206               	bcf	6,4	;volatile
   185                           
   186                           ;main4.c: 20: TRISC5 = 1;
   187  07F4  1687               	bsf	7,5	;volatile
   188                           
   189                           ;main4.c: 22: RB4 = 0;
   190  07F5  1283               	bcf	3,5	;RP0=0, select bank0
   191  07F6  1303               	bcf	3,6	;RP1=0, select bank0
   192  07F7  2FFB               	goto	L1
   193  07F8                     l478:	
   194                           
   195                           ;main4.c: 31: RB4=1;
   196  07F8  1606               	bsf	6,4	;volatile
   197  07F9                     l11:	
   198                           ;main4.c: 27: while(1)
   199                           
   200                           
   201                           ;main4.c: 28: {
   202                           ;main4.c: 30: if(RC5==1)
   203  07F9  1A87               	btfsc	7,5	;volatile
   204  07FA  2FF8               	goto	l478
   205  07FB                     L1:	
   206                           
   207                           ;main4.c: 38: else
   208                           ;main4.c: 39: RB4=0;
   209  07FB  1206               	bcf	6,4	;volatile
   210  07FC  2FF9               	goto	l11
   211  07FD                     __end_of_main:	
   212  007E                     btemp	set	126	;btemp
   213  007E                     wtemp0	set	126


Data Sizes:
    Strings     0
    Constant    0
    Data        0
    BSS         0
    Persistent  0
    Stack       0

Auto Spaces:
    Space          Size  Autos    Used
    COMMON           14      0       0
    BANK0            80      0       0
    BANK1            80      0       0
    BANK2            80      0       0

Pointer List with Targets:

    None.

Critical Paths under _main in COMMON

    None.

Critical Paths under _main in BANK0

    None.

Critical Paths under _main in BANK1

    None.

Critical Paths under _main in BANK2

    None.

Call Graph Tables:

 ---------------------------------------------------------------------------------
 (Depth) Function   	        Calls       Base Space   Used Autos Params    Refs
 ---------------------------------------------------------------------------------
 (0) _main                                                 0     0      0       0
 ---------------------------------------------------------------------------------
 Estimated maximum stack depth 0
 ---------------------------------------------------------------------------------

 Call Graph Graphs:

 _main (ROOT)

 Address spaces:
Name               Size   Autos  Total    Cost      Usage
BITCOMMON            E      0       0       0        0.0%
EEDATA             100      0       0       0        0.0%
NULL                 0      0       0       0        0.0%
CODE                 0      0       0       0        0.0%
COMMON               E      0       0       1        0.0%
BITSFR0              0      0       0       1        0.0%
SFR0                 0      0       0       1        0.0%
BITSFR1              0      0       0       2        0.0%
SFR1                 0      0       0       2        0.0%
STACK                0      0       0       2        0.0%
BANK0               50      0       0       3        0.0%
BITBANK1            50      0       0       4        0.0%
BITSFR3              0      0       0       4        0.0%
SFR3                 0      0       0       4        0.0%
BANK1               50      0       0       5        0.0%
BITSFR2              0      0       0       5        0.0%
SFR2                 0      0       0       5        0.0%
BITBANK2            50      0       0       6        0.0%
BANK2               50      0       0       7        0.0%
ABS                  0      0       0       8        0.0%
BITBANK0            50      0       0       9        0.0%
DATA                 0      0       0      10        0.0%


Microchip Technology PIC Macro Assembler V1.41 build -162212810 
Symbol Table                                                                                   Tue Aug 20 17:16:55 2019

                     l11 07F9                      l478 07F8                      _RB4 0034  
                    _RC5 003D                     _main 07F1                     btemp 007E  
                   start 0000                    ?_main 0000                    status 0003  
                  wtemp0 007E          __initialization 07FD             __end_of_main 07FD  
                 ??_main 0000                   _TRISB4 0434                   _TRISC5 043D  
__end_of__initialization 07FD           __pcstackCOMMON 0000               __pmaintext 07F1  
   end_of_initialization 07FD      start_initialization 07FD                ___latbits 0001  
          __size_of_main 000C  
