

Microchip MPLAB XC8 Assembler V2.10 build 88905656 
                                                                                               Mon Nov 11 17:16:47 2019

Microchip MPLAB XC8 C Compiler v2.10 (Free license) build 20190730164152 Og1 
     1                           	processor	18F46K22
     2                           	fnconf	rparam,??,?,0
     3                           	opt	pw 120
     4                           	opt	flic
     5                           	psect	nvCOMRAM,global,class=COMRAM,space=1,delta=1,noexec
     6                           	psect	cinit,global,reloc=2,class=CODE,delta=1
     7                           	psect	cstackCOMRAM,global,class=COMRAM,space=1,delta=1,noexec
     8                           	psect	text0,global,reloc=2,class=CODE,delta=1
     9                           	psect	text1,global,reloc=2,class=CODE,delta=1
    10                           	psect	text2,global,reloc=2,class=CODE,delta=1
    11                           	psect	text3,global,reloc=2,class=CODE,delta=1
    12                           	psect	text4,global,reloc=2,class=CODE,delta=1
    13                           	psect	text5,global,reloc=2,class=CODE,delta=1
    14                           	psect	intsave_regs,global,class=BIGRAM,space=1,delta=1,noexec
    15                           	psect	rparam,global,class=COMRAM,space=1,delta=1,noexec
    16  0000                     
    17                           ; Version 2.10
    18                           ; Generated 31/07/2019 GMT
    19                           ; 
    20                           ; Copyright © 2019, Microchip Technology Inc. and its subsidiaries ("Microchip")
    21                           ; All rights reserved.
    22                           ; 
    23                           ; This software is developed by Microchip Technology Inc. and its subsidiaries ("Microch
      +                          ip").
    24                           ; 
    25                           ; Redistribution and use in source and binary forms, with or without modification, are
    26                           ; permitted provided that the following conditions are met:
    27                           ; 
    28                           ;     1. Redistributions of source code must retain the above copyright notice, this lis
      +                          t of
    29                           ;        conditions and the following disclaimer.
    30                           ; 
    31                           ;     2. Redistributions in binary form must reproduce the above copyright notice, this 
      +                          list
    32                           ;        of conditions and the following disclaimer in the documentation and/or other
    33                           ;        materials provided with the distribution.
    34                           ; 
    35                           ;     3. Microchip's name may not be used to endorse or promote products derived from th
      +                          is
    36                           ;        software without specific prior written permission.
    37                           ; 
    38                           ; THIS SOFTWARE IS PROVIDED BY MICROCHIP "AS IS" AND ANY EXPRESS OR IMPLIED WARRANTIES,
    39                           ; INCLUDING, BUT NOT LIMITED TO, THE IMPLIED WARRANTIES OF MERCHANTABILITY AND FITNESS F
      +                          OR
    40                           ; PURPOSE ARE DISCLAIMED.  IN NO EVENT SHALL MICROCHIP BE LIABLE FOR ANY DIRECT, INDIREC
      +                          T,
    41                           ; INCIDENTAL, SPECIAL, EXEMPLARY, OR CONSEQUENTIAL DAMAGES (INCLUDING BUT NOT LIMITED TO
    42                           ; PROCUREMENT OF SUBSTITUTE GOODS OR SERVICES; LOSS OF USE, DATA OR PROFITS; OR BUSINESS
    43                           ; INTERRUPTION) HOWSOEVER CAUSED AND ON ANY THEORY OF LIABILITY, WHETHER IN CONTRACT, ST
      +                          RICT
    44                           ; LIABILITY, OR TORT (INCLUDING NEGLIGENCE OR OTHERWISE) ARISING IN ANY WAY OUT OF THE U
      +                          SE OF
    45                           ; THIS SOFTWARE, EVEN IF ADVISED OF THE POSSIBILITY OF SUCH DAMAGE.
    46                           ; 
    47                           ; 
    48                           ; Code-generator required, PIC18F46K22 Definitions
    49                           ; 
    50                           ; SFR Addresses
    51  0000                     
    52                           	psect	nvCOMRAM
    53  000005                     __pnvCOMRAM:
    54                           	opt callstack 0
    55  000005                     _indata:
    56                           	opt callstack 0
    57  000005                     	ds	1
    58  0000                     _ANSELA	set	3896
    59  0000                     _ANSELE	set	3900
    60  0000                     _ANSELB	set	3897
    61  0000                     _ANSELC	set	3898
    62  0000                     _ANSELD	set	3899
    63  0000                     _LATBbits	set	3978
    64  0000                     _INTCONbits	set	4082
    65  0000                     _INTCON2bits	set	4081
    66  0000                     _WPUB	set	3937
    67  0000                     _TRISD	set	3989
    68  0000                     _TRISC	set	3988
    69  0000                     _TRISB	set	3987
    70  0000                     _TRISA	set	3986
    71  0000                     _TRISE	set	3990
    72  0000                     _LATC	set	3979
    73  0000                     _LATB	set	3978
    74  0000                     _LATA	set	3977
    75  0000                     _LATD	set	3980
    76  0000                     _LATE	set	3981
    77  0000                     _OSCTUNE	set	3995
    78  0000                     _OSCCON2	set	4050
    79  0000                     _OSCCON	set	4051
    80  0000                     _SSP1STATbits	set	4039
    81  0000                     _SSP1CON1bits	set	4038
    82  0000                     _SSP1BUF	set	4041
    83  0000                     _SSP1CON3	set	4043
    84  0000                     _SSP1CON1	set	4038
    85  0000                     _SSP1STAT	set	4039
    86                           
    87                           ; #config settings
    88  0000                     
    89                           	psect	cinit
    90  00FF02                     __pcinit:
    91                           	opt callstack 0
    92  00FF02                     start_initialization:
    93                           	opt callstack 0
    94  00FF02                     __initialization:
    95                           	opt callstack 0
    96  00FF02                     end_of_initialization:
    97                           	opt callstack 0
    98  00FF02                     __end_of__initialization:
    99                           	opt callstack 0
   100  00FF02  0E00               	movlw	low (__Lmediumconst shr (0+16))
   101  00FF04  6EF8               	movwf	tblptru,c
   102  00FF06  0100               	movlb	0
   103  00FF08  EFC9  F07F         	goto	_main	;jump to C main() function
   104                           
   105                           	psect	cstackCOMRAM
   106  000001                     __pcstackCOMRAM:
   107                           	opt callstack 0
   108  000001                     
   109                           ; 1 bytes @ 0x0
   110  000001                     	ds	1
   111  000002                     SPI1_Exchange8bit@data:
   112                           	opt callstack 0
   113                           
   114                           ; 1 bytes @ 0x1
   115  000002                     	ds	1
   116  000003                     ??_main:
   117                           
   118                           ; 1 bytes @ 0x2
   119  000003                     	ds	2
   120                           
   121 ;;
   122 ;;Main: autosize = 0, tempsize = 2, incstack = 0, save=0
   123 ;;
   124 ;; *************** function _main *****************
   125 ;; Defined at:
   126 ;;		line 50 in file "main.c"
   127 ;; Parameters:    Size  Location     Type
   128 ;;		None
   129 ;; Auto vars:     Size  Location     Type
   130 ;;		None
   131 ;; Return value:  Size  Location     Type
   132 ;;                  1    wreg      void 
   133 ;; Registers used:
   134 ;;		wreg, status,2, status,0, cstack
   135 ;; Tracked objects:
   136 ;;		On entry : 0/0
   137 ;;		On exit  : 0/0
   138 ;;		Unchanged: 0/0
   139 ;; Data sizes:     COMRAM   BANK0   BANK1   BANK2   BANK3   BANK4   BANK5   BANK6   BANK7   BANK8   BANK9  BANK10  BANK1
      +1  BANK12  BANK13  BANK14  BANK15
   140 ;;      Params:         0       0       0       0       0       0       0       0       0       0       0       0       
      +0       0       0       0       0
   141 ;;      Locals:         0       0       0       0       0       0       0       0       0       0       0       0       
      +0       0       0       0       0
   142 ;;      Temps:          2       0       0       0       0       0       0       0       0       0       0       0       
      +0       0       0       0       0
   143 ;;      Totals:         2       0       0       0       0       0       0       0       0       0       0       0       
      +0       0       0       0       0
   144 ;;Total ram usage:        2 bytes
   145 ;; Hardware stack levels required when called:    2
   146 ;; This function calls:
   147 ;;		_SPI1_Exchange8bit
   148 ;;		_SYSTEM_Initialize
   149 ;; This function is called by:
   150 ;;		Startup code after reset
   151 ;; This function uses a non-reentrant model
   152 ;;
   153                           
   154                           	psect	text0
   155  00FF92                     __ptext0:
   156                           	opt callstack 0
   157  00FF92                     _main:
   158                           	opt callstack 29
   159  00FF92                     
   160                           ;main.c: 53:     SYSTEM_Initialize();
   161  00FF92  EC94  F07F         	call	_SYSTEM_Initialize	;wreg free
   162  00FF96                     l124:
   163                           
   164                           ;main.c: 73:     {;main.c: 75:         indata=SPI1_Exchange8bit(0x00);
   165  00FF96  0E00               	movlw	0
   166  00FF98  EC9B  F07F         	call	_SPI1_Exchange8bit
   167  00FF9C  6E05               	movwf	_indata^0,c
   168                           
   169                           ;main.c: 76:         switch(indata){
   170  00FF9E  EFE5  F07F         	goto	l901
   171  00FFA2                     l127:
   172  00FFA2  808A               	bsf	138,0,c	;volatile
   173  00FFA4  928A               	bcf	138,1,c	;volatile
   174  00FFA6  948A               	bcf	138,2,c	;volatile
   175  00FFA8  EFCB  F07F         	goto	l124
   176  00FFAC                     l135:
   177  00FFAC  908A               	bcf	138,0,c	;volatile
   178  00FFAE  828A               	bsf	138,1,c	;volatile
   179  00FFB0  948A               	bcf	138,2,c	;volatile
   180  00FFB2  EFCB  F07F         	goto	l124
   181  00FFB6                     l142:
   182  00FFB6  908A               	bcf	138,0,c	;volatile
   183  00FFB8  928A               	bcf	138,1,c	;volatile
   184  00FFBA  848A               	bsf	138,2,c	;volatile
   185  00FFBC  EFCB  F07F         	goto	l124
   186  00FFC0                     l149:
   187  00FFC0  908A               	bcf	138,0,c	;volatile
   188  00FFC2  928A               	bcf	138,1,c	;volatile
   189  00FFC4  948A               	bcf	138,2,c	;volatile
   190  00FFC6  EFCB  F07F         	goto	l124
   191  00FFCA                     l901:
   192  00FFCA  5005               	movf	_indata^0,w,c
   193  00FFCC  6E03               	movwf	??_main^0,c
   194  00FFCE  6A04               	clrf	(??_main+1)^0,c
   195                           
   196                           ; Switch on 2 bytes has been partitioned into a top level switch of size 1, and 1 sub-sw
      +                          itches
   197                           ; Switch size 1, requested type "simple"
   198                           ; Number of cases is 1, Range of values is 0 to 0
   199                           ; switch strategies available:
   200                           ; Name         Instructions Cycles
   201                           ; simple_byte            4     3 (average)
   202                           ;	Chosen strategy is simple_byte
   203  00FFD0  5004               	movf	(??_main+1)^0,w,c
   204  00FFD2  0A00               	xorlw	0	; case 0
   205  00FFD4  B4D8               	btfsc	status,2,c
   206  00FFD6  EFEF  F07F         	goto	l927
   207  00FFDA  EFE0  F07F         	goto	l149
   208  00FFDE                     l927:
   209                           
   210                           ; Switch size 1, requested type "simple"
   211                           ; Number of cases is 3, Range of values is 49 to 51
   212                           ; switch strategies available:
   213                           ; Name         Instructions Cycles
   214                           ; simple_byte           10     6 (average)
   215                           ;	Chosen strategy is simple_byte
   216  00FFDE  5003               	movf	??_main^0,w,c
   217  00FFE0  0A31               	xorlw	49	; case 49
   218  00FFE2  B4D8               	btfsc	status,2,c
   219  00FFE4  EFD1  F07F         	goto	l127
   220  00FFE8  0A03               	xorlw	3	; case 50
   221  00FFEA  B4D8               	btfsc	status,2,c
   222  00FFEC  EFD6  F07F         	goto	l135
   223  00FFF0  0A01               	xorlw	1	; case 51
   224  00FFF2  B4D8               	btfsc	status,2,c
   225  00FFF4  EFDB  F07F         	goto	l142
   226  00FFF8  EFE0  F07F         	goto	l149
   227  00FFFC  EF00  F000         	goto	start
   228  010000                     __end_of_main:
   229                           	opt callstack 0
   230                           
   231 ;; *************** function _SYSTEM_Initialize *****************
   232 ;; Defined at:
   233 ;;		line 50 in file "mcc_generated_files/mcc.c"
   234 ;; Parameters:    Size  Location     Type
   235 ;;		None
   236 ;; Auto vars:     Size  Location     Type
   237 ;;		None
   238 ;; Return value:  Size  Location     Type
   239 ;;                  1    wreg      void 
   240 ;; Registers used:
   241 ;;		wreg, status,2, cstack
   242 ;; Tracked objects:
   243 ;;		On entry : 0/0
   244 ;;		On exit  : 0/0
   245 ;;		Unchanged: 0/0
   246 ;; Data sizes:     COMRAM   BANK0   BANK1   BANK2   BANK3   BANK4   BANK5   BANK6   BANK7   BANK8   BANK9  BANK10  BANK1
      +1  BANK12  BANK13  BANK14  BANK15
   247 ;;      Params:         0       0       0       0       0       0       0       0       0       0       0       0       
      +0       0       0       0       0
   248 ;;      Locals:         0       0       0       0       0       0       0       0       0       0       0       0       
      +0       0       0       0       0
   249 ;;      Temps:          0       0       0       0       0       0       0       0       0       0       0       0       
      +0       0       0       0       0
   250 ;;      Totals:         0       0       0       0       0       0       0       0       0       0       0       0       
      +0       0       0       0       0
   251 ;;Total ram usage:        0 bytes
   252 ;; Hardware stack levels used:    1
   253 ;; Hardware stack levels required when called:    1
   254 ;; This function calls:
   255 ;;		_OSCILLATOR_Initialize
   256 ;;		_PIN_MANAGER_Initialize
   257 ;;		_SPI1_Initialize
   258 ;; This function is called by:
   259 ;;		_main
   260 ;; This function uses a non-reentrant model
   261 ;;
   262                           
   263                           	psect	text1
   264  00FF28                     __ptext1:
   265                           	opt callstack 0
   266  00FF28                     _SYSTEM_Initialize:
   267                           	opt callstack 29
   268  00FF28                     
   269                           ;mcc_generated_files/mcc.c: 53:     PIN_MANAGER_Initialize();
   270  00FF28  ECA9  F07F         	call	_PIN_MANAGER_Initialize	;wreg free
   271                           
   272                           ;mcc_generated_files/mcc.c: 54:     OSCILLATOR_Initialize();
   273  00FF2C  EC86  F07F         	call	_OSCILLATOR_Initialize	;wreg free
   274                           
   275                           ;mcc_generated_files/mcc.c: 55:     SPI1_Initialize();
   276  00FF30  EC8D  F07F         	call	_SPI1_Initialize	;wreg free
   277  00FF34  0012               	return		;funcret
   278  00FF36                     __end_of_SYSTEM_Initialize:
   279                           	opt callstack 0
   280                           
   281 ;; *************** function _SPI1_Initialize *****************
   282 ;; Defined at:
   283 ;;		line 64 in file "mcc_generated_files/spi1.c"
   284 ;; Parameters:    Size  Location     Type
   285 ;;		None
   286 ;; Auto vars:     Size  Location     Type
   287 ;;		None
   288 ;; Return value:  Size  Location     Type
   289 ;;                  1    wreg      void 
   290 ;; Registers used:
   291 ;;		wreg, status,2
   292 ;; Tracked objects:
   293 ;;		On entry : 0/0
   294 ;;		On exit  : 0/0
   295 ;;		Unchanged: 0/0
   296 ;; Data sizes:     COMRAM   BANK0   BANK1   BANK2   BANK3   BANK4   BANK5   BANK6   BANK7   BANK8   BANK9  BANK10  BANK1
      +1  BANK12  BANK13  BANK14  BANK15
   297 ;;      Params:         0       0       0       0       0       0       0       0       0       0       0       0       
      +0       0       0       0       0
   298 ;;      Locals:         0       0       0       0       0       0       0       0       0       0       0       0       
      +0       0       0       0       0
   299 ;;      Temps:          0       0       0       0       0       0       0       0       0       0       0       0       
      +0       0       0       0       0
   300 ;;      Totals:         0       0       0       0       0       0       0       0       0       0       0       0       
      +0       0       0       0       0
   301 ;;Total ram usage:        0 bytes
   302 ;; Hardware stack levels used:    1
   303 ;; This function calls:
   304 ;;		Nothing
   305 ;; This function is called by:
   306 ;;		_SYSTEM_Initialize
   307 ;; This function uses a non-reentrant model
   308 ;;
   309                           
   310                           	psect	text2
   311  00FF1A                     __ptext2:
   312                           	opt callstack 0
   313  00FF1A                     _SPI1_Initialize:
   314                           	opt callstack 29
   315  00FF1A                     
   316                           ;mcc_generated_files/spi1.c: 69:     SSP1STAT = 0x40;
   317  00FF1A  0E40               	movlw	64
   318  00FF1C  6EC7               	movwf	199,c	;volatile
   319                           
   320                           ;mcc_generated_files/spi1.c: 72:     SSP1CON1 = 0x24;
   321  00FF1E  0E24               	movlw	36
   322  00FF20  6EC6               	movwf	198,c	;volatile
   323                           
   324                           ;mcc_generated_files/spi1.c: 75:     SSP1CON3 = 0x00;
   325  00FF22  0E00               	movlw	0
   326  00FF24  6ECB               	movwf	203,c	;volatile
   327  00FF26  0012               	return		;funcret
   328  00FF28                     __end_of_SPI1_Initialize:
   329                           	opt callstack 0
   330                           
   331 ;; *************** function _PIN_MANAGER_Initialize *****************
   332 ;; Defined at:
   333 ;;		line 55 in file "mcc_generated_files/pin_manager.c"
   334 ;; Parameters:    Size  Location     Type
   335 ;;		None
   336 ;; Auto vars:     Size  Location     Type
   337 ;;		None
   338 ;; Return value:  Size  Location     Type
   339 ;;                  1    wreg      void 
   340 ;; Registers used:
   341 ;;		wreg, status,2
   342 ;; Tracked objects:
   343 ;;		On entry : 0/0
   344 ;;		On exit  : 0/0
   345 ;;		Unchanged: 0/0
   346 ;; Data sizes:     COMRAM   BANK0   BANK1   BANK2   BANK3   BANK4   BANK5   BANK6   BANK7   BANK8   BANK9  BANK10  BANK1
      +1  BANK12  BANK13  BANK14  BANK15
   347 ;;      Params:         0       0       0       0       0       0       0       0       0       0       0       0       
      +0       0       0       0       0
   348 ;;      Locals:         0       0       0       0       0       0       0       0       0       0       0       0       
      +0       0       0       0       0
   349 ;;      Temps:          0       0       0       0       0       0       0       0       0       0       0       0       
      +0       0       0       0       0
   350 ;;      Totals:         0       0       0       0       0       0       0       0       0       0       0       0       
      +0       0       0       0       0
   351 ;;Total ram usage:        0 bytes
   352 ;; Hardware stack levels used:    1
   353 ;; This function calls:
   354 ;;		Nothing
   355 ;; This function is called by:
   356 ;;		_SYSTEM_Initialize
   357 ;; This function uses a non-reentrant model
   358 ;;
   359                           
   360                           	psect	text3
   361  00FF52                     __ptext3:
   362                           	opt callstack 0
   363  00FF52                     _PIN_MANAGER_Initialize:
   364                           	opt callstack 29
   365  00FF52                     
   366                           ;mcc_generated_files/pin_manager.c: 60:     LATE = 0x00;
   367  00FF52  0E00               	movlw	0
   368  00FF54  6E8D               	movwf	141,c	;volatile
   369                           
   370                           ;mcc_generated_files/pin_manager.c: 61:     LATD = 0x00;
   371  00FF56  0E00               	movlw	0
   372  00FF58  6E8C               	movwf	140,c	;volatile
   373                           
   374                           ;mcc_generated_files/pin_manager.c: 62:     LATA = 0x00;
   375  00FF5A  0E00               	movlw	0
   376  00FF5C  6E89               	movwf	137,c	;volatile
   377                           
   378                           ;mcc_generated_files/pin_manager.c: 63:     LATB = 0x00;
   379  00FF5E  0E00               	movlw	0
   380  00FF60  6E8A               	movwf	138,c	;volatile
   381                           
   382                           ;mcc_generated_files/pin_manager.c: 64:     LATC = 0x00;
   383  00FF62  0E00               	movlw	0
   384  00FF64  6E8B               	movwf	139,c	;volatile
   385                           
   386                           ;mcc_generated_files/pin_manager.c: 69:     TRISE = 0x07;
   387  00FF66  0E07               	movlw	7
   388  00FF68  6E96               	movwf	150,c	;volatile
   389  00FF6A                     
   390                           ;mcc_generated_files/pin_manager.c: 70:     TRISA = 0xFF;
   391  00FF6A  6892               	setf	146,c	;volatile
   392                           
   393                           ;mcc_generated_files/pin_manager.c: 71:     TRISB = 0xF8;
   394  00FF6C  0EF8               	movlw	248
   395  00FF6E  6E93               	movwf	147,c	;volatile
   396                           
   397                           ;mcc_generated_files/pin_manager.c: 72:     TRISC = 0xDF;
   398  00FF70  0EDF               	movlw	223
   399  00FF72  6E94               	movwf	148,c	;volatile
   400  00FF74                     
   401                           ;mcc_generated_files/pin_manager.c: 73:     TRISD = 0xFF;
   402  00FF74  6895               	setf	149,c	;volatile
   403  00FF76                     
   404                           ;mcc_generated_files/pin_manager.c: 78:     ANSELD = 0xFF;
   405  00FF76  010F               	movlb	15	; () banked
   406  00FF78  693B               	setf	59,b	;volatile
   407                           
   408                           ;mcc_generated_files/pin_manager.c: 79:     ANSELC = 0xC4;
   409  00FF7A  0EC4               	movlw	196
   410  00FF7C  6F3A               	movwf	58,b	;volatile
   411                           
   412                           ;mcc_generated_files/pin_manager.c: 80:     ANSELB = 0x38;
   413  00FF7E  0E38               	movlw	56
   414  00FF80  6F39               	movwf	57,b	;volatile
   415                           
   416                           ;mcc_generated_files/pin_manager.c: 81:     ANSELE = 0x07;
   417  00FF82  0E07               	movlw	7
   418  00FF84  6F3C               	movwf	60,b	;volatile
   419                           
   420                           ;mcc_generated_files/pin_manager.c: 82:     ANSELA = 0x0F;
   421  00FF86  0E0F               	movlw	15
   422  00FF88  6F38               	movwf	56,b	;volatile
   423                           
   424                           ;mcc_generated_files/pin_manager.c: 87:     WPUB = 0x00;
   425  00FF8A  0E00               	movlw	0
   426  00FF8C  6E61               	movwf	97,c	;volatile
   427  00FF8E                     
   428                           ; BSR set to: 15
   429                           ;mcc_generated_files/pin_manager.c: 88:     INTCON2bits.nRBPU = 1;
   430  00FF8E  8EF1               	bsf	241,7,c	;volatile
   431  00FF90                     
   432                           ; BSR set to: 15
   433  00FF90  0012               	return		;funcret
   434  00FF92                     __end_of_PIN_MANAGER_Initialize:
   435                           	opt callstack 0
   436                           
   437 ;; *************** function _OSCILLATOR_Initialize *****************
   438 ;; Defined at:
   439 ;;		line 58 in file "mcc_generated_files/mcc.c"
   440 ;; Parameters:    Size  Location     Type
   441 ;;		None
   442 ;; Auto vars:     Size  Location     Type
   443 ;;		None
   444 ;; Return value:  Size  Location     Type
   445 ;;                  1    wreg      void 
   446 ;; Registers used:
   447 ;;		wreg, status,2
   448 ;; Tracked objects:
   449 ;;		On entry : 0/0
   450 ;;		On exit  : 0/0
   451 ;;		Unchanged: 0/0
   452 ;; Data sizes:     COMRAM   BANK0   BANK1   BANK2   BANK3   BANK4   BANK5   BANK6   BANK7   BANK8   BANK9  BANK10  BANK1
      +1  BANK12  BANK13  BANK14  BANK15
   453 ;;      Params:         0       0       0       0       0       0       0       0       0       0       0       0       
      +0       0       0       0       0
   454 ;;      Locals:         0       0       0       0       0       0       0       0       0       0       0       0       
      +0       0       0       0       0
   455 ;;      Temps:          0       0       0       0       0       0       0       0       0       0       0       0       
      +0       0       0       0       0
   456 ;;      Totals:         0       0       0       0       0       0       0       0       0       0       0       0       
      +0       0       0       0       0
   457 ;;Total ram usage:        0 bytes
   458 ;; Hardware stack levels used:    1
   459 ;; This function calls:
   460 ;;		Nothing
   461 ;; This function is called by:
   462 ;;		_SYSTEM_Initialize
   463 ;; This function uses a non-reentrant model
   464 ;;
   465                           
   466                           	psect	text4
   467  00FF0C                     __ptext4:
   468                           	opt callstack 0
   469  00FF0C                     _OSCILLATOR_Initialize:
   470                           	opt callstack 29
   471  00FF0C                     
   472                           ;mcc_generated_files/mcc.c: 61:     OSCCON = 0x62;
   473  00FF0C  0E62               	movlw	98
   474  00FF0E  6ED3               	movwf	211,c	;volatile
   475                           
   476                           ;mcc_generated_files/mcc.c: 63:     OSCCON2 = 0x04;
   477  00FF10  0E04               	movlw	4
   478  00FF12  6ED2               	movwf	210,c	;volatile
   479                           
   480                           ;mcc_generated_files/mcc.c: 65:     OSCTUNE = 0x00;
   481  00FF14  0E00               	movlw	0
   482  00FF16  6E9B               	movwf	155,c	;volatile
   483  00FF18  0012               	return		;funcret
   484  00FF1A                     __end_of_OSCILLATOR_Initialize:
   485                           	opt callstack 0
   486                           
   487 ;; *************** function _SPI1_Exchange8bit *****************
   488 ;; Defined at:
   489 ;;		line 78 in file "mcc_generated_files/spi1.c"
   490 ;; Parameters:    Size  Location     Type
   491 ;;  data            1    wreg     unsigned char 
   492 ;; Auto vars:     Size  Location     Type
   493 ;;  data            1    1[COMRAM] unsigned char 
   494 ;;  dummyRead       1    0        unsigned char 
   495 ;; Return value:  Size  Location     Type
   496 ;;                  1    wreg      unsigned char 
   497 ;; Registers used:
   498 ;;		wreg, status,2
   499 ;; Tracked objects:
   500 ;;		On entry : 0/0
   501 ;;		On exit  : 0/0
   502 ;;		Unchanged: 0/0
   503 ;; Data sizes:     COMRAM   BANK0   BANK1   BANK2   BANK3   BANK4   BANK5   BANK6   BANK7   BANK8   BANK9  BANK10  BANK1
      +1  BANK12  BANK13  BANK14  BANK15
   504 ;;      Params:         0       0       0       0       0       0       0       0       0       0       0       0       
      +0       0       0       0       0
   505 ;;      Locals:         2       0       0       0       0       0       0       0       0       0       0       0       
      +0       0       0       0       0
   506 ;;      Temps:          0       0       0       0       0       0       0       0       0       0       0       0       
      +0       0       0       0       0
   507 ;;      Totals:         2       0       0       0       0       0       0       0       0       0       0       0       
      +0       0       0       0       0
   508 ;;Total ram usage:        2 bytes
   509 ;; Hardware stack levels used:    1
   510 ;; This function calls:
   511 ;;		Nothing
   512 ;; This function is called by:
   513 ;;		_main
   514 ;;		_SPI1_Exchange8bitBuffer
   515 ;; This function uses a non-reentrant model
   516 ;;
   517                           
   518                           	psect	text5
   519  00FF36                     __ptext5:
   520                           	opt callstack 0
   521  00FF36                     _SPI1_Exchange8bit:
   522                           	opt callstack 30
   523                           
   524                           ;incstack = 0
   525                           ;SPI1_Exchange8bit@data stored from wreg
   526  00FF36  6E02               	movwf	SPI1_Exchange8bit@data^0,c
   527  00FF38  50C9               	movf	201,w,c	;volatile
   528                           
   529                           ;mcc_generated_files/spi1.c: 83:     SSP1CON1bits.WCOL = 0;
   530  00FF3A  9EC6               	bcf	198,7,c	;volatile
   531  00FF3C                     
   532                           ;mcc_generated_files/spi1.c: 85:     SSP1BUF = data;
   533  00FF3C  C002  FFC9         	movff	SPI1_Exchange8bit@data,4041	;volatile
   534  00FF40                     l18:
   535                           
   536                           ;mcc_generated_files/spi1.c: 87:     while(SSP1STATbits.BF == 0x0)
   537  00FF40  A0C7               	btfss	199,0,c	;volatile
   538  00FF42  EFA5  F07F         	goto	u11
   539  00FF46  EFA7  F07F         	goto	u10
   540  00FF4A                     u11:
   541  00FF4A  EFA0  F07F         	goto	l18
   542  00FF4E                     u10:
   543  00FF4E                     
   544                           ;mcc_generated_files/spi1.c: 91:     return (SSP1BUF);
   545  00FF4E  50C9               	movf	201,w,c	;volatile
   546  00FF50  0012               	return		;funcret
   547  00FF52                     __end_of_SPI1_Exchange8bit:
   548                           	opt callstack 0
   549  0000                     
   550                           	psect	rparam
   551  0000                     tosu	equ	0xFFF
   552                           tosh	equ	0xFFE
   553                           tosl	equ	0xFFD
   554                           stkptr	equ	0xFFC
   555                           pclatu	equ	0xFFB
   556                           pclath	equ	0xFFA
   557                           pcl	equ	0xFF9
   558                           tblptru	equ	0xFF8
   559                           tblptrh	equ	0xFF7
   560                           tblptrl	equ	0xFF6
   561                           tablat	equ	0xFF5
   562                           prodh	equ	0xFF4
   563                           prodl	equ	0xFF3
   564                           indf0	equ	0xFEF
   565                           postinc0	equ	0xFEE
   566                           postdec0	equ	0xFED
   567                           preinc0	equ	0xFEC
   568                           plusw0	equ	0xFEB
   569                           fsr0h	equ	0xFEA
   570                           fsr0l	equ	0xFE9
   571                           wreg	equ	0xFE8
   572                           indf1	equ	0xFE7
   573                           postinc1	equ	0xFE6
   574                           postdec1	equ	0xFE5
   575                           preinc1	equ	0xFE4
   576                           plusw1	equ	0xFE3
   577                           fsr1h	equ	0xFE2
   578                           fsr1l	equ	0xFE1
   579                           bsr	equ	0xFE0
   580                           indf2	equ	0xFDF
   581                           postinc2	equ	0xFDE
   582                           postdec2	equ	0xFDD
   583                           preinc2	equ	0xFDC
   584                           plusw2	equ	0xFDB
   585                           fsr2h	equ	0xFDA
   586                           fsr2l	equ	0xFD9
   587                           status	equ	0xFD8


Data Sizes:
    Strings     0
    Constant    0
    Data        0
    BSS         0
    Persistent  1
    Stack       0

Auto Spaces:
    Space          Size  Autos    Used
    COMRAM           95      4       5
    BANK0           160      0       0
    BANK1           256      0       0
    BANK2           256      0       0
    BANK3           256      0       0
    BANK4           256      0       0
    BANK5           256      0       0
    BANK6           256      0       0
    BANK7           256      0       0
    BANK8           256      0       0
    BANK9           256      0       0
    BANK10          256      0       0
    BANK11          256      0       0
    BANK12          256      0       0
    BANK13          256      0       0
    BANK14          256      0       0
    BANK15           56      0       0

Pointer List with Targets:

    None.

Critical Paths under _main in COMRAM

    _main->_SPI1_Exchange8bit

Critical Paths under _main in BANK0

    None.

Critical Paths under _main in BANK1

    None.

Critical Paths under _main in BANK2

    None.

Critical Paths under _main in BANK3

    None.

Critical Paths under _main in BANK4

    None.

Critical Paths under _main in BANK5

    None.

Critical Paths under _main in BANK6

    None.

Critical Paths under _main in BANK7

    None.

Critical Paths under _main in BANK8

    None.

Critical Paths under _main in BANK9

    None.

Critical Paths under _main in BANK10

    None.

Critical Paths under _main in BANK11

    None.

Critical Paths under _main in BANK12

    None.

Critical Paths under _main in BANK13

    None.

Critical Paths under _main in BANK14

    None.

Critical Paths under _main in BANK15

    None.

Call Graph Tables:

 ---------------------------------------------------------------------------------
 (Depth) Function   	        Calls       Base Space   Used Autos Params    Refs
 ---------------------------------------------------------------------------------
 (0) _main                                                 2     2      0      15
                                              2 COMRAM     2     2      0
                  _SPI1_Exchange8bit
                  _SYSTEM_Initialize
 ---------------------------------------------------------------------------------
 (1) _SYSTEM_Initialize                                    0     0      0       0
              _OSCILLATOR_Initialize
             _PIN_MANAGER_Initialize
                    _SPI1_Initialize
 ---------------------------------------------------------------------------------
 (2) _SPI1_Initialize                                      0     0      0       0
 ---------------------------------------------------------------------------------
 (2) _PIN_MANAGER_Initialize                               0     0      0       0
 ---------------------------------------------------------------------------------
 (2) _OSCILLATOR_Initialize                                0     0      0       0
 ---------------------------------------------------------------------------------
 (1) _SPI1_Exchange8bit                                    2     2      0      15
                                              0 COMRAM     2     2      0
 ---------------------------------------------------------------------------------
 Estimated maximum stack depth 2
 ---------------------------------------------------------------------------------

 Call Graph Graphs:

 _main (ROOT)
   _SPI1_Exchange8bit
   _SYSTEM_Initialize
     _OSCILLATOR_Initialize
     _PIN_MANAGER_Initialize
     _SPI1_Initialize

 Address spaces:
Name               Size   Autos  Total    Cost      Usage
BITCOMRAM           5F      0       0       0        0.0%
EEDATA             400      0       0       0        0.0%
NULL                 0      0       0       0        0.0%
CODE                 0      0       0       0        0.0%
COMRAM              5F      4       5       1        5.3%
STACK                0      0       0       2        0.0%
DATA                 0      0       5       3        0.0%
BITBANK0            A0      0       0       4        0.0%
BANK0               A0      0       0       5        0.0%
BITBANK1           100      0       0       6        0.0%
BANK1              100      0       0       7        0.0%
BITBANK2           100      0       0       8        0.0%
BANK2              100      0       0       9        0.0%
BITBANK3           100      0       0      10        0.0%
BANK3              100      0       0      11        0.0%
ABS                  0      0       5      12        0.0%
BITBANK4           100      0       0      13        0.0%
BANK4              100      0       0      14        0.0%
BITBANK5           100      0       0      15        0.0%
BANK5              100      0       0      16        0.0%
BITBANK6           100      0       0      17        0.0%
BANK6              100      0       0      18        0.0%
BITBANK7           100      0       0      19        0.0%
BANK7              100      0       0      20        0.0%
BITBANK8           100      0       0      21        0.0%
BANK8              100      0       0      22        0.0%
BITBANK9           100      0       0      23        0.0%
BANK9              100      0       0      24        0.0%
BITBANK10          100      0       0      25        0.0%
BANK10             100      0       0      26        0.0%
BITBANK11          100      0       0      27        0.0%
BANK11             100      0       0      28        0.0%
BITBANK12          100      0       0      29        0.0%
BANK12             100      0       0      30        0.0%
BITBANK13          100      0       0      31        0.0%
BANK13             100      0       0      32        0.0%
BITBANK14          100      0       0      33        0.0%
BANK14             100      0       0      34        0.0%
BITBANK15           38      0       0      35        0.0%
BANK15              38      0       0      36        0.0%
BIGRAM             F37      0       0      37        0.0%
BITSFR_1             0      0       0     200        0.0%
SFR_1                0      0       0     200        0.0%
BITSFR               0      0       0     200        0.0%
SFR                  0      0       0     200        0.0%


Microchip Technology PIC18 Macro Assembler V2.10 build 88905656 
Symbol Table                                                                                   Mon Nov 11 17:16:47 2019

              _SPI1_Exchange8bit FF36               ?_SPI1_Exchange8bit 0001  
                             l20 FF4E                               l21 FF50  
                             l15 FF26                               l18 FF40  
                             l66 FF34                               l69 FF18  
                             u10 FF4E                               u11 FF4A  
                   __CFG_CP0$OFF 000000                     __CFG_CP1$OFF 000000  
                   __CFG_CP2$OFF 000000                     __CFG_CP3$OFF 000000  
                    __CFG_LVP$ON 000000                              l131 FFA6  
                            l108 FF90                              l124 FF96  
                            l142 FFB6                              l151 FFC2  
                            l135 FFAC                              l127 FFA2  
                            l144 FFB8                              l153 FFC4  
                            l137 FFAE                              l129 FFA4  
                            l146 FFBA                              l139 FFB0  
                            l149 FFC0                              l901 FFCA  
                            l841 FF76                              l833 FF1A  
                            l843 FF8E                              l835 FF52  
                            l851 FF28                              l845 FF0C  
                            l837 FF6A                              l847 FF38  
                            l839 FF74                              l927 FFDE  
                            l849 FF3C                              l897 FF92  
                   __CFG_CPB$OFF 000000                     __CFG_CPD$OFF 000000  
            ??_SPI1_Exchange8bit 0001                             _LATA 000F89  
                           _LATB 000F8A                             _LATC 000F8B  
                           _LATD 000F8C                             _LATE 000F8D  
                           _WPUB 000F61                             _main FF92  
                  __CFG_BORV$190 000000                             start 0000  
      __end_of_SPI1_Exchange8bit FF52                    __CFG_IESO$OFF 000000  
                   ___param_bank 000000   __size_of_OSCILLATOR_Initialize 000E  
  __end_of_OSCILLATOR_Initialize FF1A                            ?_main 0001  
                 __CFG_DEBUG$OFF 000000                            _TRISA 000F92  
                          _TRISB 000F93                            _TRISC 000F94  
                          _TRISD 000F95                            _TRISE 000F96  
                  __CFG_WRT0$OFF 000000                    __CFG_WRT1$OFF 000000  
                  __CFG_WRT2$OFF 000000                    __CFG_WRT3$OFF 000000  
                 __CFG_EBTR0$OFF 000000                   __CFG_FCMEN$OFF 000000  
                 __CFG_EBTR1$OFF 000000                   __CFG_EBTR2$OFF 000000  
                 __CFG_EBTR3$OFF 000000                    __CFG_WRTB$OFF 000000  
                  __CFG_WRTC$OFF 000000                    __CFG_WRTD$OFF 000000  
                 __CFG_EBTRB$OFF 000000               __CFG_MCLRE$EXTMCLR 000000  
                          status 000FD8                   __CFG_HFOFST$ON 000000  
       __size_of_SPI1_Initialize 000E                   __CFG_PBADEN$ON 000000  
                __initialization FF02                     __end_of_main 0000  
                         ??_main 0003                    __activetblptr 000002  
                         _ANSELA 000F38                           _ANSELB 000F39  
                         _ANSELC 000F3A                           _ANSELD 000F3B  
                         _ANSELE 000F3C                   __CFG_WDTEN$OFF 000000  
                         _OSCCON 000FD3            SPI1_Exchange8bit@data 0002  
     __size_of_SPI1_Exchange8bit 001C                   __CFG_XINST$OFF 000000  
                 __CFG_STVREN$ON 000000                           _indata 0005  
                         tblptru 000FF8                _SYSTEM_Initialize FF28  
                     __accesstop 0060          __end_of__initialization FF02  
             ?_SYSTEM_Initialize 0001                    ___rparam_used 000001  
                 __pcstackCOMRAM 0001              ??_SYSTEM_Initialize 0001  
              ??_SPI1_Initialize 0001        __end_of_SYSTEM_Initialize FF36  
                __CFG_PLLCFG$OFF 000000                       __pnvCOMRAM 0005  
             __CFG_CCP2MX$PORTC1 000000               __CFG_CCP3MX$PORTB5 000000  
                        _OSCCON2 000FD2                          _OSCTUNE 000F9B  
                        _SSP1BUF 000FC9                  __CFG_PWRTEN$OFF 000000  
                        __Hparam 0000                          __Lparam 0000  
                        __pcinit FF02                          __ramtop 1000  
                        __ptext0 FF92                          __ptext1 FF28  
                        __ptext2 FF1A                          __ptext3 FF52  
                        __ptext4 FF0C                          __ptext5 FF36  
          _OSCILLATOR_Initialize FF0C         ??_PIN_MANAGER_Initialize 0001  
     __size_of_SYSTEM_Initialize 000E             end_of_initialization FF02  
                  __Lmediumconst 0000                  _SPI1_Initialize FF1A  
         ?_OSCILLATOR_Initialize 0001              start_initialization FF02  
__size_of_PIN_MANAGER_Initialize 0040          __end_of_SPI1_Initialize FF28  
         _PIN_MANAGER_Initialize FF52                 __CFG_PRICLKEN$ON 000000  
                       _LATBbits 000F8A                 __CFG_WDTPS$32768 000000  
                       _SSP1CON1 000FC6                         _SSP1CON3 000FCB  
                       _SSP1STAT 000FC7                 ?_SPI1_Initialize 0001  
                    _INTCON2bits 000FF1                         __Hrparam 0000  
                       __Lrparam 0000               __CFG_BOREN$SBORDIS 000000  
              __CFG_P2BMX$PORTD2 000000          ??_OSCILLATOR_Initialize 0001  
                   _SSP1CON1bits 000FC6                    __size_of_main 006E  
                   _SSP1STATbits 000FC7                       _INTCONbits 000FF2  
        ?_PIN_MANAGER_Initialize 0001                __CFG_T3CMX$PORTC0 000000  
 __end_of_PIN_MANAGER_Initialize FF92                __CFG_FOSC$INTIO67 000000  
